#
# A fatal error has been detected by the Java Runtime Environment:
#
#  SIGSEGV (0xb) at pc=0x00007fff919f30d7, pid=1672, tid=1299
#
# JRE version: Java(TM) SE Runtime Environment (8.0_45-b14) (build 1.8.0_45-b14)
# Java VM: Java HotSpot(TM) 64-Bit Server VM (25.45-b02 mixed mode bsd-amd64 compressed oops)
# Problematic frame:
# C  [libobjc.A.dylib+0x10d7]  objc_msgSend+0x17
#
# Failed to write core dump. Core dumps have been disabled. To enable core dumping, try "ulimit -c unlimited" before starting Java again
#
# If you would like to submit a bug report, please visit:
#   http://bugreport.java.com/bugreport/crash.jsp
# The crash happened outside the Java Virtual Machine in native code.
# See problematic frame for where to report the bug.
#

---------------  T H R E A D  ---------------

Current thread (0x00007fe0cc075000):  JavaThread "AppKit Thread" daemon [_thread_in_native, id=1299, stack(0x00007fff5e088000,0x00007fff5e888000)]

siginfo: si_signo: 11 (SIGSEGV), si_code: 1 (SEGV_MAPERR), si_addr: 0x0000000122d5f5c8

Registers:
RAX=0x0000000000000048, RBX=0x00007fe0bc163d10, RCX=0x00007fff7447b718, RDX=0x00007fe0bb4df678
RSP=0x00007fff5e882d48, RBP=0x00007fff5e882d70, RSI=0x00007fff859e0fed, RDI=0x0000000122d5f5c8
R8 =0x00000000000000ff, R9 =0x00007fe0bc163620, R10=0x00007fe0cca376d0, R11=0x00007ffffffffff8
R12=0x00007fe0bc163d10, R13=0xffff801f43e9c2f0, R14=0x00007fff919f30c0, R15=0x00007fff75ce3600
RIP=0x00007fff919f30d7, EFLAGS=0x0000000000010246, ERR=0x0000000000000004
  TRAPNO=0x000000000000000e

Top of Stack: (sp=0x00007fff5e882d48)
0x00007fff5e882d48:   0000000122da7f97 0000000101393000
0x00007fff5e882d58:   00007fe0be950a00 0000000000000701
0x00007fff5e882d68:   0000000000000001 00007fff5e882de0
0x00007fff5e882d78:   00007fff91a1389c 0000000000000000
0x00007fff5e882d88:   00007fff75ce3610 00000001bc268de0
0x00007fff5e882d98:   0000000000000001 ffff801f43e9c2f0
0x00007fff5e882da8:   00007fe0be950a00 00007fe0be951800
0x00007fff5e882db8:   0000000000000038 0000000000000000
0x00007fff5e882dc8:   ffff801f43d97260 00007fe0bc268da0
0x00007fff5e882dd8:   00007fff919f30c0 00007fff5e882e20
0x00007fff5e882de8:   00007fff882a5dfd 00007fff5e882e20
0x00007fff5e882df8:   00007fff91a14225 0000000000000e01
0x00007fff5e882e08:   00007fe0bc268da0 0000000000000001
0x00007fff5e882e18:   00007fff75ce3c80 00007fff5e882e90
0x00007fff5e882e28:   00007fff91a1389c 00007fff7447c488
0x00007fff5e882e38:   00007fff75ce3c90 000000015e882e90
0x00007fff5e882e48:   00007fff882a59be ffff801f43d97260
0x00007fff5e882e58:   00007fe0d7cf2060 00007fe0d7cf2800
0x00007fff5e882e68:   0000000000000005 000000000000000d
0x00007fff5e882e78:   00007fff88aaea3c 00007fe0bc04cc50
0x00007fff5e882e88:   00007fff88abc1c7 00007fff5e882ec0
0x00007fff5e882e98:   00007fff882ef1b4 00007fff919f30c0
0x00007fff5e882ea8:   00007fe0bc080d90 00007fff919f30c0
0x00007fff5e882eb8:   00000000000000d0 00007fff5e882fd0
0x00007fff5e882ec8:   0000000122db13d0 0000000000000000
0x00007fff5e882ed8:   00007fe0bc080d90 ffffffffffffffff
0x00007fff5e882ee8:   00007fe0bc268430 00007fe0bc081210
0x00007fff5e882ef8:   0000000000000000 0000000000000000
0x00007fff5e882f08:   0000000000000000 0000000000000000
0x00007fff5e882f18:   0000000000000000 00007fff74449ee0
0x00007fff5e882f28:   00007fe0bc087400 00007fff74ef32a8
0x00007fff5e882f38:   0000000000000000 00007fff5e882f50 

Instructions: (pc=0x00007fff919f30d7)
0x00007fff919f30b7:   00 0f 1f 84 00 00 00 00 00 48 85 ff 2e 74 7a 40
0x00007fff919f30c7:   f6 c7 01 2e 75 7e 49 bb f8 ff ff ff ff 7f 00 00
0x00007fff919f30d7:   4c 23 1f 49 89 f2 45 23 53 18 49 c1 e2 04 4d 03
0x00007fff919f30e7:   53 10 49 3b 32 75 04 41 ff 62 08 49 83 3a 00 74 

Register to memory mapping:

RAX=0x0000000000000048 is an unknown value
RBX=0x00007fe0bc163d10 is an unknown value
RCX=0x00007fff7447b718: OBJC_CLASS_$___NSCFString+0 in /System/Library/Frameworks/CoreFoundation.framework/Versions/A/CoreFoundation at 0x00007fff877dd000
RDX=0x00007fe0bb4df678 is an unknown value
RSP=0x00007fff5e882d48 is pointing into the stack for thread: 0x00007fe0cc075000
RBP=0x00007fff5e882d70 is pointing into the stack for thread: 0x00007fe0cc075000
RSI=0x00007fff859e0fed: kFigMPEG2MetadataDescriptor+0xb7f0d in /System/Library/Frameworks/MediaToolbox.framework/Versions/A/MediaToolbox at 0x00007fff854f7000
RDI=0x0000000122d5f5c8 is an unknown value
R8 =0x00000000000000ff is an unknown value
R9 =0x00007fe0bc163620 is an unknown value
R10=0x00007fe0cca376d0 is an unknown value
R11=0x00007ffffffffff8 is an unknown value
R12=0x00007fe0bc163d10 is an unknown value
R13=0xffff801f43e9c2f0 is an unknown value
R14=0x00007fff919f30c0: objc_msgSend+0 in /usr/lib/libobjc.A.dylib at 0x00007fff919f2000
R15=0x00007fff75ce3600: _ZN12_GLOBAL__N_19SideTable9table_bufE+0x780 in /usr/lib/libobjc.A.dylib at 0x00007fff919f2000


Stack: [0x00007fff5e088000,0x00007fff5e888000],  sp=0x00007fff5e882d48,  free space=8171k
Native frames: (J=compiled Java code, j=interpreted, Vv=VM code, C=native code)
C  [libobjc.A.dylib+0x10d7]  objc_msgSend+0x17
C  [libobjc.A.dylib+0x2189c]  _ZN11objc_object17sidetable_releaseEb+0xec
C  [AppKit+0x1bfdfd]  -[NSMenuItem dealloc]+0xef
C  [libobjc.A.dylib+0x2189c]  _ZN11objc_object17sidetable_releaseEb+0xec
C  [AppKit+0x2091b4]  -[NSPopUpButtonCell removeAllItems]+0x3b
C  [PrintCocoaUI+0xb3d0]
C  [PrintCocoaUI+0x1cbf1]  CreateDefaultFileName+0xc419
C  [PrintCocoaUI+0x1c32a]  CreateDefaultFileName+0xbb52
C  [libsystem_trace.dylib+0xcd7]  _os_activity_initiate+0x4b
C  [AppKit+0x254fb1]  -[NSApplication sendAction:to:from:]+0x1c4
C  [AppKit+0x26aa46]  -[NSControl sendAction:to:]+0x56
C  [AppKit+0x26a962]  __26-[NSCell _sendActionFrom:]_block_invoke+0x83
C  [libsystem_trace.dylib+0xcd7]  _os_activity_initiate+0x4b
C  [AppKit+0x26a8bf]  -[NSCell _sendActionFrom:]+0x90
C  [libsystem_trace.dylib+0xcd7]  _os_activity_initiate+0x4b
C  [AppKit+0x268db3]  -[NSCell trackMouse:inRect:ofView:untilMouseUp:]+0xb05
C  [AppKit+0x2c145f]  -[NSButtonCell trackMouse:inRect:ofView:untilMouseUp:]+0x302
C  [AppKit+0x267466]  -[NSControl mouseDown:]+0x2ca
C  [AppKit+0x7d12fc]  -[NSWindow _reallySendEvent:isDelayedEvent:]+0x372d
C  [AppKit+0x160d76]  -[NSWindow sendEvent:]+0x1d6
C  [AppKit+0x15d312]  -[NSApplication sendEvent:]+0x9c8
C  [libosxapp.dylib+0x23ac]  -[NSApplicationAWT sendEvent:]+0x109
C  [AppKit+0x25c9ef]  -[NSApplication _realDoModalLoop:peek:]+0x302
C  [AppKit+0x258f76]  -[NSApplication runModalForWindow:]+0x77
C  [AppKit+0x6804b3]  -[NSPrintPanel runModalWithPrintInfo:]+0x1f2
C  [libawt_lwawt.dylib+0x3ff55]  __-[PrintModel runJobSetup]_block_invoke_1+0x95
C  [JavaNativeFoundation+0x653d]  +[JNFRunLoop _performDirectBlock:]+0xc
C  [Foundation+0x92d00]  __NSThreadPerformPerform+0x125
C  [CoreFoundation+0x80a01]  __CFRUNLOOP_IS_CALLING_OUT_TO_A_SOURCE0_PERFORM_FUNCTION__+0x11
C  [CoreFoundation+0x72b8d]  __CFRunLoopDoSources0+0x10d
C  [CoreFoundation+0x721bf]  __CFRunLoopRun+0x39f
C  [CoreFoundation+0x71bd8]  CFRunLoopRunSpecific+0x128
C  [HIToolbox+0x3256f]  RunCurrentEventLoopInMode+0xeb
C  [HIToolbox+0x322ea]  ReceiveNextEventCommon+0x1af
C  [HIToolbox+0x3212b]  _BlockUntilNextEventMatchingListInModeWithFilter+0x47
C  [AppKit+0x919bb]  _DPSNextEvent+0x3d2
C  [AppKit+0x90f68]  -[NSApplication nextEventMatchingMask:untilDate:inMode:dequeue:]+0x15a
C  [libosxapp.dylib+0x242a]  -[NSApplicationAWT nextEventMatchingMask:untilDate:inMode:dequeue:]+0x7c
C  [AppKit+0x86bf3]  -[NSApplication run]+0x252
C  [libosxapp.dylib+0x223e]  +[NSApplicationAWT runAWTLoopWithApp:]+0x9c
C  [libawt_lwawt.dylib+0x4462b]  -[AWTStarter starter:]+0x389
C  [Foundation+0x92d00]  __NSThreadPerformPerform+0x125
C  [CoreFoundation+0x80a01]  __CFRUNLOOP_IS_CALLING_OUT_TO_A_SOURCE0_PERFORM_FUNCTION__+0x11
C  [CoreFoundation+0x72b8d]  __CFRunLoopDoSources0+0x10d
C  [CoreFoundation+0x721bf]  __CFRunLoopRun+0x39f
C  [CoreFoundation+0x71bd8]  CFRunLoopRunSpecific+0x128
C  [java+0x6490]  CreateExecutionEnvironment+0x367
C  [java+0x221c]  JLI_Launch+0x7a0
C  [java+0x84ed]  main+0x65
C  [java+0x1a74]  start+0x34
C  0x0000000000000003


---------------  P R O C E S S  ---------------

Java Threads: ( => current thread )
  0x00007fe0d7bb6800 JavaThread "Thread-10" [_thread_in_native, id=37695, stack(0x0000000128ced000,0x0000000128ded000)]
  0x00007fe0be07b000 JavaThread "Thread-9" [_thread_blocked, id=68247, stack(0x00000001265f3000,0x00000001266f3000)]
  0x00007fe0be3b3800 JavaThread "process reaper" daemon [_thread_blocked, id=63431, stack(0x0000000123930000,0x0000000123958000)]
  0x00007fe0ccdb9800 JavaThread "Keep-Alive-Timer" daemon [_thread_blocked, id=68355, stack(0x000000012ac14000,0x000000012ad14000)]
  0x00007fe0be8cf800 JavaThread "Thread-5" daemon [_thread_blocked, id=62867, stack(0x000000012a5a6000,0x000000012a6a6000)]
  0x00007fe0cca97800 JavaThread "Ebean-ovceDB.0" daemon [_thread_blocked, id=56107, stack(0x0000000122f14000,0x0000000123014000)]
  0x00007fe0cb9ab800 JavaThread "EbeanBackgroundThread" daemon [_thread_blocked, id=56347, stack(0x0000000122bee000,0x0000000122cee000)]
  0x00007fe0cc170000 JavaThread "TimerQueue" daemon [_thread_blocked, id=60839, stack(0x0000000122a89000,0x0000000122b89000)]
  0x00007fe0cb902800 JavaThread "DestroyJavaVM" [_thread_blocked, id=4867, stack(0x00000001014c1000,0x00000001015c1000)]
  0x00007fe0cb915800 JavaThread "AWT-EventQueue-0" [_thread_blocked, id=52999, stack(0x0000000121c0f000,0x0000000121d0f000)]
  0x00007fe0cca1b000 JavaThread "Java2D Disposer" daemon [_thread_blocked, id=51211, stack(0x0000000121895000,0x0000000121995000)]
  0x00007fe0cb872000 JavaThread "Java2D Queue Flusher" daemon [_thread_blocked, id=49927, stack(0x0000000121716000,0x0000000121816000)]
  0x00007fe0cc89e000 JavaThread "AWT-Shutdown" [_thread_blocked, id=28435, stack(0x000000011eb3b000,0x000000011ec3b000)]
=>0x00007fe0cc075000 JavaThread "AppKit Thread" daemon [_thread_in_native, id=1299, stack(0x00007fff5e088000,0x00007fff5e888000)]
  0x00007fe0cc023800 JavaThread "Service Thread" daemon [_thread_blocked, id=18179, stack(0x000000011d069000,0x000000011d169000)]
  0x00007fe0cc800000 JavaThread "C1 CompilerThread2" daemon [_thread_blocked, id=17667, stack(0x000000011cf66000,0x000000011d066000)]
  0x00007fe0cc008800 JavaThread "C2 CompilerThread1" daemon [_thread_blocked, id=17155, stack(0x000000011ce63000,0x000000011cf63000)]
  0x00007fe0cc006800 JavaThread "C2 CompilerThread0" daemon [_thread_blocked, id=16643, stack(0x000000011cd60000,0x000000011ce60000)]
  0x00007fe0cd076800 JavaThread "Signal Dispatcher" daemon [_thread_blocked, id=13331, stack(0x000000011cc5d000,0x000000011cd5d000)]
  0x00007fe0cc005000 JavaThread "Finalizer" daemon [_thread_blocked, id=11523, stack(0x000000011b254000,0x000000011b354000)]
  0x00007fe0cc004800 JavaThread "Reference Handler" daemon [_thread_blocked, id=11011, stack(0x000000011b151000,0x000000011b251000)]

Other Threads:
  0x00007fe0cd051800 VMThread [stack: 0x000000011b04e000,0x000000011b14e000] [id=10499]
  0x00007fe0cc024000 WatcherThread [stack: 0x000000011d16c000,0x000000011d26c000] [id=18691]

VM state:not at safepoint (normal execution)

VM Mutex/Monitor currently owned by a thread: None

Heap:
 PSYoungGen      total 123392K, used 102917K [0x0000000780000000, 0x0000000788680000, 0x00000007c0000000)
  eden space 118272K, 85% used [0x0000000780000000,0x0000000786231428,0x0000000787380000)
  from space 5120K, 46% used [0x0000000788180000,0x00000007883d0000,0x0000000788680000)
  to   space 9728K, 0% used [0x0000000787380000,0x0000000787380000,0x0000000787d00000)
 ParOldGen       total 78848K, used 15500K [0x0000000700000000, 0x0000000704d00000, 0x0000000780000000)
  object space 78848K, 19% used [0x0000000700000000,0x0000000700f231c0,0x0000000704d00000)
 Metaspace       used 44498K, capacity 45010K, committed 45184K, reserved 1089536K
  class space    used 4492K, capacity 4616K, committed 4736K, reserved 1048576K

Card table byte_map: [0x000000011215e000,0x000000011275f000] byte_map_base: 0x000000010e95e000

Marking Bits: (ParMarkBitMap*) 0x00000001026c27a0
 Begin Bits: [0x0000000112f6b000, 0x0000000115f6b000)
 End Bits:   [0x0000000115f6b000, 0x0000000118f6b000)

Polling page: 0x00000001015d1000

CodeCache: size=245760Kb used=26529Kb max_used=27220Kb free=219230Kb
 bounds [0x0000000102d9e000, 0x000000010489e000, 0x0000000111d9e000]
 total_blobs=7506 nmethods=6821 adapters=595
 compilation: enabled

Compilation events (10 events):
Event: 256.594 Thread 0x00007fe0cc800000 8524   !   3       java.io.PrintStream::write (69 bytes)
Event: 256.594 Thread 0x00007fe0cc800000 nmethod 8524 0x00000001039c4990 code [0x00000001039c4b60, 0x00000001039c52d8]
Event: 256.613 Thread 0x00007fe0cc800000 8525       3       java.net.URI$Parser::scan (73 bytes)
Event: 256.614 Thread 0x00007fe0cc800000 nmethod 8525 0x00000001037ab390 code [0x00000001037ab560, 0x00000001037abc88]
Event: 256.654 Thread 0x00007fe0cc800000 8526       3       javax.swing.AbstractButton::getUI (8 bytes)
Event: 256.655 Thread 0x00007fe0cc800000 nmethod 8526 0x0000000103061050 code [0x00000001030611c0, 0x0000000103061410]
Event: 256.655 Thread 0x00007fe0cc800000 8527       3       javax.swing.plaf.basic.BasicLookAndFeel::getUIOfType (12 bytes)
Event: 256.656 Thread 0x00007fe0cc800000 nmethod 8527 0x0000000103200650 code [0x00000001032007c0, 0x00000001032009f0]
Event: 257.318 Thread 0x00007fe0cc800000 8528       3       java.awt.EventQueue::postEvent (13 bytes)
Event: 257.318 Thread 0x00007fe0cc800000 nmethod 8528 0x00000001036904d0 code [0x0000000103690680, 0x0000000103690aa8]

GC Heap History (10 events):
Event: 27.098 GC heap before
{Heap before GC invocations=8 (full 2):
 PSYoungGen      total 57344K, used 49152K [0x0000000780000000, 0x0000000786400000, 0x00000007c0000000)
  eden space 49152K, 100% used [0x0000000780000000,0x0000000783000000,0x0000000783000000)
  from space 8192K, 0% used [0x0000000783000000,0x0000000783000000,0x0000000783800000)
  to   space 10752K, 0% used [0x0000000785980000,0x0000000785980000,0x0000000786400000)
 ParOldGen       total 78848K, used 13140K [0x0000000700000000, 0x0000000704d00000, 0x0000000780000000)
  object space 78848K, 16% used [0x0000000700000000,0x0000000700cd5280,0x0000000704d00000)
 Metaspace       used 41574K, capacity 41870K, committed 41984K, reserved 1087488K
  class space    used 4255K, capacity 4347K, committed 4352K, reserved 1048576K
Event: 27.105 GC heap after
Heap after GC invocations=8 (full 2):
 PSYoungGen      total 87552K, used 5677K [0x0000000780000000, 0x0000000786100000, 0x00000007c0000000)
  eden space 79872K, 0% used [0x0000000780000000,0x0000000780000000,0x0000000784e00000)
  from space 7680K, 73% used [0x0000000785980000,0x0000000785f0b4b8,0x0000000786100000)
  to   space 9728K, 0% used [0x0000000784e00000,0x0000000784e00000,0x0000000785780000)
 ParOldGen       total 78848K, used 13148K [0x0000000700000000, 0x0000000704d00000, 0x0000000780000000)
  object space 78848K, 16% used [0x0000000700000000,0x0000000700cd7280,0x0000000704d00000)
 Metaspace       used 41574K, capacity 41870K, committed 41984K, reserved 1087488K
  class space    used 4255K, capacity 4347K, committed 4352K, reserved 1048576K
}
Event: 27.688 GC heap before
{Heap before GC invocations=9 (full 2):
 PSYoungGen      total 87552K, used 85549K [0x0000000780000000, 0x0000000786100000, 0x00000007c0000000)
  eden space 79872K, 100% used [0x0000000780000000,0x0000000784e00000,0x0000000784e00000)
  from space 7680K, 73% used [0x0000000785980000,0x0000000785f0b4b8,0x0000000786100000)
  to   space 9728K, 0% used [0x0000000784e00000,0x0000000784e00000,0x0000000785780000)
 ParOldGen       total 78848K, used 13148K [0x0000000700000000, 0x0000000704d00000, 0x0000000780000000)
  object space 78848K, 16% used [0x0000000700000000,0x0000000700cd7280,0x0000000704d00000)
 Metaspace       used 41719K, capacity 41998K, committed 42240K, reserved 1087488K
  class space    used 4255K, capacity 4347K, committed 4352K, reserved 1048576K
Event: 27.695 GC heap after
Heap after GC invocations=9 (full 2):
 PSYoungGen      total 89600K, used 2860K [0x0000000780000000, 0x0000000789480000, 0x00000007c0000000)
  eden space 79872K, 0% used [0x0000000780000000,0x0000000780000000,0x0000000784e00000)
  from space 9728K, 29% used [0x0000000784e00000,0x00000007850cb328,0x0000000785780000)
  to   space 10240K, 0% used [0x0000000788a80000,0x0000000788a80000,0x0000000789480000)
 ParOldGen       total 78848K, used 13148K [0x0000000700000000, 0x0000000704d00000, 0x0000000780000000)
  object space 78848K, 16% used [0x0000000700000000,0x0000000700cd7280,0x0000000704d00000)
 Metaspace       used 41719K, capacity 41998K, committed 42240K, reserved 1087488K
  class space    used 4255K, capacity 4347K, committed 4352K, reserved 1048576K
}
Event: 91.500 GC heap before
{Heap before GC invocations=10 (full 2):
 PSYoungGen      total 89600K, used 82732K [0x0000000780000000, 0x0000000789480000, 0x00000007c0000000)
  eden space 79872K, 100% used [0x0000000780000000,0x0000000784e00000,0x0000000784e00000)
  from space 9728K, 29% used [0x0000000784e00000,0x00000007850cb328,0x0000000785780000)
  to   space 10240K, 0% used [0x0000000788a80000,0x0000000788a80000,0x0000000789480000)
 ParOldGen       total 78848K, used 13148K [0x0000000700000000, 0x0000000704d00000, 0x0000000780000000)
  object space 78848K, 16% used [0x0000000700000000,0x0000000700cd7280,0x0000000704d00000)
 Metaspace       used 43857K, capacity 44264K, committed 44416K, reserved 1089536K
  class space    used 4482K, capacity 4610K, committed 4736K, reserved 1048576K
Event: 91.506 GC heap after
Heap after GC invocations=10 (full 2):
 PSYoungGen      total 130560K, used 4515K [0x0000000780000000, 0x0000000788f00000, 0x00000007c0000000)
  eden space 125952K, 0% used [0x0000000780000000,0x0000000780000000,0x0000000787b00000)
  from space 4608K, 97% used [0x0000000788a80000,0x0000000788ee8d30,0x0000000788f00000)
  to   space 9728K, 0% used [0x0000000787c00000,0x0000000787c00000,0x0000000788580000)
 ParOldGen       total 78848K, used 13175K [0x0000000700000000, 0x0000000704d00000, 0x0000000780000000)
  object space 78848K, 16% used [0x0000000700000000,0x0000000700cdded0,0x0000000704d00000)
 Metaspace       used 43857K, capacity 44264K, committed 44416K, reserved 1089536K
  class space    used 4482K, capacity 4610K, committed 4736K, reserved 1048576K
}
Event: 130.340 GC heap before
{Heap before GC invocations=11 (full 2):
 PSYoungGen      total 130560K, used 130467K [0x0000000780000000, 0x0000000788f00000, 0x00000007c0000000)
  eden space 125952K, 100% used [0x0000000780000000,0x0000000787b00000,0x0000000787b00000)
  from space 4608K, 97% used [0x0000000788a80000,0x0000000788ee8d30,0x0000000788f00000)
  to   space 9728K, 0% used [0x0000000787c00000,0x0000000787c00000,0x0000000788580000)
 ParOldGen       total 78848K, used 13175K [0x0000000700000000, 0x0000000704d00000, 0x0000000780000000)
  object space 78848K, 16% used [0x0000000700000000,0x0000000700cdded0,0x0000000704d00000)
 Metaspace       used 44133K, capacity 44602K, committed 44928K, reserved 1089536K
  class space    used 4485K, capacity 4613K, committed 4736K, reserved 1048576K
Event: 130.346 GC heap after
Heap after GC invocations=11 (full 2):
 PSYoungGen      total 123904K, used 1728K [0x0000000780000000, 0x0000000788b00000, 0x00000007c0000000)
  eden space 121856K, 0% used [0x0000000780000000,0x0000000780000000,0x0000000787700000)
  from space 2048K, 84% used [0x0000000787c00000,0x0000000787db0000,0x0000000787e00000)
  to   space 9728K, 0% used [0x0000000788180000,0x0000000788180000,0x0000000788b00000)
 ParOldGen       total 78848K, used 15428K [0x0000000700000000, 0x0000000704d00000, 0x0000000780000000)
  object space 78848K, 19% used [0x0000000700000000,0x0000000700f11180,0x0000000704d00000)
 Metaspace       used 44133K, capacity 44602K, committed 44928K, reserved 1089536K
  class space    used 4485K, capacity 4613K, committed 4736K, reserved 1048576K
}
Event: 225.562 GC heap before
{Heap before GC invocations=12 (full 2):
 PSYoungGen      total 123904K, used 123584K [0x0000000780000000, 0x0000000788b00000, 0x00000007c0000000)
  eden space 121856K, 100% used [0x0000000780000000,0x0000000787700000,0x0000000787700000)
  from space 2048K, 84% used [0x0000000787c00000,0x0000000787db0000,0x0000000787e00000)
  to   space 9728K, 0% used [0x0000000788180000,0x0000000788180000,0x0000000788b00000)
 ParOldGen       total 78848K, used 15428K [0x0000000700000000, 0x0000000704d00000, 0x0000000780000000)
  object space 78848K, 19% used [0x0000000700000000,0x0000000700f11180,0x0000000704d00000)
 Metaspace       used 44405K, capacity 44946K, committed 45184K, reserved 1089536K
  class space    used 4490K, capacity 4616K, committed 4736K, reserved 1048576K
Event: 225.565 GC heap after
Heap after GC invocations=12 (full 2):
 PSYoungGen      total 123392K, used 2368K [0x0000000780000000, 0x0000000788680000, 0x00000007c0000000)
  eden space 118272K, 0% used [0x0000000780000000,0x0000000780000000,0x0000000787380000)
  from space 5120K, 46% used [0x0000000788180000,0x00000007883d0000,0x0000000788680000)
  to   space 9728K, 0% used [0x0000000787380000,0x0000000787380000,0x0000000787d00000)
 ParOldGen       total 78848K, used 15500K [0x0000000700000000, 0x0000000704d00000, 0x0000000780000000)
  object space 78848K, 19% used [0x0000000700000000,0x0000000700f231c0,0x0000000704d00000)
 Metaspace       used 44405K, capacity 44946K, committed 45184K, reserved 1089536K
  class space    used 4490K, capacity 4616K, committed 4736K, reserved 1048576K
}

Deoptimization events (10 events):
Event: 253.023 Thread 0x00007fe0d786d000 Uncommon trap: reason=bimorphic action=maybe_recompile pc=0x0000000103367618 method=sun.font.Decoration$DecorationImpl.drawTextAndDecorations(Lsun/font/Decoration$Label;Ljava/awt/Graphics2D;FF)V @ 34
Event: 253.023 Thread 0x00007fe0d786d000 Uncommon trap: reason=bimorphic action=maybe_recompile pc=0x0000000103a5fd50 method=sun.font.Decoration$DecorationImpl.drawTextAndDecorations(Lsun/font/Decoration$Label;Ljava/awt/Graphics2D;FF)V @ 34
Event: 253.093 Thread 0x00007fe0d786d000 Uncommon trap: reason=class_check action=maybe_recompile pc=0x0000000104816d48 method=net.sf.jasperreports.engine.export.draw.FrameDrawer.draw(Ljava/util/Collection;)V @ 17
Event: 253.144 Thread 0x00007fe0d786d000 Uncommon trap: reason=class_check action=maybe_recompile pc=0x0000000104816d48 method=net.sf.jasperreports.engine.export.draw.FrameDrawer.draw(Ljava/util/Collection;)V @ 17
Event: 253.220 Thread 0x00007fe0d786d000 Uncommon trap: reason=unstable_if action=reinterpret pc=0x0000000104634e4c method=sun.font.GlyphLayout.get(Lsun/font/GlyphLayout$LayoutEngineFactory;)Lsun/font/GlyphLayout; @ 18
Event: 253.220 Thread 0x00007fe0d786d000 Uncommon trap: reason=unstable_if action=reinterpret pc=0x0000000104616804 method=sun.font.GlyphLayout$GVData.init(I)V @ 14
Event: 253.220 Thread 0x00007fe0d786d000 Uncommon trap: reason=unstable_if action=reinterpret pc=0x00000001045de650 method=sun.font.GlyphLayout.get(Lsun/font/GlyphLayout$LayoutEngineFactory;)Lsun/font/GlyphLayout; @ 18
Event: 253.220 Thread 0x00007fe0d786d000 Uncommon trap: reason=unstable_if action=reinterpret pc=0x00000001045e7f14 method=sun.font.GlyphLayout$GVData.init(I)V @ 14
Event: 253.220 Thread 0x00007fe0d786d000 Uncommon trap: reason=unstable_if action=reinterpret pc=0x00000001045c10ec method=sun.font.GlyphLayout.get(Lsun/font/GlyphLayout$LayoutEngineFactory;)Lsun/font/GlyphLayout; @ 18
Event: 256.458 Thread 0x00007fe0cb915800 Uncommon trap: reason=unstable_if action=reinterpret pc=0x000000010366b7ec method=java.awt.KeyboardFocusManager.retargetFocusEvent(Ljava/awt/AWTEvent;)Ljava/awt/AWTEvent; @ 3

Internal exceptions (10 events):
Event: 61.972 Thread 0x00007fe0cb915800 Implicit null exception at 0x000000010326e1bb to 0x000000010326e4dd
Event: 62.019 Thread 0x00007fe0cb915800 Implicit null exception at 0x00000001040ebd0b to 0x00000001040f0d61
Event: 91.310 Thread 0x00007fe0cb915800 Exception <a 'java/lang/ClassNotFoundException': app/model/Ovca$$EntityBean$ovceDBBeanInfo> (0x00000007848cbf08) thrown at [/Users/java_re/workspace/8-2-build-macosx-x86_64/jdk8u45/3457/hotspot/src/share/vm/classfile/systemDictionary.cpp, line 210]
Event: 91.311 Thread 0x00007fe0cb915800 Exception <a 'java/lang/ClassNotFoundException': app/model/OvcaBeanInfo> (0x00000007848d3a68) thrown at [/Users/java_re/workspace/8-2-build-macosx-x86_64/jdk8u45/3457/hotspot/src/share/vm/classfile/systemDictionary.cpp, line 210]
Event: 91.311 Thread 0x00007fe0cb915800 Exception <a 'java/lang/ClassNotFoundException': app/model/OvcaCustomizer> (0x00000007848dbb70) thrown at [/Users/java_re/workspace/8-2-build-macosx-x86_64/jdk8u45/3457/hotspot/src/share/vm/classfile/systemDictionary.cpp, line 210]
Event: 91.314 Thread 0x00007fe0cb915800 Exception <a 'java/lang/ClassNotFoundException': app/model/Ovca$$EntityBean$ovceDBCustomizer> (0x00000007849392d0) thrown at [/Users/java_re/workspace/8-2-build-macosx-x86_64/jdk8u45/3457/hotspot/src/share/vm/classfile/systemDictionary.cpp, line 210]
Event: 91.404 Thread 0x00007fe0cb915800 Implicit null exception at 0x0000000104438ca2 to 0x0000000104438f71
Event: 143.552 Thread 0x00007fe0cb915800 Implicit null exception at 0x00000001039c0e1b to 0x00000001039c1bb5
Event: 253.220 Thread 0x00007fe0d786d000 Implicit null exception at 0x0000000104611d48 to 0x00000001046167e5
Event: 253.220 Thread 0x00007fe0d786d000 Implicit null exception at 0x00000001045e7c9e to 0x00000001045e7f00

Events (10 events):
Event: 257.319 Thread 0x00007fe0cc800000 flushing nmethod 0x000000010411a390
Event: 257.319 Thread 0x00007fe0cc800000 flushing nmethod 0x000000010411af90
Event: 257.319 Thread 0x00007fe0cc800000 flushing nmethod 0x000000010411bf10
Event: 257.319 Thread 0x00007fe0cc800000 flushing nmethod 0x000000010411cc10
Event: 257.319 Thread 0x00007fe0cc800000 flushing nmethod 0x000000010411e810
Event: 257.319 Thread 0x00007fe0cc800000 flushing nmethod 0x000000010411ed50
Event: 257.319 Thread 0x00007fe0cc800000 flushing nmethod 0x000000010411f110
Event: 257.319 Thread 0x00007fe0cc800000 flushing nmethod 0x000000010411f450
Event: 257.319 Thread 0x00007fe0cc800000 flushing nmethod 0x000000010412c710
Event: 257.319 Thread 0x00007fe0cc800000 flushing nmethod 0x000000010413a910


Dynamic libraries:
0x0000000003b07000 	/System/Library/Frameworks/Cocoa.framework/Versions/A/Cocoa
0x0000000003b07000 	/System/Library/Frameworks/Security.framework/Versions/A/Security
0x0000000003b07000 	/System/Library/Frameworks/ApplicationServices.framework/Versions/A/ApplicationServices
0x0000000003b07000 	/usr/lib/libz.1.dylib
0x0000000003b07000 	/usr/lib/libSystem.B.dylib
0x0000000003b07000 	/usr/lib/libobjc.A.dylib
0x0000000003b07000 	/System/Library/Frameworks/CoreFoundation.framework/Versions/A/CoreFoundation
0x0000000003b07000 	/System/Library/Frameworks/Foundation.framework/Versions/C/Foundation
0x0000000003b07000 	/System/Library/Frameworks/AppKit.framework/Versions/C/AppKit
0x0000000003b07000 	/System/Library/Frameworks/CoreData.framework/Versions/A/CoreData
0x0000000003b07000 	/System/Library/PrivateFrameworks/RemoteViewServices.framework/Versions/A/RemoteViewServices
0x0000000003b07000 	/System/Library/PrivateFrameworks/UIFoundation.framework/Versions/A/UIFoundation
0x0000000003b07000 	/System/Library/Frameworks/IOSurface.framework/Versions/A/IOSurface
0x0000000003b07000 	/System/Library/Frameworks/AudioToolbox.framework/Versions/A/AudioToolbox
0x0000000003b07000 	/System/Library/Frameworks/AudioUnit.framework/Versions/A/AudioUnit
0x0000000003b07000 	/System/Library/PrivateFrameworks/DataDetectorsCore.framework/Versions/A/DataDetectorsCore
0x0000000003b07000 	/System/Library/PrivateFrameworks/DesktopServicesPriv.framework/Versions/A/DesktopServicesPriv
0x0000000003b07000 	/System/Library/Frameworks/Carbon.framework/Versions/A/Frameworks/HIToolbox.framework/Versions/A/HIToolbox
0x0000000003b07000 	/System/Library/Frameworks/QuartzCore.framework/Versions/A/QuartzCore
0x0000000003b07000 	/System/Library/Frameworks/Carbon.framework/Versions/A/Frameworks/SpeechRecognition.framework/Versions/A/SpeechRecognition
0x0000000003b07000 	/usr/lib/libauto.dylib
0x0000000003b07000 	/usr/lib/libicucore.A.dylib
0x0000000003b07000 	/usr/lib/libxml2.2.dylib
0x0000000003b07000 	/System/Library/PrivateFrameworks/CoreUI.framework/Versions/A/CoreUI
0x0000000003b07000 	/System/Library/Frameworks/CoreAudio.framework/Versions/A/CoreAudio
0x0000000003b07000 	/System/Library/Frameworks/DiskArbitration.framework/Versions/A/DiskArbitration
0x0000000003b07000 	/usr/lib/liblangid.dylib
0x0000000003b07000 	/System/Library/PrivateFrameworks/MultitouchSupport.framework/Versions/A/MultitouchSupport
0x0000000003b07000 	/System/Library/Frameworks/IOKit.framework/Versions/A/IOKit
0x0000000003b07000 	/usr/lib/libDiagnosticMessagesClient.dylib
0x0000000003b07000 	/System/Library/Frameworks/CoreServices.framework/Versions/A/CoreServices
0x0000000003b07000 	/System/Library/PrivateFrameworks/PerformanceAnalysis.framework/Versions/A/PerformanceAnalysis
0x0000000003b07000 	/System/Library/PrivateFrameworks/GenerationalStorage.framework/Versions/A/GenerationalStorage
0x0000000003b07000 	/System/Library/Frameworks/OpenGL.framework/Versions/A/OpenGL
0x0000000003b07000 	/System/Library/PrivateFrameworks/Sharing.framework/Versions/A/Sharing
0x0000000003b07000 	/System/Library/Frameworks/CoreGraphics.framework/Versions/A/CoreGraphics
0x0000000003b07000 	/System/Library/Frameworks/CoreText.framework/Versions/A/CoreText
0x0000000003b07000 	/System/Library/Frameworks/ImageIO.framework/Versions/A/ImageIO
0x0000000003b07000 	/usr/lib/libextension.dylib
0x0000000003b07000 	/System/Library/PrivateFrameworks/Backup.framework/Versions/A/Backup
0x0000000003b07000 	/usr/lib/libarchive.2.dylib
0x0000000003b07000 	/System/Library/Frameworks/CFNetwork.framework/Versions/A/CFNetwork
0x0000000003b07000 	/System/Library/Frameworks/SystemConfiguration.framework/Versions/A/SystemConfiguration
0x0000000003b07000 	/usr/lib/libCRFSuite.dylib
0x0000000003b07000 	/usr/lib/libc++.1.dylib
0x0000000003b07000 	/usr/lib/libc++abi.dylib
0x0000000003b07000 	/usr/lib/system/libcache.dylib
0x0000000003b07000 	/usr/lib/system/libcommonCrypto.dylib
0x0000000003b07000 	/usr/lib/system/libcompiler_rt.dylib
0x0000000003b07000 	/usr/lib/system/libcopyfile.dylib
0x0000000003b07000 	/usr/lib/system/libcorecrypto.dylib
0x0000000003b07000 	/usr/lib/system/libdispatch.dylib
0x0000000003b07000 	/usr/lib/system/libdyld.dylib
0x0000000003b07000 	/usr/lib/system/libkeymgr.dylib
0x0000000003b07000 	/usr/lib/system/liblaunch.dylib
0x0000000003b07000 	/usr/lib/system/libmacho.dylib
0x0000000003b07000 	/usr/lib/system/libquarantine.dylib
0x0000000003b07000 	/usr/lib/system/libremovefile.dylib
0x0000000003b07000 	/usr/lib/system/libsystem_asl.dylib
0x0000000003b07000 	/usr/lib/system/libsystem_blocks.dylib
0x0000000003b07000 	/usr/lib/system/libsystem_c.dylib
0x0000000003b07000 	/usr/lib/system/libsystem_configuration.dylib
0x0000000003b07000 	/usr/lib/system/libsystem_coreservices.dylib
0x0000000003b07000 	/usr/lib/system/libsystem_coretls.dylib
0x0000000003b07000 	/usr/lib/system/libsystem_dnssd.dylib
0x0000000003b07000 	/usr/lib/system/libsystem_info.dylib
0x0000000003b07000 	/usr/lib/system/libsystem_kernel.dylib
0x0000000003b07000 	/usr/lib/system/libsystem_m.dylib
0x0000000003b07000 	/usr/lib/system/libsystem_malloc.dylib
0x0000000003b07000 	/usr/lib/system/libsystem_network.dylib
0x0000000003b07000 	/usr/lib/system/libsystem_networkextension.dylib
0x0000000003b07000 	/usr/lib/system/libsystem_notify.dylib
0x0000000003b07000 	/usr/lib/system/libsystem_platform.dylib
0x0000000003b07000 	/usr/lib/system/libsystem_pthread.dylib
0x0000000003b07000 	/usr/lib/system/libsystem_sandbox.dylib
0x0000000003b07000 	/usr/lib/system/libsystem_secinit.dylib
0x0000000003b07000 	/usr/lib/system/libsystem_stats.dylib
0x0000000003b07000 	/usr/lib/system/libsystem_trace.dylib
0x0000000003b07000 	/usr/lib/system/libunc.dylib
0x0000000003b07000 	/usr/lib/system/libunwind.dylib
0x0000000003b07000 	/usr/lib/system/libxpc.dylib
0x0000000003b07000 	/usr/lib/libbz2.1.0.dylib
0x0000000003b07000 	/usr/lib/liblzma.5.dylib
0x0000000003b07000 	/usr/lib/libbsm.0.dylib
0x0000000003b07000 	/usr/lib/libsqlite3.dylib
0x0000000003b07000 	/usr/lib/system/libkxld.dylib
0x0000000003b07000 	/usr/lib/libxar.1.dylib
0x0000000003b07000 	/usr/lib/libpam.2.dylib
0x0000000003b07000 	/usr/lib/libOpenScriptingUtil.dylib
0x0000000003b07000 	/System/Library/Frameworks/CoreServices.framework/Versions/A/Frameworks/FSEvents.framework/Versions/A/FSEvents
0x0000000003b07000 	/System/Library/Frameworks/CoreServices.framework/Versions/A/Frameworks/CarbonCore.framework/Versions/A/CarbonCore
0x0000000003b07000 	/System/Library/Frameworks/CoreServices.framework/Versions/A/Frameworks/Metadata.framework/Versions/A/Metadata
0x0000000003b07000 	/System/Library/Frameworks/CoreServices.framework/Versions/A/Frameworks/OSServices.framework/Versions/A/OSServices
0x0000000003b07000 	/System/Library/Frameworks/CoreServices.framework/Versions/A/Frameworks/SearchKit.framework/Versions/A/SearchKit
0x0000000003b07000 	/System/Library/Frameworks/CoreServices.framework/Versions/A/Frameworks/AE.framework/Versions/A/AE
0x0000000003b07000 	/System/Library/Frameworks/CoreServices.framework/Versions/A/Frameworks/LaunchServices.framework/Versions/A/LaunchServices
0x0000000003b07000 	/System/Library/Frameworks/CoreServices.framework/Versions/A/Frameworks/DictionaryServices.framework/Versions/A/DictionaryServices
0x0000000003b07000 	/System/Library/Frameworks/NetFS.framework/Versions/A/NetFS
0x0000000003b07000 	/System/Library/PrivateFrameworks/NetAuth.framework/Versions/A/NetAuth
0x0000000003b07000 	/System/Library/PrivateFrameworks/login.framework/Versions/A/Frameworks/loginsupport.framework/Versions/A/loginsupport
0x0000000003b07000 	/System/Library/PrivateFrameworks/TCC.framework/Versions/A/TCC
0x0000000003b07000 	/usr/lib/libmecabra.dylib
0x0000000003b07000 	/System/Library/Frameworks/ApplicationServices.framework/Versions/A/Frameworks/ATS.framework/Versions/A/ATS
0x0000000003b07000 	/System/Library/Frameworks/ApplicationServices.framework/Versions/A/Frameworks/ColorSync.framework/Versions/A/ColorSync
0x0000000003b07000 	/System/Library/Frameworks/ApplicationServices.framework/Versions/A/Frameworks/HIServices.framework/Versions/A/HIServices
0x0000000003b07000 	/System/Library/Frameworks/ApplicationServices.framework/Versions/A/Frameworks/LangAnalysis.framework/Versions/A/LangAnalysis
0x0000000003b07000 	/System/Library/Frameworks/ApplicationServices.framework/Versions/A/Frameworks/PrintCore.framework/Versions/A/PrintCore
0x0000000003b07000 	/System/Library/Frameworks/ApplicationServices.framework/Versions/A/Frameworks/QD.framework/Versions/A/QD
0x0000000003b07000 	/System/Library/Frameworks/ApplicationServices.framework/Versions/A/Frameworks/SpeechSynthesis.framework/Versions/A/SpeechSynthesis
0x0000000003b07000 	/System/Library/Frameworks/Accelerate.framework/Versions/A/Accelerate
0x0000000003b07000 	/System/Library/Frameworks/Accelerate.framework/Versions/A/Frameworks/vImage.framework/Versions/A/vImage
0x0000000003b07000 	/System/Library/Frameworks/Accelerate.framework/Versions/A/Frameworks/vecLib.framework/Versions/A/vecLib
0x0000000003b07000 	/System/Library/Frameworks/Accelerate.framework/Versions/A/Frameworks/vecLib.framework/Versions/A/libvDSP.dylib
0x0000000003b07000 	/System/Library/Frameworks/Accelerate.framework/Versions/A/Frameworks/vecLib.framework/Versions/A/libvMisc.dylib
0x0000000003b07000 	/System/Library/Frameworks/Accelerate.framework/Versions/A/Frameworks/vecLib.framework/Versions/A/libLAPACK.dylib
0x0000000003b07000 	/System/Library/Frameworks/Accelerate.framework/Versions/A/Frameworks/vecLib.framework/Versions/A/libBLAS.dylib
0x0000000003b07000 	/System/Library/Frameworks/Accelerate.framework/Versions/A/Frameworks/vecLib.framework/Versions/A/libLinearAlgebra.dylib
0x0000000003b07000 	/System/Library/Frameworks/ApplicationServices.framework/Versions/A/Frameworks/ATS.framework/Versions/A/Resources/libFontParser.dylib
0x0000000003b07000 	/System/Library/Frameworks/ApplicationServices.framework/Versions/A/Frameworks/ATS.framework/Versions/A/Resources/libFontRegistry.dylib
0x0000000003b07000 	/System/Library/PrivateFrameworks/AppleVPA.framework/Versions/A/AppleVPA
0x0000000003b07000 	/System/Library/PrivateFrameworks/AppleJPEG.framework/Versions/A/AppleJPEG
0x0000000003b07000 	/System/Library/Frameworks/ImageIO.framework/Versions/A/Resources/libJPEG.dylib
0x0000000003b07000 	/System/Library/Frameworks/ImageIO.framework/Versions/A/Resources/libTIFF.dylib
0x0000000003b07000 	/System/Library/Frameworks/ImageIO.framework/Versions/A/Resources/libPng.dylib
0x0000000003b07000 	/System/Library/Frameworks/ImageIO.framework/Versions/A/Resources/libGIF.dylib
0x0000000003b07000 	/System/Library/Frameworks/ImageIO.framework/Versions/A/Resources/libJP2.dylib
0x0000000003b07000 	/System/Library/Frameworks/ImageIO.framework/Versions/A/Resources/libRadiance.dylib
0x0000000003b07000 	/System/Library/Frameworks/CoreVideo.framework/Versions/A/CoreVideo
0x0000000003b07000 	/System/Library/Frameworks/OpenGL.framework/Versions/A/Libraries/libGLU.dylib
0x0000000003b07000 	/System/Library/Frameworks/OpenGL.framework/Versions/A/Libraries/libGFXShared.dylib
0x0000000003b07000 	/System/Library/Frameworks/OpenGL.framework/Versions/A/Libraries/libGL.dylib
0x0000000003b07000 	/System/Library/Frameworks/OpenGL.framework/Versions/A/Libraries/libGLImage.dylib
0x0000000003b07000 	/System/Library/Frameworks/OpenGL.framework/Versions/A/Libraries/libCVMSPluginSupport.dylib
0x0000000003b07000 	/System/Library/Frameworks/OpenGL.framework/Versions/A/Libraries/libCoreVMClient.dylib
0x0000000003b07000 	/usr/lib/libcups.2.dylib
0x0000000003b07000 	/System/Library/Frameworks/Kerberos.framework/Versions/A/Kerberos
0x0000000003b07000 	/System/Library/Frameworks/GSS.framework/Versions/A/GSS
0x0000000003b07000 	/usr/lib/libresolv.9.dylib
0x0000000003b07000 	/usr/lib/libiconv.2.dylib
0x0000000003b07000 	/System/Library/PrivateFrameworks/Heimdal.framework/Versions/A/Heimdal
0x0000000003b07000 	/usr/lib/libheimdal-asn1.dylib
0x0000000003b07000 	/System/Library/Frameworks/OpenDirectory.framework/Versions/A/OpenDirectory
0x0000000003b07000 	/System/Library/PrivateFrameworks/CommonAuth.framework/Versions/A/CommonAuth
0x0000000003b07000 	/System/Library/Frameworks/OpenDirectory.framework/Versions/A/Frameworks/CFOpenDirectory.framework/Versions/A/CFOpenDirectory
0x0000000003b07000 	/System/Library/Frameworks/SecurityFoundation.framework/Versions/A/SecurityFoundation
0x0000000003b07000 	/System/Library/PrivateFrameworks/LanguageModeling.framework/Versions/A/LanguageModeling
0x0000000003b07000 	/usr/lib/libcmph.dylib
0x0000000003b07000 	/System/Library/Frameworks/ServiceManagement.framework/Versions/A/ServiceManagement
0x0000000003b07000 	/usr/lib/libxslt.1.dylib
0x0000000003b07000 	/System/Library/Frameworks/Carbon.framework/Versions/A/Frameworks/Ink.framework/Versions/A/Ink
0x0000000003b07000 	/System/Library/Frameworks/QuartzCore.framework/Versions/A/Frameworks/CoreImage.framework/Versions/A/CoreImage
0x0000000003b07000 	/System/Library/PrivateFrameworks/CrashReporterSupport.framework/Versions/A/CrashReporterSupport
0x0000000003b07000 	/System/Library/Frameworks/OpenCL.framework/Versions/A/OpenCL
0x0000000003b07000 	/System/Library/PrivateFrameworks/FaceCore.framework/Versions/A/FaceCore
0x0000000003b07000 	/System/Library/PrivateFrameworks/Ubiquity.framework/Versions/A/Ubiquity
0x0000000003b07000 	/System/Library/PrivateFrameworks/IconServices.framework/Versions/A/IconServices
0x0000000003b07000 	/System/Library/PrivateFrameworks/ChunkingLibrary.framework/Versions/A/ChunkingLibrary
0x0000000003b07000 	/System/Library/PrivateFrameworks/Apple80211.framework/Versions/A/Apple80211
0x0000000003b07000 	/System/Library/Frameworks/CoreWLAN.framework/Versions/A/CoreWLAN
0x0000000003b07000 	/System/Library/Frameworks/IOBluetooth.framework/Versions/A/IOBluetooth
0x0000000003b07000 	/System/Library/PrivateFrameworks/CoreWiFi.framework/Versions/A/CoreWiFi
0x0000000003b07000 	/System/Library/Frameworks/CoreBluetooth.framework/Versions/A/CoreBluetooth
0x0000000003b07000 	/System/Library/PrivateFrameworks/DebugSymbols.framework/Versions/A/DebugSymbols
0x0000000003b07000 	/System/Library/PrivateFrameworks/CoreSymbolication.framework/Versions/A/CoreSymbolication
0x0000000003b07000 	/System/Library/PrivateFrameworks/Symbolication.framework/Versions/A/Symbolication
0x0000000003b07000 	/System/Library/PrivateFrameworks/SpeechRecognitionCore.framework/Versions/A/SpeechRecognitionCore
0x0000000101e00000 	/Library/Internet Plug-Ins/JavaAppletPlugin.plugin/Contents/Home/lib/server/libjvm.dylib
0x0000000003b07000 	/usr/lib/libstdc++.6.dylib
0x00000001015c3000 	/Library/Internet Plug-Ins/JavaAppletPlugin.plugin/Contents/Home/lib/libverify.dylib
0x0000000102d69000 	/Library/Internet Plug-Ins/JavaAppletPlugin.plugin/Contents/Home/lib/libjava.dylib
0x00000001015db000 	/Library/Internet Plug-Ins/JavaAppletPlugin.plugin/Contents/Home/lib/libzip.dylib
0x00000001015e4000 	/System/Library/Frameworks/JavaVM.framework/Frameworks/JavaRuntimeSupport.framework/JavaRuntimeSupport
0x000000011b356000 	/System/Library/Frameworks/JavaVM.framework/Versions/A/Frameworks/JavaNativeFoundation.framework/Versions/A/JavaNativeFoundation
0x000000011b36b000 	/System/Library/Frameworks/JavaVM.framework/Versions/A/JavaVM
0x0000000003b07000 	/System/Library/Frameworks/Carbon.framework/Versions/A/Carbon
0x000000011b378000 	/System/Library/PrivateFrameworks/JavaLaunching.framework/Versions/A/JavaLaunching
0x0000000003b07000 	/System/Library/Frameworks/Carbon.framework/Versions/A/Frameworks/CommonPanels.framework/Versions/A/CommonPanels
0x0000000003b07000 	/System/Library/Frameworks/Carbon.framework/Versions/A/Frameworks/Help.framework/Versions/A/Help
0x0000000003b07000 	/System/Library/Frameworks/Carbon.framework/Versions/A/Frameworks/ImageCapture.framework/Versions/A/ImageCapture
0x0000000003b07000 	/System/Library/Frameworks/Carbon.framework/Versions/A/Frameworks/OpenScripting.framework/Versions/A/OpenScripting
0x0000000003b07000 	/System/Library/Frameworks/Carbon.framework/Versions/A/Frameworks/Print.framework/Versions/A/Print
0x0000000003b07000 	/System/Library/Frameworks/Carbon.framework/Versions/A/Frameworks/SecurityHI.framework/Versions/A/SecurityHI
0x000000011d2b1000 	/Library/Internet Plug-Ins/JavaAppletPlugin.plugin/Contents/Home/lib/libawt.dylib
0x000000011d359000 	/Library/Internet Plug-Ins/JavaAppletPlugin.plugin/Contents/Home/lib/./libmlib_image.dylib
0x000000011d425000 	/Library/Internet Plug-Ins/JavaAppletPlugin.plugin/Contents/Home/lib/libawt_lwawt.dylib
0x000000011d4d9000 	/Library/Internet Plug-Ins/JavaAppletPlugin.plugin/Contents/Home/lib/./libosxapp.dylib
0x0000000003b07000 	/System/Library/Frameworks/ExceptionHandling.framework/Versions/A/ExceptionHandling
0x0000000003b07000 	/System/Library/PrivateFrameworks/CoreServicesInternal.framework/Versions/A/CoreServicesInternal
0x0000000003b07000 	/System/Library/PrivateFrameworks/CloudDocs.framework/Versions/A/CloudDocs
0x0000000003b07000 	/System/Library/PrivateFrameworks/CoreDuet.framework/Versions/A/CoreDuet
0x0000000003b07000 	/System/Library/Frameworks/CloudKit.framework/Versions/A/CloudKit
0x0000000003b07000 	/System/Library/PrivateFrameworks/ProtocolBuffer.framework/Versions/A/ProtocolBuffer
0x0000000003b07000 	/System/Library/PrivateFrameworks/CoreDuetDaemonProtocol.framework/Versions/A/CoreDuetDaemonProtocol
0x0000000003b07000 	/System/Library/PrivateFrameworks/CoreDuetDebugLogging.framework/Versions/A/CoreDuetDebugLogging
0x0000000003b07000 	/System/Library/PrivateFrameworks/MMCS.framework/Versions/A/MMCS
0x0000000003b07000 	/System/Library/Frameworks/CoreLocation.framework/Versions/A/CoreLocation
0x0000000003b07000 	/System/Library/PrivateFrameworks/ProtectedCloudStorage.framework/Versions/A/ProtectedCloudStorage
0x0000000003b07000 	/System/Library/PrivateFrameworks/GeoServices.framework/Versions/A/GeoServices
0x0000000003b07000 	/System/Library/Frameworks/CoreGraphics.framework/Versions/A/Resources/libCGCMS.A.dylib
0x0000000003b07000 	/System/Library/Frameworks/CoreGraphics.framework/Versions/A/Resources/libRIP.A.dylib
0x0000000003b07000 	/System/Library/Frameworks/CoreGraphics.framework/Versions/A/Resources/libCGXType.A.dylib
0x0000000003b07000 	/System/Library/Frameworks/OpenCL.framework/Versions/A/Libraries/libcldcpuengine.dylib
0x0000000003b07000 	/System/Library/PrivateFrameworks/DiskImages.framework/Versions/A/DiskImages
0x0000000003b07000 	/System/Library/Frameworks/DiscRecording.framework/Versions/A/DiscRecording
0x0000000003b07000 	/usr/lib/libcsfde.dylib
0x0000000003b07000 	/usr/lib/libcurl.4.dylib
0x0000000003b07000 	/System/Library/PrivateFrameworks/MediaKit.framework/Versions/A/MediaKit
0x0000000003b07000 	/usr/lib/libCoreStorage.dylib
0x0000000003b07000 	/System/Library/PrivateFrameworks/EFILogin.framework/Versions/A/EFILogin
0x0000000003b07000 	/usr/lib/libutil.dylib
0x0000000003b07000 	/System/Library/PrivateFrameworks/FindMyDevice.framework/Versions/A/FindMyDevice
0x0000000003b07000 	/System/Library/Frameworks/LDAP.framework/Versions/A/LDAP
0x0000000003b07000 	/usr/lib/libsasl2.2.dylib
0x0000000003b07000 	/System/Library/PrivateFrameworks/CoreDaemon.framework/Versions/B/CoreDaemon
0x0000000003b07000 	/usr/lib/libcrypto.0.9.8.dylib
0x0000000003b07000 	/System/Library/PrivateFrameworks/AppleSRP.framework/Versions/A/AppleSRP
0x0000000003b07000 	/System/Library/PrivateFrameworks/TrustEvaluationAgent.framework/Versions/A/TrustEvaluationAgent
0x00000001202c2000 	cl_kernels
0x00000001202c4000 	/System/Library/Frameworks/OpenCL.framework/Versions/A/Libraries/ImageFormats/unorm8_bgra.dylib
0x00000001202b3000 	cl_kernels
0x0000000003b07000 	/System/Library/PrivateFrameworks/FamilyControls.framework/Versions/A/FamilyControls
0x0000000003b07000 	/System/Library/PrivateFrameworks/CommerceKit.framework/Versions/A/Frameworks/CommerceCore.framework/Versions/A/CommerceCore
0x0000000003b07000 	/System/Library/PrivateFrameworks/SystemAdministration.framework/Versions/A/SystemAdministration
0x0000000003b07000 	/System/Library/PrivateFrameworks/AppContainer.framework/Versions/A/AppContainer
0x0000000003b07000 	/System/Library/PrivateFrameworks/SecCodeWrapper.framework/Versions/A/SecCodeWrapper
0x0000000003b07000 	/System/Library/Frameworks/DirectoryService.framework/Versions/A/DirectoryService
0x0000000003b07000 	/System/Library/PrivateFrameworks/LoginUIKit.framework/Versions/A/Frameworks/LoginUICore.framework/Versions/A/LoginUICore
0x0000000003b07000 	/usr/lib/libodfde.dylib
0x0000000121542000 	/Library/Internet Plug-Ins/JavaAppletPlugin.plugin/Contents/Home/lib/libfontmanager.dylib
0x000000011f7e7000 	/Library/Internet Plug-Ins/JavaAppletPlugin.plugin/Contents/Home/lib/libosxui.dylib
0x0000000003b07000 	/System/Library/Frameworks/OpenGL.framework/Versions/A/Resources/GLEngine.bundle/GLEngine
0x0000000003b07000 	/System/Library/Frameworks/OpenGL.framework/Versions/A/Libraries/libGLProgrammability.dylib
0x0000000000000000 	/System/Library/Extensions/AMDRadeonX3000GLDriver.bundle/Contents/MacOS/AMDRadeonX3000GLDriver
0x0000000003b07000 	/System/Library/PrivateFrameworks/IOAccelerator.framework/Versions/A/IOAccelerator
0x0000000003b07000 	/System/Library/PrivateFrameworks/GPUSupport.framework/Versions/A/Libraries/libGPUSupportMercury.dylib
0x0000000003b07000 	/System/Library/Frameworks/OpenGL.framework/Versions/A/Resources/GLRendererFloat.bundle/GLRendererFloat
0x0000000122218000 	/Library/Internet Plug-Ins/JavaAppletPlugin.plugin/Contents/Home/lib/libnet.dylib
0x0000000122277000 	/Library/Internet Plug-Ins/JavaAppletPlugin.plugin/Contents/Home/lib/libnio.dylib
0x000000012267b000 	/Library/Internet Plug-Ins/JavaAppletPlugin.plugin/Contents/Home/lib/libdcpr.dylib
0x0000000003b07000 	/System/Library/Frameworks/ApplicationServices.framework/Versions/A/Frameworks/ATS.framework/Versions/A/Resources/libTrueTypeScaler.dylib
0x0000000003b07000 	/System/Library/PrivateFrameworks/PrintingPrivate.framework/Versions/A/PrintingPrivate
0x0000000003b07000 	/System/Library/Frameworks/ImageCaptureCore.framework/Versions/A/ImageCaptureCore
0x0000000003b07000 	/System/Library/Frameworks/SecurityInterface.framework/Versions/A/SecurityInterface
0x0000000122da6000 	/System/Library/PrivateFrameworks/PrintingPrivate.framework/Versions/Current/Plugins/PrintCocoaUI.bundle/Contents/MacOS/PrintCocoaUI
0x0000000003b07000 	/System/Library/Frameworks/ScriptingBridge.framework/Versions/A/ScriptingBridge
0x0000000003b07000 	/usr/lib/libffi.dylib
0x0000000123370000 	/System/Library/PrivateFrameworks/PrintingPrivate.framework/Versions/A/Plugins/PrintingCocoaPDEs.bundle/Contents/MacOS/PrintingCocoaPDEs
0x0000000003b07000 	/System/Library/Frameworks/AddressBook.framework/Versions/A/AddressBook
0x0000000003b07000 	/System/Library/PrivateFrameworks/IntlPreferences.framework/Versions/A/IntlPreferences
0x0000000003b07000 	/System/Library/PrivateFrameworks/ToneLibrary.framework/Versions/A/ToneLibrary
0x0000000003b07000 	/System/Library/PrivateFrameworks/ToneKit.framework/Versions/A/ToneKit
0x0000000003b07000 	/System/Library/PrivateFrameworks/vCard.framework/Versions/A/vCard
0x0000000003b07000 	/System/Library/Frameworks/Quartz.framework/Versions/A/Frameworks/QuickLookUI.framework/Versions/A/QuickLookUI
0x0000000003b07000 	/System/Library/PrivateFrameworks/ApplePushService.framework/Versions/A/ApplePushService
0x0000000003b07000 	/System/Library/PrivateFrameworks/ContactsData.framework/Versions/A/ContactsData
0x0000000003b07000 	/System/Library/PrivateFrameworks/ContactsFoundation.framework/Versions/A/ContactsFoundation
0x0000000003b07000 	/System/Library/PrivateFrameworks/PhoneNumbers.framework/Versions/A/PhoneNumbers
0x0000000003b07000 	/System/Library/Frameworks/Quartz.framework/Versions/A/Quartz
0x0000000003b07000 	/System/Library/Frameworks/AVFoundation.framework/Versions/A/AVFoundation
0x0000000003b07000 	/System/Library/Frameworks/AVFoundation.framework/Versions/A/Resources/libAVFAudio.dylib
0x0000000003b07000 	/System/Library/Frameworks/CoreMedia.framework/Versions/A/CoreMedia
0x0000000003b07000 	/System/Library/Frameworks/MediaToolbox.framework/Versions/A/MediaToolbox
0x0000000003b07000 	/System/Library/Frameworks/VideoToolbox.framework/Versions/A/VideoToolbox
0x0000000003b07000 	/System/Library/Frameworks/CoreMediaIO.framework/Versions/A/CoreMediaIO
0x0000000003b07000 	/System/Library/PrivateFrameworks/MediaControlSender.framework/Versions/A/MediaControlSender
0x0000000003b07000 	/System/Library/PrivateFrameworks/CoreAVCHD.framework/Versions/A/CoreAVCHD
0x0000000003b07000 	/System/Library/Frameworks/MediaAccessibility.framework/Versions/A/MediaAccessibility
0x0000000003b07000 	/System/Library/PrivateFrameworks/Mangrove.framework/Versions/A/Mangrove
0x0000000003b07000 	/System/Library/PrivateFrameworks/CoreAUC.framework/Versions/A/CoreAUC
0x0000000003b07000 	/System/Library/PrivateFrameworks/NetworkStatistics.framework/Versions/A/NetworkStatistics
0x0000000003b07000 	/System/Library/PrivateFrameworks/AirPlaySupport.framework/Versions/A/AirPlaySupport
0x0000000003b07000 	/System/Library/PrivateFrameworks/CoreUtils.framework/Versions/A/CoreUtils
0x0000000003b07000 	/System/Library/PrivateFrameworks/AppleVA.framework/Versions/A/AppleVA
0x0000000003b07000 	/System/Library/PrivateFrameworks/XPCService.framework/Versions/A/XPCService
0x0000000003b07000 	/System/Library/PrivateFrameworks/AppSandbox.framework/Versions/A/AppSandbox
0x0000000003b07000 	/usr/lib/libsandbox.1.dylib
0x0000000003b07000 	/usr/lib/libMatch.1.dylib
0x0000000003b07000 	/System/Library/PrivateFrameworks/SafariServices.framework/Versions/A/SafariServices
0x0000000003b07000 	/usr/lib/libspindump.dylib
0x0000000003b07000 	/System/Library/Frameworks/QTKit.framework/Versions/A/QTKit
0x0000000003b07000 	/System/Library/Frameworks/QuickLook.framework/Versions/A/QuickLook
0x0000000003b07000 	/System/Library/PrivateFrameworks/CoreMediaAuthoring.framework/Versions/A/CoreMediaAuthoring
0x0000000003b07000 	/System/Library/Frameworks/Quartz.framework/Versions/A/Frameworks/QuartzComposer.framework/Versions/A/QuartzComposer
0x0000000003b07000 	/System/Library/Frameworks/Quartz.framework/Versions/A/Frameworks/PDFKit.framework/Versions/A/PDFKit
0x0000000003b07000 	/System/Library/Frameworks/Quartz.framework/Versions/A/Frameworks/QuartzFilters.framework/Versions/A/QuartzFilters
0x0000000003b07000 	/System/Library/Frameworks/Quartz.framework/Versions/A/Frameworks/ImageKit.framework/Versions/A/ImageKit
0x0000000003b07000 	/System/Library/Frameworks/JavaScriptCore.framework/Versions/A/JavaScriptCore
0x0000000003b07000 	/System/Library/PrivateFrameworks/AppleSystemInfo.framework/Versions/A/AppleSystemInfo
0x0000000003b07000 	/System/Library/PrivateFrameworks/CorePDF.framework/Versions/A/CorePDF
0x0000000003b07000 	/System/Library/PrivateFrameworks/DisplayServices.framework/Versions/A/DisplayServices
0x0000000003b07000 	/System/Library/CoreServices/RawCamera.bundle/Contents/MacOS/RawCamera
0x0000000003b07000 	/System/Library/Frameworks/CoreGraphics.framework/Versions/A/Resources/libCGXCoreImage.A.dylib
0x0000000122d7b000 	cl_kernels
0x000000012b7cb000 	/System/Library/Frameworks/OpenCL.framework/Versions/A/Libraries/ImageFormats/unorm8_rgba.dylib
0x0000000122e0a000 	cl_kernels
0x0000000122dfe000 	cl_kernels
0x0000000003b07000 	/System/Library/Frameworks/Accelerate.framework/Versions/A/Frameworks/vImage.framework/Versions/A/Libraries/libCGInterfaces.dylib
0x00000001233d4000 	/System/Library/Frameworks/CoreGraphics.framework/Versions/A/Resources/libPDFRIP.A.dylib

VM Arguments:
java_command: /Users/ivan/Documents/Ovcar/Gajenje_Ovaca/target/Gajenje_Ovaca-1.0-SNAPSHOT.jar
java_class_path (initial): /Users/ivan/Documents/Ovcar/Gajenje_Ovaca/target/Gajenje_Ovaca-1.0-SNAPSHOT.jar
Launcher Type: SUN_STANDARD

Environment Variables:
PATH=/usr/bin:/bin:/usr/sbin:/sbin
SHELL=/bin/bash
DISPLAY=/private/tmp/com.apple.launchd.rgNoUZvlI1/org.macosforge.xquartz:0

Signal Handlers:
SIGSEGV: [libjvm.dylib+0x58ef95], sa_mask[0]=11111111011111110111111111111111, sa_flags=SA_ONSTACK|SA_RESTART|SA_SIGINFO
SIGBUS: [libjvm.dylib+0x58ef95], sa_mask[0]=11111111011111110111111111111111, sa_flags=SA_RESTART|SA_SIGINFO
SIGFPE: [libjvm.dylib+0x46c108], sa_mask[0]=11111111011111110111111111111111, sa_flags=SA_RESTART|SA_SIGINFO
SIGPIPE: [libjvm.dylib+0x46c108], sa_mask[0]=11111111011111110111111111111111, sa_flags=SA_RESTART|SA_SIGINFO
SIGXFSZ: [libjvm.dylib+0x46c108], sa_mask[0]=11111111011111110111111111111111, sa_flags=SA_RESTART|SA_SIGINFO
SIGILL: [libjvm.dylib+0x46c108], sa_mask[0]=11111111011111110111111111111111, sa_flags=SA_RESTART|SA_SIGINFO
SIGUSR1: SIG_DFL, sa_mask[0]=00000000000000000000000000000000, sa_flags=none
SIGUSR2: [libjvm.dylib+0x46bc26], sa_mask[0]=00000000000000000000000000000000, sa_flags=SA_RESTART|SA_SIGINFO
SIGHUP: [libjvm.dylib+0x46a1f9], sa_mask[0]=11111111011111110111111111111111, sa_flags=SA_RESTART|SA_SIGINFO
SIGINT: [libjvm.dylib+0x46a1f9], sa_mask[0]=11111111011111110111111111111111, sa_flags=SA_RESTART|SA_SIGINFO
SIGTERM: [libjvm.dylib+0x46a1f9], sa_mask[0]=11111111011111110111111111111111, sa_flags=SA_RESTART|SA_SIGINFO
SIGQUIT: [libjvm.dylib+0x46a1f9], sa_mask[0]=11111111011111110111111111111111, sa_flags=SA_RESTART|SA_SIGINFO


---------------  S Y S T E M  ---------------

OS:Bsduname:Darwin 14.3.0 Darwin Kernel Version 14.3.0: Mon Mar 23 11:59:05 PDT 2015; root:xnu-2782.20.48~5/RELEASE_X86_64 x86_64
rlimit: STACK 8192k, CORE 0k, NPROC 709, NOFILE 10240, AS infinity
load average:1.44 1.31 1.36

CPU:total 4 (4 cores per cpu, 1 threads per core) family 6 model 42 stepping 7, cmov, cx8, fxsr, mmx, sse, sse2, sse3, ssse3, sse4.1, sse4.2, popcnt, avx, aes, clmul, tsc, tscinvbit

Memory: 4k page, physical 12582912k(2265772k free)

/proc/meminfo:


vm_info: Java HotSpot(TM) 64-Bit Server VM (25.45-b02) for bsd-amd64 JRE (1.8.0_45-b14), built on Apr 10 2015 10:46:38 by "java_re" with gcc 4.2.1 (Based on Apple Inc. build 5658) (LLVM build 2336.11.00)

time: Tue Jun  2 14:16:04 2015
elapsed time: 257 seconds (0d 0h 4m 17s)

