#
# A fatal error has been detected by the Java Runtime Environment:
#
#  SIGSEGV (0xb) at pc=0x00007fff8a1ff4ca, pid=1284, tid=1295
#
# JRE version: Java(TM) SE Runtime Environment (8.0_65-b17) (build 1.8.0_65-b17)
# Java VM: Java HotSpot(TM) 64-Bit Server VM (25.65-b01 mixed mode bsd-amd64 compressed oops)
# Problematic frame:
# C  [CoreFoundation+0xe4ca]  CFRelease+0x2a
#
# Failed to write core dump. Core dumps have been disabled. To enable core dumping, try "ulimit -c unlimited" before starting Java again
#
# If you would like to submit a bug report, please visit:
#   http://bugreport.java.com/bugreport/crash.jsp
# The crash happened outside the Java Virtual Machine in native code.
# See problematic frame for where to report the bug.
#

---------------  T H R E A D  ---------------

Current thread (0x00007fa00d87e000):  JavaThread "AppKit Thread" daemon [_thread_in_native, id=1295, stack(0x00007fff507ae000,0x00007fff50fae000)]

siginfo: si_signo: 11 (SIGSEGV), si_code: 1 (SEGV_MAPERR), si_addr: 0x000000017f8dd390

Registers:
RAX=0x0000000000000000, RBX=0x000000017f8dd388, RCX=0x00000000003f0200, RDX=0x000000000004b640
RSP=0x00007fff50fa9760, RBP=0x00007fff50fa97b0, RSI=0x0000000000000040, RDI=0x000000017f8dd388
R8 =0x000000000000003f, R9 =0x0000000000000001, R10=0x000000002ad45e83, R11=0x00007f9ffbd00000
R12=0x000000017f8dd390, R13=0x00007fff75c21390, R14=0x0000000000000025, R15=0x0000000000000029
RIP=0x00007fff8a1ff4ca, EFLAGS=0x0000000000010246, ERR=0x0000000000000004
  TRAPNO=0x000000000000000e

Top of Stack: (sp=0x00007fff50fa9760)
0x00007fff50fa9760:   0000000000000d7a 000000010ec6d000
0x00007fff50fa9770:   00007fff75c21390 00007f9ffbdc5570
0x00007fff50fa9780:   00007fff50fa97e0 000000017f8dd388
0x00007fff50fa9790:   00007f9ffbdc6990 00007fff75c21390
0x00007fff50fa97a0:   0000000000000025 0000000000000029
0x00007fff50fa97b0:   00007fff50fa9810 00007fff8a23f92d
0x00007fff50fa97c0:   00007f9ffbf26a80 00007f9ffbdc6ac0
0x00007fff50fa97d0:   00007f9ffbdc6970 00007fff76171d00
0x00007fff50fa97e0:   00007fff50fa9810 0000000000000001
0x00007fff50fa97f0:   00007f9ffbf26a80 ffff8060040d9580
0x00007fff50fa9800:   00007fff76170e80 00007fff76171d00
0x00007fff50fa9810:   00007fff50fa9880 00007fff8b955224
0x00007fff50fa9820:   0000000000000000 00007fff76171d10
0x00007fff50fa9830:   0000000150fa9880 00007fff8a21f618
0x00007fff50fa9840:   ffff8060040d9580 00007f9fffbfc400
0x00007fff50fa9850:   00007f9fffbfd000 00007fff8a233670
0x00007fff50fa9860:   0000000000000000 00007f9ffbf26a80
0x00007fff50fa9870:   00007f9ffbf29140 00007fff75c2c570
0x00007fff50fa9880:   00007fff50fa9900 00007fff8a217cff
0x00007fff50fa9890:   00007fff50fa9930 00007fff984abddc
0x00007fff50fa98a0:   0000000000000000 0000000000000000
0x00007fff50fa98b0:   00007fff75c21390 00000000a7baadb1
0x00007fff50fa98c0:   0000000000000003 00007f9ffbf29080
0x00007fff50fa98d0:   00007f9ffbf29180 0000000000000001
0x00007fff50fa98e0:   00007f9ffbf29148 0000000100001280
0x00007fff50fa98f0:   ffffffff00000000 0000000000000012
0x00007fff50fa9900:   00007fff50fa9960 00007fff8a1ff613
0x00007fff50fa9910:   00007f9ffd0c8020 ffff806002f37fe0
0x00007fff50fa9920:   ffffffffffffffff 00007f9ffbf29140
0x00007fff50fa9930:   00007fff50fa9940 00007f9ffd04fca0
0x00007fff50fa9940:   00007f9ffd0c8020 ffff806002f37fe0
0x00007fff50fa9950:   0000000000000010 00007fff8b94ce40 

Instructions: (pc=0x00007fff8a1ff4ca)
0x00007fff8a1ff4aa:   41 54 53 48 83 ec 28 48 89 fb 48 85 db 0f 84 6e
0x00007fff8a1ff4ba:   05 00 00 f6 c3 01 0f 85 f2 02 00 00 4c 8d 63 08
0x00007fff8a1ff4ca:   8b 43 08 89 c2 c1 ea 08 81 e2 ff 03 00 00 48 8b
0x00007fff8a1ff4da:   0b 48 85 c9 74 37 48 3b 0d 51 b6 a2 eb 74 2e 48 

Register to memory mapping:

RAX=0x0000000000000000 is an unknown value
RBX=0x000000017f8dd388 is an unknown value
RCX=0x00000000003f0200 is an unknown value
RDX=0x000000000004b640 is an unknown value
RSP=0x00007fff50fa9760 is pointing into the stack for thread: 0x00007fa00d87e000
RBP=0x00007fff50fa97b0 is pointing into the stack for thread: 0x00007fa00d87e000
RSI=0x0000000000000040 is an unknown value
RDI=0x000000017f8dd388 is an unknown value
R8 =0x000000000000003f is an unknown value
R9 =0x0000000000000001 is an unknown value
R10=0x000000002ad45e83 is an unknown value
R11=0x00007f9ffbd00000 is an unknown value
R12=0x000000017f8dd390 is an unknown value
R13=0x00007fff75c21390: __kCFAllocatorSystemDefault+0 in /System/Library/Frameworks/CoreFoundation.framework/Versions/A/CoreFoundation at 0x00007fff8a1f1000
R14=0x0000000000000025 is an unknown value
R15=0x0000000000000029 is an unknown value


Stack: [0x00007fff507ae000,0x00007fff50fae000],  sp=0x00007fff50fa9760,  free space=8173k
Native frames: (J=compiled Java code, j=interpreted, Vv=VM code, C=native code)
C  [CoreFoundation+0xe4ca]  CFRelease+0x2a
C  [CoreFoundation+0x4e92d]  -[__NSDictionaryM dealloc]+0xbd
C  [libobjc.A.dylib+0x10224]  objc_object::sidetable_release(bool)+0xf2
C  [CoreFoundation+0x26cff]  __CFBasicHashDrain+0x20f
C  [CoreFoundation+0xe613]  CFRelease+0x173
C  [PrintCore+0xe6c7]  OpaquePMPrintSession::~OpaquePMPrintSession()+0xcb
C  [PrintCore+0xe5db]  OpaquePMPrintSession::~OpaquePMPrintSession()+0xf
C  [PrintCore+0x481d]  PMBaseObject::Release(PMBaseObject*)+0x1d
C  [PrintCore+0x47e5]  PMRelease+0x2b
C  [AppKit+0x32a640]  -[NSPrintInfo dealloc]+0xed
C  [libobjc.A.dylib+0x10224]  objc_object::sidetable_release(bool)+0xf2
C  [AppKit+0x3295d3]  -[NSPrintPanel dealloc]+0x3f
C  [libobjc.A.dylib+0x10224]  objc_object::sidetable_release(bool)+0xf2
C  [libobjc.A.dylib+0xb094]  (anonymous namespace)::AutoreleasePoolPage::pop(void*)+0x1dc
C  [CoreFoundation+0x48d02]  _CFAutoreleasePoolPop+0x32
C  [Foundation+0x774eb]  __NSThreadPerformPerform+0x1e4
C  [CoreFoundation+0xaa8b1]  __CFRUNLOOP_IS_CALLING_OUT_TO_A_SOURCE0_PERFORM_FUNCTION__+0x11
C  [CoreFoundation+0x8a027]  __CFRunLoopDoSources0+0x1a7
C  [CoreFoundation+0x895cf]  __CFRunLoopRun+0x39f
C  [CoreFoundation+0x88fc8]  CFRunLoopRunSpecific+0x128
C  [HIToolbox+0x30d55]  RunCurrentEventLoopInMode+0xeb
C  [HIToolbox+0x30b8f]  ReceiveNextEventCommon+0x1b0
C  [HIToolbox+0x309cf]  _BlockUntilNextEventMatchingListInModeWithFilter+0x47
C  [AppKit+0x49d96]  _DPSNextEvent+0x42b
C  [AppKit+0x491c5]  -[NSApplication _nextEventMatchingEventMask:untilDate:inMode:dequeue:]+0x1c6
C  [libosxapp.dylib+0x23aa]  -[NSApplicationAWT nextEventMatchingMask:untilDate:inMode:dequeue:]+0x7c
C  [AppKit+0x3dd28]  -[NSApplication run]+0x2aa
C  [libosxapp.dylib+0x214d]  +[NSApplicationAWT runAWTLoopWithApp:]+0x9c
C  [libawt_lwawt.dylib+0x44517]  -[AWTStarter starter:]+0x389
C  [Foundation+0x7741e]  __NSThreadPerformPerform+0x117
C  [CoreFoundation+0xaa8b1]  __CFRUNLOOP_IS_CALLING_OUT_TO_A_SOURCE0_PERFORM_FUNCTION__+0x11
C  [CoreFoundation+0x8a0ac]  __CFRunLoopDoSources0+0x22c
C  [CoreFoundation+0x895cf]  __CFRunLoopRun+0x39f
C  [CoreFoundation+0x88fc8]  CFRunLoopRunSpecific+0x128
C  [java+0x6463]  CreateExecutionEnvironment+0x367
C  [java+0x21ac]  JLI_Launch+0x7a0
C  [java+0x84c0]  main+0x65
C  [java+0x1a04]  start+0x34
C  0x0000000000000003


---------------  P R O C E S S  ---------------

Java Threads: ( => current thread )
  0x00007fa019254000 JavaThread "Thread-10" [_thread_in_native, id=75307, stack(0x0000700001d77000,0x0000700001e77000)]
  0x00007f9fffecd000 JavaThread "Keep-Alive-Timer" daemon [_thread_blocked, id=78111, stack(0x0000700001c74000,0x0000700001d74000)]
  0x00007fa0113fc000 JavaThread "Thread-9" [_thread_blocked, id=69535, stack(0x000070000196b000,0x0000700001a6b000)]
  0x00007fa00cf65800 JavaThread "process reaper" daemon [_thread_blocked, id=66903, stack(0x00007000010cd000,0x00007000010f5000)]
  0x00007fa00cf95800 JavaThread "Thread-5" daemon [_thread_blocked, id=65035, stack(0x0000700001b71000,0x0000700001c71000)]
  0x00007fa00ce05000 JavaThread "Ebean-ovceDB.0" daemon [_thread_blocked, id=61455, stack(0x0000700001868000,0x0000700001968000)]
  0x00007fa00ce0a800 JavaThread "EbeanBackgroundThread" daemon [_thread_blocked, id=60187, stack(0x0000700001765000,0x0000700001865000)]
  0x00007fa00cbbb000 JavaThread "TimerQueue" daemon [_thread_blocked, id=33871, stack(0x0000700001662000,0x0000700001762000)]
  0x00007fa00c92a000 JavaThread "DestroyJavaVM" [_thread_blocked, id=5891, stack(0x000070000011a000,0x000070000021a000)]
  0x00007fa00c8b6000 JavaThread "AWT-EventQueue-0" [_thread_blocked, id=55815, stack(0x00007000014dc000,0x00007000015dc000)]
  0x00007fa00c90e000 JavaThread "AWT-Shutdown" [_thread_blocked, id=51467, stack(0x00007000012d6000,0x00007000013d6000)]
  0x00007fa00c852000 JavaThread "Java2D Disposer" daemon [_thread_blocked, id=54531, stack(0x00007000013d9000,0x00007000014d9000)]
  0x00007fa00c90d000 JavaThread "Java2D Queue Flusher" daemon [_thread_blocked, id=29719, stack(0x0000700001150000,0x0000700001250000)]
=>0x00007fa00d87e000 JavaThread "AppKit Thread" daemon [_thread_in_native, id=1295, stack(0x00007fff507ae000,0x00007fff50fae000)]
  0x00007fa00c027800 JavaThread "Service Thread" daemon [_thread_blocked, id=18435, stack(0x0000700000dc1000,0x0000700000ec1000)]
  0x00007fa00d842000 JavaThread "C1 CompilerThread2" daemon [_thread_blocked, id=17923, stack(0x0000700000cbe000,0x0000700000dbe000)]
  0x00007fa00d801000 JavaThread "C2 CompilerThread1" daemon [_thread_blocked, id=17411, stack(0x0000700000bbb000,0x0000700000cbb000)]
  0x00007fa00c858800 JavaThread "C2 CompilerThread0" daemon [_thread_blocked, id=16899, stack(0x0000700000ab8000,0x0000700000bb8000)]
  0x00007fa00c025000 JavaThread "Signal Dispatcher" daemon [_thread_blocked, id=12815, stack(0x00007000009b5000,0x0000700000ab5000)]
  0x00007fa00c021800 JavaThread "Finalizer" daemon [_thread_blocked, id=12291, stack(0x000070000082f000,0x000070000092f000)]
  0x00007fa00c004000 JavaThread "Reference Handler" daemon [_thread_blocked, id=11779, stack(0x000070000072c000,0x000070000082c000)]

Other Threads:
  0x00007fa00d012800 VMThread [stack: 0x0000700000629000,0x0000700000729000] [id=11267]
  0x00007fa00c839000 WatcherThread [stack: 0x0000700000ec4000,0x0000700000fc4000] [id=18947]

VM state:not at safepoint (normal execution)

VM Mutex/Monitor currently owned by a thread: None

Heap:
 PSYoungGen      total 30720K, used 15302K [0x0000000780000000, 0x0000000782300000, 0x00000007c0000000)
  eden space 28672K, 46% used [0x0000000780000000,0x0000000780cf4e68,0x0000000781c00000)
  from space 2048K, 99% used [0x0000000781f00000,0x00000007820fcd58,0x0000000782100000)
  to   space 3072K, 0% used [0x0000000781c00000,0x0000000781c00000,0x0000000781f00000)
 ParOldGen       total 62976K, used 22484K [0x0000000700000000, 0x0000000703d80000, 0x0000000780000000)
  object space 62976K, 35% used [0x0000000700000000,0x00000007015f5020,0x0000000703d80000)
 Metaspace       used 47272K, capacity 47592K, committed 47872K, reserved 1091584K
  class space    used 4706K, capacity 4822K, committed 4864K, reserved 1048576K

Card table byte_map: [0x000000011fb49000,0x000000012014a000] byte_map_base: 0x000000011c349000

Marking Bits: (ParMarkBitMap*) 0x00000001100dee20
 Begin Bits: [0x000000012054a000, 0x000000012354a000)
 End Bits:   [0x000000012354a000, 0x000000012654a000)

Polling page: 0x000000010ef47000

CodeCache: size=245760Kb used=29619Kb max_used=29631Kb free=216141Kb
 bounds [0x0000000110789000, 0x00000001124f9000, 0x000000011f789000]
 total_blobs=8488 nmethods=7741 adapters=655
 compilation: enabled

Compilation events (10 events):
Event: 687.592 Thread 0x00007fa00d842000 10526       1       net.sf.jasperreports.engine.fill.SimpleTextFormat::getLocaleCode (5 bytes)
Event: 687.592 Thread 0x00007fa00d842000 nmethod 10526 0x0000000111c4bf90 code [0x0000000111c4c0e0, 0x0000000111c4c1f0]
Event: 687.592 Thread 0x00007fa00c858800 nmethod 10519 0x0000000111c5f650 code [0x0000000111c5f8a0, 0x0000000111c601f0]
Event: 687.593 Thread 0x00007fa00d801000 10527       4       java.awt.geom.AffineTransform::<init> (57 bytes)
Event: 687.594 Thread 0x00007fa00d801000 nmethod 10527 0x00000001117ff3d0 code [0x00000001117ff580, 0x00000001117ff898]
Event: 687.595 Thread 0x00007fa00d842000 10528       3       org.jfree.chart.axis.CategoryAxis::calculateCategorySize (104 bytes)
Event: 687.595 Thread 0x00007fa00d842000 nmethod 10528 0x00000001117fe650 code [0x00000001117fe840, 0x00000001117ff138]
Event: 687.598 Thread 0x00007fa00c858800 10529       4       net.sf.jasperreports.extensions.DefaultExtensionsRegistry::getExtensions (88 bytes)
Event: 687.630 Thread 0x00007fa00c858800 nmethod 10529 0x0000000111c59750 code [0x0000000111c599c0, 0x0000000111c5b078]
Event: 689.888 Thread 0x00007fa00d801000 10530       4       java.io.DataInputStream::readByte (23 bytes)

GC Heap History (10 events):
Event: 659.883 GC heap before
{Heap before GC invocations=108 (full 2):
 PSYoungGen      total 27136K, used 24672K [0x0000000780000000, 0x0000000781d00000, 0x00000007c0000000)
  eden space 24576K, 100% used [0x0000000780000000,0x0000000781800000,0x0000000781800000)
  from space 2560K, 3% used [0x0000000781800000,0x0000000781818000,0x0000000781a80000)
  to   space 2560K, 0% used [0x0000000781a80000,0x0000000781a80000,0x0000000781d00000)
 ParOldGen       total 62976K, used 21395K [0x0000000700000000, 0x0000000703d80000, 0x0000000780000000)
  object space 62976K, 33% used [0x0000000700000000,0x00000007014e4cc0,0x0000000703d80000)
 Metaspace       used 44301K, capacity 44602K, committed 45056K, reserved 1089536K
  class space    used 4453K, capacity 4557K, committed 4608K, reserved 1048576K
Event: 659.884 GC heap after
Heap after GC invocations=108 (full 2):
 PSYoungGen      total 27136K, used 320K [0x0000000780000000, 0x0000000781d00000, 0x00000007c0000000)
  eden space 24576K, 0% used [0x0000000780000000,0x0000000780000000,0x0000000781800000)
  from space 2560K, 12% used [0x0000000781a80000,0x0000000781ad0000,0x0000000781d00000)
  to   space 2560K, 0% used [0x0000000781800000,0x0000000781800000,0x0000000781a80000)
 ParOldGen       total 62976K, used 21403K [0x0000000700000000, 0x0000000703d80000, 0x0000000780000000)
  object space 62976K, 33% used [0x0000000700000000,0x00000007014e6cc0,0x0000000703d80000)
 Metaspace       used 44301K, capacity 44602K, committed 45056K, reserved 1089536K
  class space    used 4453K, capacity 4557K, committed 4608K, reserved 1048576K
}
Event: 659.985 GC heap before
{Heap before GC invocations=109 (full 2):
 PSYoungGen      total 27136K, used 24896K [0x0000000780000000, 0x0000000781d00000, 0x00000007c0000000)
  eden space 24576K, 100% used [0x0000000780000000,0x0000000781800000,0x0000000781800000)
  from space 2560K, 12% used [0x0000000781a80000,0x0000000781ad0000,0x0000000781d00000)
  to   space 2560K, 0% used [0x0000000781800000,0x0000000781800000,0x0000000781a80000)
 ParOldGen       total 62976K, used 21403K [0x0000000700000000, 0x0000000703d80000, 0x0000000780000000)
  object space 62976K, 33% used [0x0000000700000000,0x00000007014e6cc0,0x0000000703d80000)
 Metaspace       used 44448K, capacity 44832K, committed 45056K, reserved 1089536K
  class space    used 4466K, capacity 4590K, committed 4608K, reserved 1048576K
Event: 659.988 GC heap after
Heap after GC invocations=109 (full 2):
 PSYoungGen      total 25088K, used 224K [0x0000000780000000, 0x0000000781c00000, 0x00000007c0000000)
  eden space 24576K, 0% used [0x0000000780000000,0x0000000780000000,0x0000000781800000)
  from space 512K, 43% used [0x0000000781800000,0x0000000781838000,0x0000000781880000)
  to   space 2048K, 0% used [0x0000000781a00000,0x0000000781a00000,0x0000000781c00000)
 ParOldGen       total 62976K, used 21643K [0x0000000700000000, 0x0000000703d80000, 0x0000000780000000)
  object space 62976K, 34% used [0x0000000700000000,0x0000000701522ce0,0x0000000703d80000)
 Metaspace       used 44448K, capacity 44832K, committed 45056K, reserved 1089536K
  class space    used 4466K, capacity 4590K, committed 4608K, reserved 1048576K
}
Event: 660.033 GC heap before
{Heap before GC invocations=110 (full 2):
 PSYoungGen      total 25088K, used 24800K [0x0000000780000000, 0x0000000781c00000, 0x00000007c0000000)
  eden space 24576K, 100% used [0x0000000780000000,0x0000000781800000,0x0000000781800000)
  from space 512K, 43% used [0x0000000781800000,0x0000000781838000,0x0000000781880000)
  to   space 2048K, 0% used [0x0000000781a00000,0x0000000781a00000,0x0000000781c00000)
 ParOldGen       total 62976K, used 21643K [0x0000000700000000, 0x0000000703d80000, 0x0000000780000000)
  object space 62976K, 34% used [0x0000000700000000,0x0000000701522ce0,0x0000000703d80000)
 Metaspace       used 44540K, capacity 44920K, committed 45312K, reserved 1089536K
  class space    used 4475K, capacity 4594K, committed 4608K, reserved 1048576K
Event: 660.036 GC heap after
Heap after GC invocations=110 (full 2):
 PSYoungGen      total 26624K, used 224K [0x0000000780000000, 0x0000000782100000, 0x00000007c0000000)
  eden space 24576K, 0% used [0x0000000780000000,0x0000000780000000,0x0000000781800000)
  from space 2048K, 10% used [0x0000000781a00000,0x0000000781a38000,0x0000000781c00000)
  to   space 2048K, 0% used [0x0000000781800000,0x0000000781800000,0x0000000781a00000)
 ParOldGen       total 62976K, used 21771K [0x0000000700000000, 0x0000000703d80000, 0x0000000780000000)
  object space 62976K, 34% used [0x0000000700000000,0x0000000701542ce0,0x0000000703d80000)
 Metaspace       used 44540K, capacity 44920K, committed 45312K, reserved 1089536K
  class space    used 4475K, capacity 4594K, committed 4608K, reserved 1048576K
}
Event: 660.106 GC heap before
{Heap before GC invocations=111 (full 2):
 PSYoungGen      total 26624K, used 24800K [0x0000000780000000, 0x0000000782100000, 0x00000007c0000000)
  eden space 24576K, 100% used [0x0000000780000000,0x0000000781800000,0x0000000781800000)
  from space 2048K, 10% used [0x0000000781a00000,0x0000000781a38000,0x0000000781c00000)
  to   space 2048K, 0% used [0x0000000781800000,0x0000000781800000,0x0000000781a00000)
 ParOldGen       total 62976K, used 21771K [0x0000000700000000, 0x0000000703d80000, 0x0000000780000000)
  object space 62976K, 34% used [0x0000000700000000,0x0000000701542ce0,0x0000000703d80000)
 Metaspace       used 44583K, capacity 44920K, committed 45312K, reserved 1089536K
  class space    used 4475K, capacity 4594K, committed 4608K, reserved 1048576K
Event: 660.108 GC heap after
Heap after GC invocations=111 (full 2):
 PSYoungGen      total 26624K, used 1152K [0x0000000780000000, 0x0000000782100000, 0x00000007c0000000)
  eden space 24576K, 0% used [0x0000000780000000,0x0000000780000000,0x0000000781800000)
  from space 2048K, 56% used [0x0000000781800000,0x00000007819201f0,0x0000000781a00000)
  to   space 2048K, 0% used [0x0000000781f00000,0x0000000781f00000,0x0000000782100000)
 ParOldGen       total 62976K, used 21883K [0x0000000700000000, 0x0000000703d80000, 0x0000000780000000)
  object space 62976K, 34% used [0x0000000700000000,0x000000070155ece0,0x0000000703d80000)
 Metaspace       used 44583K, capacity 44920K, committed 45312K, reserved 1089536K
  class space    used 4475K, capacity 4594K, committed 4608K, reserved 1048576K
}
Event: 678.673 GC heap before
{Heap before GC invocations=112 (full 2):
 PSYoungGen      total 26624K, used 25728K [0x0000000780000000, 0x0000000782100000, 0x00000007c0000000)
  eden space 24576K, 100% used [0x0000000780000000,0x0000000781800000,0x0000000781800000)
  from space 2048K, 56% used [0x0000000781800000,0x00000007819201f0,0x0000000781a00000)
  to   space 2048K, 0% used [0x0000000781f00000,0x0000000781f00000,0x0000000782100000)
 ParOldGen       total 62976K, used 21883K [0x0000000700000000, 0x0000000703d80000, 0x0000000780000000)
  object space 62976K, 34% used [0x0000000700000000,0x000000070155ece0,0x0000000703d80000)
 Metaspace       used 47175K, capacity 47528K, committed 47872K, reserved 1091584K
  class space    used 4706K, capacity 4822K, committed 4864K, reserved 1048576K
Event: 678.677 GC heap after
Heap after GC invocations=112 (full 2):
 PSYoungGen      total 30720K, used 2035K [0x0000000780000000, 0x0000000782300000, 0x00000007c0000000)
  eden space 28672K, 0% used [0x0000000780000000,0x0000000780000000,0x0000000781c00000)
  from space 2048K, 99% used [0x0000000781f00000,0x00000007820fcd58,0x0000000782100000)
  to   space 3072K, 0% used [0x0000000781c00000,0x0000000781c00000,0x0000000781f00000)
 ParOldGen       total 62976K, used 22484K [0x0000000700000000, 0x0000000703d80000, 0x0000000780000000)
  object space 62976K, 35% used [0x0000000700000000,0x00000007015f5020,0x0000000703d80000)
 Metaspace       used 47175K, capacity 47528K, committed 47872K, reserved 1091584K
  class space    used 4706K, capacity 4822K, committed 4864K, reserved 1048576K
}

Deoptimization events (10 events):
Event: 660.579 Thread 0x00007fa00c8b6000 Uncommon trap: reason=unstable_if action=reinterpret pc=0x000000011089ec98 method=sun.java2d.loops.CompositeType.forAlphaComposite(Ljava/awt/AlphaComposite;)Lsun/java2d/loops/CompositeType; @ 99
Event: 660.580 Thread 0x00007fa00c8b6000 Uncommon trap: reason=unstable_if action=reinterpret pc=0x00000001114cbbb8 method=sun.java2d.pipe.PixelToParallelogramConverter.len(DD)D @ 16
Event: 660.587 Thread 0x00007fa00c8b6000 Uncommon trap: reason=class_check action=maybe_recompile pc=0x0000000110ee8d38 method=sun.java2d.pipe.PixelToParallelogramConverter.fill(Lsun/java2d/SunGraphics2D;Ljava/awt/Shape;)V @ 8
Event: 660.587 Thread 0x00007fa00c8b6000 Uncommon trap: reason=class_check action=maybe_recompile pc=0x000000011179258c method=sun.java2d.pipe.PixelToParallelogramConverter.fill(Lsun/java2d/SunGraphics2D;Ljava/awt/Shape;)V @ 8
Event: 669.479 Thread 0x00007fa00c8b6000 Uncommon trap: reason=unstable_if action=reinterpret pc=0x0000000110cd8658 method=java.awt.Rectangle.inside(II)Z @ 79
Event: 678.282 Thread 0x00007fa00c8b6000 Uncommon trap: reason=unstable_if action=reinterpret pc=0x000000011168d490 method=java.lang.StrictMath.floorOrCeil(DDDD)D @ 115
Event: 687.582 Thread 0x00007fa00c8b6000 Uncommon trap: reason=bimorphic action=maybe_recompile pc=0x0000000111b668c8 method=java.awt.geom.RectangularShape.getMinY()D @ 1
Event: 687.582 Thread 0x00007fa00c8b6000 Uncommon trap: reason=bimorphic action=maybe_recompile pc=0x0000000111b668c8 method=java.awt.geom.RectangularShape.getMinY()D @ 1
Event: 687.589 Thread 0x00007fa00c8b6000 Uncommon trap: reason=unstable_if action=reinterpret pc=0x00000001113b2548 method=org.jfree.chart.axis.CategoryAxis.calculateCategorySize(ILjava/awt/geom/Rectangle2D;Lorg/jfree/ui/RectangleEdge;)D @ 51
Event: 687.595 Thread 0x00007fa00c8b6000 Uncommon trap: reason=unstable_if action=reinterpret pc=0x0000000111c5fdd4 method=sun.java2d.pipe.PixelToParallelogramConverter.draw(Lsun/java2d/SunGraphics2D;Ljava/awt/Shape;)V @ 20

Internal exceptions (10 events):
Event: 534.265 Thread 0x00007fa00c8b6000 Implicit null exception at 0x0000000110e7b070 to 0x0000000110e7b0dd
Event: 534.265 Thread 0x00007fa00c8b6000 Implicit null exception at 0x0000000110e8753f to 0x0000000110e87686
Event: 534.279 Thread 0x00007fa00c8b6000 Implicit null exception at 0x0000000111b676af to 0x0000000111b6a8a9
Event: 586.867 Thread 0x00007fa00c8b6000 Implicit null exception at 0x00000001119d923d to 0x00000001119da549
Event: 649.740 Thread 0x00007fa00c8b6000 Implicit null exception at 0x00000001118ddc84 to 0x00000001118e0485
Event: 656.882 Thread 0x00007fa00c8b6000 Implicit null exception at 0x0000000110e1e148 to 0x0000000110e1e4dd
Event: 657.089 Thread 0x00007fa00c8b6000 Implicit null exception at 0x000000011170aca5 to 0x000000011170bdc9
Event: 660.193 Thread 0x00007fa00c8b6000 Exception <a 'java/lang/ClassNotFoundException': app/report/MeseciBeanInfo> (0x0000000780223be0) thrown at [/Users/java_re/workspace/8-2-build-macosx-x86_64/jdk8u65/4987/hotspot/src/share/vm/classfile/systemDictionary.cpp, line 210]
Event: 660.194 Thread 0x00007fa00c8b6000 Exception <a 'java/lang/ClassNotFoundException': app/report/MeseciCustomizer> (0x000000078022cb78) thrown at [/Users/java_re/workspace/8-2-build-macosx-x86_64/jdk8u65/4987/hotspot/src/share/vm/classfile/systemDictionary.cpp, line 210]
Event: 660.560 Thread 0x00007fa00c8b6000 Implicit null exception at 0x0000000111be2928 to 0x0000000111be42c9

Events (10 events):
Event: 689.887 Executing VM operation: BulkRevokeBias
Event: 689.887 Executing VM operation: BulkRevokeBias done
Event: 689.887 Executing VM operation: RevokeBias
Event: 689.887 Executing VM operation: RevokeBias done
Event: 689.887 Executing VM operation: RevokeBias
Event: 689.887 Executing VM operation: RevokeBias done
Event: 689.887 Executing VM operation: RevokeBias
Event: 689.887 Executing VM operation: RevokeBias done
Event: 689.887 Executing VM operation: RevokeBias
Event: 689.888 Executing VM operation: RevokeBias done


Dynamic libraries:
0x000000000528a000 	/System/Library/Frameworks/Cocoa.framework/Versions/A/Cocoa
0x000000000528a000 	/System/Library/Frameworks/Security.framework/Versions/A/Security
0x000000000528a000 	/System/Library/Frameworks/ApplicationServices.framework/Versions/A/ApplicationServices
0x000000000528a000 	/usr/lib/libz.1.dylib
0x000000000528a000 	/usr/lib/libSystem.B.dylib
0x000000000528a000 	/usr/lib/libobjc.A.dylib
0x000000000528a000 	/System/Library/Frameworks/CoreFoundation.framework/Versions/A/CoreFoundation
0x000000000528a000 	/System/Library/Frameworks/Foundation.framework/Versions/C/Foundation
0x000000000528a000 	/System/Library/Frameworks/AppKit.framework/Versions/C/AppKit
0x000000000528a000 	/System/Library/Frameworks/CoreData.framework/Versions/A/CoreData
0x000000000528a000 	/System/Library/PrivateFrameworks/RemoteViewServices.framework/Versions/A/RemoteViewServices
0x000000000528a000 	/System/Library/PrivateFrameworks/UIFoundation.framework/Versions/A/UIFoundation
0x000000000528a000 	/usr/lib/libScreenReader.dylib
0x000000000528a000 	/System/Library/Frameworks/Accelerate.framework/Versions/A/Accelerate
0x000000000528a000 	/System/Library/Frameworks/IOSurface.framework/Versions/A/IOSurface
0x000000000528a000 	/System/Library/Frameworks/AudioToolbox.framework/Versions/A/AudioToolbox
0x000000000528a000 	/System/Library/Frameworks/AudioUnit.framework/Versions/A/AudioUnit
0x000000000528a000 	/System/Library/PrivateFrameworks/DataDetectorsCore.framework/Versions/A/DataDetectorsCore
0x000000000528a000 	/System/Library/PrivateFrameworks/DesktopServicesPriv.framework/Versions/A/DesktopServicesPriv
0x000000000528a000 	/System/Library/Frameworks/Carbon.framework/Versions/A/Frameworks/HIToolbox.framework/Versions/A/HIToolbox
0x000000000528a000 	/System/Library/Frameworks/QuartzCore.framework/Versions/A/QuartzCore
0x000000000528a000 	/System/Library/Frameworks/Carbon.framework/Versions/A/Frameworks/SpeechRecognition.framework/Versions/A/SpeechRecognition
0x000000000528a000 	/usr/lib/libauto.dylib
0x000000000528a000 	/usr/lib/libicucore.A.dylib
0x000000000528a000 	/usr/lib/libxml2.2.dylib
0x000000000528a000 	/System/Library/PrivateFrameworks/CoreUI.framework/Versions/A/CoreUI
0x000000000528a000 	/System/Library/Frameworks/CoreAudio.framework/Versions/A/CoreAudio
0x000000000528a000 	/System/Library/Frameworks/DiskArbitration.framework/Versions/A/DiskArbitration
0x000000000528a000 	/usr/lib/liblangid.dylib
0x000000000528a000 	/System/Library/PrivateFrameworks/MultitouchSupport.framework/Versions/A/MultitouchSupport
0x000000000528a000 	/System/Library/Frameworks/IOKit.framework/Versions/A/IOKit
0x000000000528a000 	/usr/lib/libDiagnosticMessagesClient.dylib
0x000000000528a000 	/System/Library/Frameworks/CoreServices.framework/Versions/A/CoreServices
0x000000000528a000 	/System/Library/PrivateFrameworks/PerformanceAnalysis.framework/Versions/A/PerformanceAnalysis
0x000000000528a000 	/System/Library/PrivateFrameworks/GenerationalStorage.framework/Versions/A/GenerationalStorage
0x000000000528a000 	/System/Library/Frameworks/OpenGL.framework/Versions/A/OpenGL
0x000000000528a000 	/System/Library/PrivateFrameworks/Sharing.framework/Versions/A/Sharing
0x000000000528a000 	/System/Library/Frameworks/CoreGraphics.framework/Versions/A/CoreGraphics
0x000000000528a000 	/System/Library/Frameworks/CoreImage.framework/Versions/A/CoreImage
0x000000000528a000 	/System/Library/Frameworks/CoreText.framework/Versions/A/CoreText
0x000000000528a000 	/System/Library/Frameworks/ImageIO.framework/Versions/A/ImageIO
0x000000000528a000 	/System/Library/PrivateFrameworks/Backup.framework/Versions/A/Backup
0x000000000528a000 	/usr/lib/libextension.dylib
0x000000000528a000 	/usr/lib/libarchive.2.dylib
0x000000000528a000 	/System/Library/Frameworks/CFNetwork.framework/Versions/A/CFNetwork
0x000000000528a000 	/System/Library/Frameworks/SystemConfiguration.framework/Versions/A/SystemConfiguration
0x000000000528a000 	/usr/lib/libCRFSuite.dylib
0x000000000528a000 	/usr/lib/libc++.1.dylib
0x000000000528a000 	/usr/lib/libc++abi.dylib
0x000000000528a000 	/usr/lib/system/libcache.dylib
0x000000000528a000 	/usr/lib/system/libcommonCrypto.dylib
0x000000000528a000 	/usr/lib/system/libcompiler_rt.dylib
0x000000000528a000 	/usr/lib/system/libcopyfile.dylib
0x000000000528a000 	/usr/lib/system/libcorecrypto.dylib
0x000000000528a000 	/usr/lib/system/libdispatch.dylib
0x000000000528a000 	/usr/lib/system/libdyld.dylib
0x000000000528a000 	/usr/lib/system/libkeymgr.dylib
0x000000000528a000 	/usr/lib/system/liblaunch.dylib
0x000000000528a000 	/usr/lib/system/libmacho.dylib
0x000000000528a000 	/usr/lib/system/libquarantine.dylib
0x000000000528a000 	/usr/lib/system/libremovefile.dylib
0x000000000528a000 	/usr/lib/system/libsystem_asl.dylib
0x000000000528a000 	/usr/lib/system/libsystem_blocks.dylib
0x000000000528a000 	/usr/lib/system/libsystem_c.dylib
0x000000000528a000 	/usr/lib/system/libsystem_configuration.dylib
0x000000000528a000 	/usr/lib/system/libsystem_coreservices.dylib
0x000000000528a000 	/usr/lib/system/libsystem_coretls.dylib
0x000000000528a000 	/usr/lib/system/libsystem_dnssd.dylib
0x000000000528a000 	/usr/lib/system/libsystem_info.dylib
0x000000000528a000 	/usr/lib/system/libsystem_kernel.dylib
0x000000000528a000 	/usr/lib/system/libsystem_m.dylib
0x000000000528a000 	/usr/lib/system/libsystem_malloc.dylib
0x000000000528a000 	/usr/lib/system/libsystem_network.dylib
0x000000000528a000 	/usr/lib/system/libsystem_networkextension.dylib
0x000000000528a000 	/usr/lib/system/libsystem_notify.dylib
0x000000000528a000 	/usr/lib/system/libsystem_platform.dylib
0x000000000528a000 	/usr/lib/system/libsystem_pthread.dylib
0x000000000528a000 	/usr/lib/system/libsystem_sandbox.dylib
0x000000000528a000 	/usr/lib/system/libsystem_secinit.dylib
0x000000000528a000 	/usr/lib/system/libsystem_trace.dylib
0x000000000528a000 	/usr/lib/system/libunc.dylib
0x000000000528a000 	/usr/lib/system/libunwind.dylib
0x000000000528a000 	/usr/lib/system/libxpc.dylib
0x000000000528a000 	/usr/lib/libenergytrace.dylib
0x000000000528a000 	/usr/lib/libbsm.0.dylib
0x000000000528a000 	/usr/lib/system/libkxld.dylib
0x000000000528a000 	/usr/lib/libxar.1.dylib
0x000000000528a000 	/usr/lib/libsqlite3.dylib
0x000000000528a000 	/usr/lib/libpam.2.dylib
0x000000000528a000 	/usr/lib/libOpenScriptingUtil.dylib
0x000000000528a000 	/usr/lib/libbz2.1.0.dylib
0x000000000528a000 	/usr/lib/liblzma.5.dylib
0x000000000528a000 	/System/Library/Frameworks/CoreServices.framework/Versions/A/Frameworks/FSEvents.framework/Versions/A/FSEvents
0x000000000528a000 	/System/Library/Frameworks/CoreServices.framework/Versions/A/Frameworks/CarbonCore.framework/Versions/A/CarbonCore
0x000000000528a000 	/System/Library/Frameworks/CoreServices.framework/Versions/A/Frameworks/Metadata.framework/Versions/A/Metadata
0x000000000528a000 	/System/Library/Frameworks/CoreServices.framework/Versions/A/Frameworks/OSServices.framework/Versions/A/OSServices
0x000000000528a000 	/System/Library/Frameworks/CoreServices.framework/Versions/A/Frameworks/SearchKit.framework/Versions/A/SearchKit
0x000000000528a000 	/System/Library/Frameworks/CoreServices.framework/Versions/A/Frameworks/AE.framework/Versions/A/AE
0x000000000528a000 	/System/Library/Frameworks/CoreServices.framework/Versions/A/Frameworks/LaunchServices.framework/Versions/A/LaunchServices
0x000000000528a000 	/System/Library/Frameworks/CoreServices.framework/Versions/A/Frameworks/DictionaryServices.framework/Versions/A/DictionaryServices
0x000000000528a000 	/System/Library/Frameworks/CoreServices.framework/Versions/A/Frameworks/SharedFileList.framework/Versions/A/SharedFileList
0x000000000528a000 	/System/Library/Frameworks/NetFS.framework/Versions/A/NetFS
0x000000000528a000 	/System/Library/PrivateFrameworks/NetAuth.framework/Versions/A/NetAuth
0x000000000528a000 	/System/Library/PrivateFrameworks/login.framework/Versions/A/Frameworks/loginsupport.framework/Versions/A/loginsupport
0x000000000528a000 	/System/Library/PrivateFrameworks/TCC.framework/Versions/A/TCC
0x000000000528a000 	/usr/lib/libmecabra.dylib
0x000000000528a000 	/System/Library/Frameworks/ApplicationServices.framework/Versions/A/Frameworks/ATS.framework/Versions/A/ATS
0x000000000528a000 	/System/Library/Frameworks/ApplicationServices.framework/Versions/A/Frameworks/ColorSync.framework/Versions/A/ColorSync
0x000000000528a000 	/System/Library/Frameworks/ApplicationServices.framework/Versions/A/Frameworks/HIServices.framework/Versions/A/HIServices
0x000000000528a000 	/System/Library/Frameworks/ApplicationServices.framework/Versions/A/Frameworks/LangAnalysis.framework/Versions/A/LangAnalysis
0x000000000528a000 	/System/Library/Frameworks/ApplicationServices.framework/Versions/A/Frameworks/PrintCore.framework/Versions/A/PrintCore
0x000000000528a000 	/System/Library/Frameworks/ApplicationServices.framework/Versions/A/Frameworks/QD.framework/Versions/A/QD
0x000000000528a000 	/System/Library/Frameworks/ApplicationServices.framework/Versions/A/Frameworks/SpeechSynthesis.framework/Versions/A/SpeechSynthesis
0x000000000528a000 	/System/Library/Frameworks/Metal.framework/Versions/A/Metal
0x000000000528a000 	/System/Library/Frameworks/Accelerate.framework/Versions/A/Frameworks/vImage.framework/Versions/A/vImage
0x000000000528a000 	/System/Library/Frameworks/Accelerate.framework/Versions/A/Frameworks/vecLib.framework/Versions/A/vecLib
0x000000000528a000 	/System/Library/Frameworks/Accelerate.framework/Versions/A/Frameworks/vecLib.framework/Versions/A/libvDSP.dylib
0x000000000528a000 	/System/Library/Frameworks/Accelerate.framework/Versions/A/Frameworks/vecLib.framework/Versions/A/libvMisc.dylib
0x000000000528a000 	/System/Library/Frameworks/Accelerate.framework/Versions/A/Frameworks/vecLib.framework/Versions/A/libLAPACK.dylib
0x000000000528a000 	/System/Library/Frameworks/Accelerate.framework/Versions/A/Frameworks/vecLib.framework/Versions/A/libBLAS.dylib
0x000000000528a000 	/System/Library/Frameworks/Accelerate.framework/Versions/A/Frameworks/vecLib.framework/Versions/A/libLinearAlgebra.dylib
0x000000000528a000 	/System/Library/Frameworks/Accelerate.framework/Versions/A/Frameworks/vecLib.framework/Versions/A/libSparseBLAS.dylib
0x000000000528a000 	/System/Library/PrivateFrameworks/GPUCompiler.framework/libmetal_timestamp.dylib
0x000000000528a000 	/System/Library/Frameworks/OpenGL.framework/Versions/A/Libraries/libCoreFSCache.dylib
0x000000000528a000 	/System/Library/PrivateFrameworks/IOAccelerator.framework/Versions/A/IOAccelerator
0x000000000528a000 	/System/Library/Frameworks/ApplicationServices.framework/Versions/A/Frameworks/ATS.framework/Versions/A/Resources/libFontParser.dylib
0x000000000528a000 	/System/Library/Frameworks/ApplicationServices.framework/Versions/A/Frameworks/ATS.framework/Versions/A/Resources/libFontRegistry.dylib
0x000000000528a000 	/System/Library/PrivateFrameworks/AppleVPA.framework/Versions/A/AppleVPA
0x000000000528a000 	/System/Library/PrivateFrameworks/AppleJPEG.framework/Versions/A/AppleJPEG
0x000000000528a000 	/System/Library/Frameworks/ImageIO.framework/Versions/A/Resources/libJPEG.dylib
0x000000000528a000 	/System/Library/Frameworks/ImageIO.framework/Versions/A/Resources/libTIFF.dylib
0x000000000528a000 	/System/Library/Frameworks/ImageIO.framework/Versions/A/Resources/libPng.dylib
0x000000000528a000 	/System/Library/Frameworks/ImageIO.framework/Versions/A/Resources/libGIF.dylib
0x000000000528a000 	/System/Library/Frameworks/ImageIO.framework/Versions/A/Resources/libJP2.dylib
0x000000000528a000 	/System/Library/Frameworks/ImageIO.framework/Versions/A/Resources/libRadiance.dylib
0x000000000528a000 	/System/Library/Frameworks/CoreVideo.framework/Versions/A/CoreVideo
0x000000000528a000 	/System/Library/Frameworks/OpenGL.framework/Versions/A/Libraries/libGLU.dylib
0x000000000528a000 	/System/Library/Frameworks/OpenGL.framework/Versions/A/Libraries/libGFXShared.dylib
0x000000000528a000 	/System/Library/Frameworks/OpenGL.framework/Versions/A/Libraries/libGL.dylib
0x000000000528a000 	/System/Library/Frameworks/OpenGL.framework/Versions/A/Libraries/libGLImage.dylib
0x000000000528a000 	/System/Library/Frameworks/OpenGL.framework/Versions/A/Libraries/libCVMSPluginSupport.dylib
0x000000000528a000 	/System/Library/Frameworks/OpenGL.framework/Versions/A/Libraries/libCoreVMClient.dylib
0x000000000528a000 	/usr/lib/libcups.2.dylib
0x000000000528a000 	/System/Library/Frameworks/Kerberos.framework/Versions/A/Kerberos
0x000000000528a000 	/System/Library/Frameworks/GSS.framework/Versions/A/GSS
0x000000000528a000 	/usr/lib/libresolv.9.dylib
0x000000000528a000 	/usr/lib/libiconv.2.dylib
0x000000000528a000 	/System/Library/PrivateFrameworks/Heimdal.framework/Versions/A/Heimdal
0x000000000528a000 	/usr/lib/libheimdal-asn1.dylib
0x000000000528a000 	/System/Library/Frameworks/OpenDirectory.framework/Versions/A/OpenDirectory
0x000000000528a000 	/System/Library/PrivateFrameworks/CommonAuth.framework/Versions/A/CommonAuth
0x000000000528a000 	/System/Library/Frameworks/OpenDirectory.framework/Versions/A/Frameworks/CFOpenDirectory.framework/Versions/A/CFOpenDirectory
0x000000000528a000 	/System/Library/Frameworks/SecurityFoundation.framework/Versions/A/SecurityFoundation
0x000000000528a000 	/System/Library/PrivateFrameworks/LanguageModeling.framework/Versions/A/LanguageModeling
0x000000000528a000 	/usr/lib/libmarisa.dylib
0x000000000528a000 	/usr/lib/libChineseTokenizer.dylib
0x000000000528a000 	/usr/lib/libcmph.dylib
0x000000000528a000 	/usr/lib/libcompression.dylib
0x000000000528a000 	/System/Library/Frameworks/ServiceManagement.framework/Versions/A/ServiceManagement
0x000000000528a000 	/usr/lib/libxslt.1.dylib
0x000000000528a000 	/System/Library/Frameworks/Carbon.framework/Versions/A/Frameworks/Ink.framework/Versions/A/Ink
0x000000000528a000 	/usr/lib/libFosl_dynamic.dylib
0x000000000528a000 	/System/Library/PrivateFrameworks/FaceCore.framework/Versions/A/FaceCore
0x000000000528a000 	/System/Library/Frameworks/OpenCL.framework/Versions/A/OpenCL
0x000000000528a000 	/System/Library/PrivateFrameworks/CrashReporterSupport.framework/Versions/A/CrashReporterSupport
0x000000000528a000 	/System/Library/PrivateFrameworks/IconServices.framework/Versions/A/IconServices
0x000000000528a000 	/System/Library/PrivateFrameworks/Apple80211.framework/Versions/A/Apple80211
0x000000000528a000 	/System/Library/Frameworks/CoreWLAN.framework/Versions/A/CoreWLAN
0x000000000528a000 	/System/Library/Frameworks/IOBluetooth.framework/Versions/A/IOBluetooth
0x000000000528a000 	/System/Library/PrivateFrameworks/CoreWiFi.framework/Versions/A/CoreWiFi
0x000000000528a000 	/System/Library/Frameworks/CoreBluetooth.framework/Versions/A/CoreBluetooth
0x000000000528a000 	/System/Library/PrivateFrameworks/ChunkingLibrary.framework/Versions/A/ChunkingLibrary
0x000000000528a000 	/System/Library/PrivateFrameworks/DebugSymbols.framework/Versions/A/DebugSymbols
0x000000000528a000 	/System/Library/PrivateFrameworks/CoreSymbolication.framework/Versions/A/CoreSymbolication
0x000000000528a000 	/System/Library/PrivateFrameworks/Symbolication.framework/Versions/A/Symbolication
0x000000000528a000 	/System/Library/PrivateFrameworks/SpeechRecognitionCore.framework/Versions/A/SpeechRecognitionCore
0x000000010f800000 	/Library/Internet Plug-Ins/JavaAppletPlugin.plugin/Contents/Home/lib/server/libjvm.dylib
0x000000000528a000 	/usr/lib/libstdc++.6.dylib
0x000000010ef04000 	/Library/Internet Plug-Ins/JavaAppletPlugin.plugin/Contents/Home/lib/libverify.dylib
0x000000010ef12000 	/Library/Internet Plug-Ins/JavaAppletPlugin.plugin/Contents/Home/lib/libjava.dylib
0x000000010ef51000 	/Library/Internet Plug-Ins/JavaAppletPlugin.plugin/Contents/Home/lib/libzip.dylib
0x0000000128595000 	/System/Library/Frameworks/JavaVM.framework/Frameworks/JavaRuntimeSupport.framework/JavaRuntimeSupport
0x00000001285b0000 	/System/Library/Frameworks/JavaVM.framework/Versions/A/Frameworks/JavaNativeFoundation.framework/Versions/A/JavaNativeFoundation
0x000000010eff1000 	/System/Library/Frameworks/JavaVM.framework/Versions/A/JavaVM
0x000000000528a000 	/System/Library/Frameworks/Carbon.framework/Versions/A/Carbon
0x00000001285c5000 	/System/Library/PrivateFrameworks/JavaLaunching.framework/Versions/A/JavaLaunching
0x000000000528a000 	/System/Library/Frameworks/Carbon.framework/Versions/A/Frameworks/CommonPanels.framework/Versions/A/CommonPanels
0x000000000528a000 	/System/Library/Frameworks/Carbon.framework/Versions/A/Frameworks/Help.framework/Versions/A/Help
0x000000000528a000 	/System/Library/Frameworks/Carbon.framework/Versions/A/Frameworks/ImageCapture.framework/Versions/A/ImageCapture
0x000000000528a000 	/System/Library/Frameworks/Carbon.framework/Versions/A/Frameworks/OpenScripting.framework/Versions/A/OpenScripting
0x000000000528a000 	/System/Library/Frameworks/Carbon.framework/Versions/A/Frameworks/Print.framework/Versions/A/Print
0x000000000528a000 	/System/Library/Frameworks/Carbon.framework/Versions/A/Frameworks/SecurityHI.framework/Versions/A/SecurityHI
0x0000000129f28000 	/Library/Internet Plug-Ins/JavaAppletPlugin.plugin/Contents/Home/lib/libawt.dylib
0x0000000129fd0000 	/Library/Internet Plug-Ins/JavaAppletPlugin.plugin/Contents/Home/lib/./libmlib_image.dylib
0x000000012a09c000 	/Library/Internet Plug-Ins/JavaAppletPlugin.plugin/Contents/Home/lib/libawt_lwawt.dylib
0x000000012a151000 	/Library/Internet Plug-Ins/JavaAppletPlugin.plugin/Contents/Home/lib/./libosxapp.dylib
0x000000000528a000 	/System/Library/Frameworks/ExceptionHandling.framework/Versions/A/ExceptionHandling
0x000000000528a000 	/System/Library/PrivateFrameworks/CoreServicesInternal.framework/Versions/A/CoreServicesInternal
0x000000000528a000 	/System/Library/Frameworks/CoreGraphics.framework/Versions/A/Resources/libRIP.A.dylib
0x000000000528a000 	/System/Library/Frameworks/Accelerate.framework/Versions/A/Frameworks/vImage.framework/Versions/A/Libraries/libCGInterfaces.dylib
0x000000000528a000 	/System/Library/Frameworks/CoreGraphics.framework/Versions/A/Resources/libCGXType.A.dylib
0x000000000528a000 	/System/Library/Frameworks/OpenCL.framework/Versions/A/Libraries/libcldcpuengine.dylib
0x000000000528a000 	/System/Library/PrivateFrameworks/DiskImages.framework/Versions/A/DiskImages
0x000000000528a000 	/System/Library/Frameworks/DiscRecording.framework/Versions/A/DiscRecording
0x000000000528a000 	/usr/lib/libcsfde.dylib
0x000000000528a000 	/usr/lib/libcurl.4.dylib
0x000000000528a000 	/System/Library/PrivateFrameworks/MediaKit.framework/Versions/A/MediaKit
0x000000000528a000 	/System/Library/PrivateFrameworks/ProtectedCloudStorage.framework/Versions/A/ProtectedCloudStorage
0x000000000528a000 	/usr/lib/libCoreStorage.dylib
0x000000000528a000 	/System/Library/PrivateFrameworks/EFILogin.framework/Versions/A/EFILogin
0x000000000528a000 	/usr/lib/libutil.dylib
0x000000000528a000 	/System/Library/PrivateFrameworks/FindMyDevice.framework/Versions/A/FindMyDevice
0x000000000528a000 	/System/Library/Frameworks/LDAP.framework/Versions/A/LDAP
0x000000000528a000 	/usr/lib/libsasl2.2.dylib
0x000000000528a000 	/System/Library/PrivateFrameworks/CoreDaemon.framework/Versions/B/CoreDaemon
0x000000000528a000 	/usr/lib/libcrypto.0.9.8.dylib
0x000000000528a000 	/System/Library/PrivateFrameworks/AppleSRP.framework/Versions/A/AppleSRP
0x000000000528a000 	/System/Library/PrivateFrameworks/TrustEvaluationAgent.framework/Versions/A/TrustEvaluationAgent
0x000000012b8ff000 	cl_kernels
0x000000000528a000 	/System/Library/Frameworks/OpenCL.framework/Versions/A/Libraries/ImageFormats/unorm8_bgra.dylib
0x000000000528a000 	/System/Library/Frameworks/OpenCL.framework/Versions/A/Libraries/ImageFormats/unorm8_rgba.dylib
0x000000000528a000 	/System/Library/PrivateFrameworks/FamilyControls.framework/Versions/A/FamilyControls
0x000000000528a000 	/System/Library/PrivateFrameworks/CommerceKit.framework/Versions/A/Frameworks/CommerceCore.framework/Versions/A/CommerceCore
0x000000000528a000 	/System/Library/PrivateFrameworks/SystemAdministration.framework/Versions/A/SystemAdministration
0x000000000528a000 	/System/Library/PrivateFrameworks/AppContainer.framework/Versions/A/AppContainer
0x000000000528a000 	/System/Library/PrivateFrameworks/SecCodeWrapper.framework/Versions/A/SecCodeWrapper
0x000000000528a000 	/System/Library/Frameworks/DirectoryService.framework/Versions/A/DirectoryService
0x000000000528a000 	/System/Library/PrivateFrameworks/LoginUIKit.framework/Versions/A/Frameworks/LoginUICore.framework/Versions/A/LoginUICore
0x000000000528a000 	/usr/lib/libodfde.dylib
0x000000012c951000 	/Library/Internet Plug-Ins/JavaAppletPlugin.plugin/Contents/Home/lib/libfontmanager.dylib
0x000000012adc8000 	/Library/Internet Plug-Ins/JavaAppletPlugin.plugin/Contents/Home/lib/libosxui.dylib
0x000000000528a000 	/System/Library/Frameworks/OpenGL.framework/Versions/A/Resources/GLEngine.bundle/GLEngine
0x000000000528a000 	/System/Library/Frameworks/OpenGL.framework/Versions/A/Libraries/libGLProgrammability.dylib
0x000000012d6ad000 	/System/Library/Extensions/AMDRadeonX3000GLDriver.bundle/Contents/MacOS/AMDRadeonX3000GLDriver
0x000000000528a000 	/System/Library/PrivateFrameworks/GPUSupport.framework/Versions/A/Libraries/libGPUSupportMercury.dylib
0x000000012d78c000 	/System/Library/Extensions/AMDRadeonX3000GLDriver.bundle/Contents/MacOS/ATIRadeonX3000SCLib.dylib
0x000000000528a000 	/System/Library/Frameworks/OpenGL.framework/Versions/A/Resources/GLRendererFloat.bundle/GLRendererFloat
0x000000012eb93000 	/Library/Internet Plug-Ins/JavaAppletPlugin.plugin/Contents/Home/lib/libnet.dylib
0x000000012ebf2000 	/Library/Internet Plug-Ins/JavaAppletPlugin.plugin/Contents/Home/lib/libnio.dylib
0x000000000528a000 	/System/Library/Frameworks/ApplicationServices.framework/Versions/A/Frameworks/ATS.framework/Versions/A/Resources/libTrueTypeScaler.dylib
0x000000017f5ff000 	/Library/Internet Plug-Ins/JavaAppletPlugin.plugin/Contents/Home/lib/libdcpr.dylib
0x000000000528a000 	/System/Library/PrivateFrameworks/PrintingPrivate.framework/Versions/A/PrintingPrivate
0x000000000528a000 	/System/Library/Frameworks/CoreLocation.framework/Versions/A/CoreLocation
0x000000000528a000 	/System/Library/Frameworks/ImageCaptureCore.framework/Versions/A/ImageCaptureCore
0x000000000528a000 	/System/Library/Frameworks/SecurityInterface.framework/Versions/A/SecurityInterface
0x000000000528a000 	/System/Library/PrivateFrameworks/GeoServices.framework/Versions/A/GeoServices
0x000000000528a000 	/System/Library/PrivateFrameworks/ProtocolBuffer.framework/Versions/A/ProtocolBuffer
0x000000017f885000 	/System/Library/PrivateFrameworks/PrintingPrivate.framework/Versions/Current/Plugins/PrintCocoaUI.bundle/Contents/MacOS/PrintCocoaUI
0x000000000528a000 	/System/Library/Frameworks/ScriptingBridge.framework/Versions/A/ScriptingBridge
0x000000000528a000 	/usr/lib/libffi.dylib
0x000000017ff97000 	/System/Library/PrivateFrameworks/PrintingPrivate.framework/Versions/A/Plugins/PrintingCocoaPDEs.bundle/Contents/MacOS/PrintingCocoaPDEs
0x000000000528a000 	/System/Library/Frameworks/AddressBook.framework/Versions/A/AddressBook
0x000000000528a000 	/System/Library/PrivateFrameworks/ContactsPersistence.framework/Versions/A/ContactsPersistence
0x000000000528a000 	/System/Library/PrivateFrameworks/ContactsFoundation.framework/Versions/A/ContactsFoundation
0x000000000528a000 	/System/Library/PrivateFrameworks/vCard.framework/Versions/A/vCard
0x000000000528a000 	/System/Library/PrivateFrameworks/IntlPreferences.framework/Versions/A/IntlPreferences
0x000000000528a000 	/System/Library/PrivateFrameworks/ToneLibrary.framework/Versions/A/ToneLibrary
0x000000000528a000 	/System/Library/PrivateFrameworks/ToneKit.framework/Versions/A/ToneKit
0x000000000528a000 	/System/Library/PrivateFrameworks/ApplePushService.framework/Versions/A/ApplePushService
0x000000000528a000 	/System/Library/PrivateFrameworks/PhoneNumbers.framework/Versions/A/PhoneNumbers
0x000000000528a000 	/System/Library/PrivateFrameworks/ViewBridge.framework/Versions/A/ViewBridge
0x000000000528a000 	/System/Library/Frameworks/Quartz.framework/Versions/A/Quartz
0x000000000528a000 	/System/Library/Frameworks/AVFoundation.framework/Versions/A/AVFoundation
0x000000000528a000 	/System/Library/Frameworks/AVFoundation.framework/Versions/A/Resources/libAVFAudio.dylib
0x000000000528a000 	/System/Library/Frameworks/CoreMedia.framework/Versions/A/CoreMedia
0x000000000528a000 	/System/Library/Frameworks/MediaToolbox.framework/Versions/A/MediaToolbox
0x000000000528a000 	/System/Library/Frameworks/VideoToolbox.framework/Versions/A/VideoToolbox
0x000000000528a000 	/System/Library/Frameworks/CoreMediaIO.framework/Versions/A/CoreMediaIO
0x000000000528a000 	/usr/lib/libspindump.dylib
0x000000000528a000 	/System/Library/PrivateFrameworks/CoreAVCHD.framework/Versions/A/CoreAVCHD
0x000000000528a000 	/System/Library/Frameworks/MediaAccessibility.framework/Versions/A/MediaAccessibility
0x000000000528a000 	/System/Library/PrivateFrameworks/Mangrove.framework/Versions/A/Mangrove
0x000000000528a000 	/System/Library/PrivateFrameworks/CoreAUC.framework/Versions/A/CoreAUC
0x000000000528a000 	/System/Library/PrivateFrameworks/AppleVA.framework/Versions/A/AppleVA
0x000000000528a000 	/System/Library/PrivateFrameworks/XPCService.framework/Versions/A/XPCService
0x000000000528a000 	/System/Library/PrivateFrameworks/AppSandbox.framework/Versions/A/AppSandbox
0x000000000528a000 	/usr/lib/libsandbox.1.dylib
0x000000000528a000 	/usr/lib/libMatch.1.dylib
0x000000000528a000 	/System/Library/Frameworks/Quartz.framework/Versions/A/Frameworks/QuartzComposer.framework/Versions/A/QuartzComposer
0x000000000528a000 	/System/Library/Frameworks/Quartz.framework/Versions/A/Frameworks/PDFKit.framework/Versions/A/PDFKit
0x000000000528a000 	/System/Library/Frameworks/Quartz.framework/Versions/A/Frameworks/QuartzFilters.framework/Versions/A/QuartzFilters
0x000000000528a000 	/System/Library/Frameworks/Quartz.framework/Versions/A/Frameworks/ImageKit.framework/Versions/A/ImageKit
0x000000000528a000 	/System/Library/Frameworks/Quartz.framework/Versions/A/Frameworks/QuickLookUI.framework/Versions/A/QuickLookUI
0x000000000528a000 	/System/Library/Frameworks/JavaScriptCore.framework/Versions/A/JavaScriptCore
0x000000000528a000 	/System/Library/Frameworks/QTKit.framework/Versions/A/QTKit
0x000000000528a000 	/System/Library/PrivateFrameworks/AppleSystemInfo.framework/Versions/A/AppleSystemInfo
0x000000000528a000 	/System/Library/PrivateFrameworks/CoreMediaAuthoring.framework/Versions/A/CoreMediaAuthoring
0x000000000528a000 	/System/Library/PrivateFrameworks/CorePDF.framework/Versions/A/CorePDF
0x000000000528a000 	/System/Library/Frameworks/QuickLook.framework/Versions/A/QuickLook
0x000000000528a000 	/System/Library/PrivateFrameworks/DisplayServices.framework/Versions/A/DisplayServices
0x000000000528a000 	/System/Library/PrivateFrameworks/SafariServices.framework/Versions/A/SafariServices
0x000000000528a000 	/System/Library/CoreServices/RawCamera.bundle/Contents/MacOS/RawCamera
0x000000000528a000 	/System/Library/Frameworks/CoreGraphics.framework/Versions/A/Resources/libCGXCoreImage.A.dylib
0x000000012e907000 	cl_kernels
0x000000000528a000 	/System/Library/PrivateFrameworks/CloudDocs.framework/Versions/A/CloudDocs
0x000000000528a000 	/System/Library/PrivateFrameworks/CoreDuet.framework/Versions/A/CoreDuet
0x000000000528a000 	/System/Library/Frameworks/CloudKit.framework/Versions/A/CloudKit
0x000000000528a000 	/System/Library/PrivateFrameworks/CoreDuetDaemonProtocol.framework/Versions/A/CoreDuetDaemonProtocol
0x000000000528a000 	/System/Library/PrivateFrameworks/CoreDuetDebugLogging.framework/Versions/A/CoreDuetDebugLogging
0x000000000528a000 	/System/Library/Frameworks/Contacts.framework/Versions/A/Contacts
0x000000000528a000 	/System/Library/PrivateFrameworks/MMCS.framework/Versions/A/MMCS
0x000000000528a000 	/System/Library/Frameworks/Accounts.framework/Versions/A/Accounts
0x000000000528a000 	/System/Library/PrivateFrameworks/OAuth.framework/Versions/A/OAuth
0x000000000528a000 	/System/Library/PrivateFrameworks/AssetCacheServices.framework/Versions/A/AssetCacheServices
0x0000000180717000 	/System/Library/Frameworks/CoreGraphics.framework/Versions/A/Resources/libPDFRIP.A.dylib

VM Arguments:
java_command: /Users/ivan/Documents/Ovcar/Gajenje_Ovaca/target/Gajenje_Ovaca-1.0-SNAPSHOT.jar
java_class_path (initial): /Users/ivan/Documents/Ovcar/Gajenje_Ovaca/target/Gajenje_Ovaca-1.0-SNAPSHOT.jar
Launcher Type: SUN_STANDARD

Environment Variables:
PATH=/usr/bin:/bin:/usr/sbin:/sbin
SHELL=/bin/bash
DISPLAY=/private/tmp/com.apple.launchd.aTlHJng5U1/org.macosforge.xquartz:0

Signal Handlers:
SIGSEGV: [libjvm.dylib+0x5a6d31], sa_mask[0]=11111111011111110111111111111111, sa_flags=SA_ONSTACK|SA_RESTART|SA_SIGINFO
SIGBUS: [libjvm.dylib+0x5a6d31], sa_mask[0]=11111111011111110111111111111111, sa_flags=SA_RESTART|SA_SIGINFO
SIGFPE: [libjvm.dylib+0x480a40], sa_mask[0]=11111111011111110111111111111111, sa_flags=SA_RESTART|SA_SIGINFO
SIGPIPE: [libjvm.dylib+0x480a40], sa_mask[0]=11111111011111110111111111111111, sa_flags=SA_RESTART|SA_SIGINFO
SIGXFSZ: [libjvm.dylib+0x480a40], sa_mask[0]=11111111011111110111111111111111, sa_flags=SA_RESTART|SA_SIGINFO
SIGILL: [libjvm.dylib+0x480a40], sa_mask[0]=11111111011111110111111111111111, sa_flags=SA_RESTART|SA_SIGINFO
SIGUSR1: SIG_DFL, sa_mask[0]=00000000000000000000000000000000, sa_flags=none
SIGUSR2: [libjvm.dylib+0x48055e], sa_mask[0]=00000000000000000000000000000000, sa_flags=SA_RESTART|SA_SIGINFO
SIGHUP: [libjvm.dylib+0x47eb35], sa_mask[0]=11111111011111110111111111111111, sa_flags=SA_RESTART|SA_SIGINFO
SIGINT: [libjvm.dylib+0x47eb35], sa_mask[0]=11111111011111110111111111111111, sa_flags=SA_RESTART|SA_SIGINFO
SIGTERM: [libjvm.dylib+0x47eb35], sa_mask[0]=11111111011111110111111111111111, sa_flags=SA_RESTART|SA_SIGINFO
SIGQUIT: [libjvm.dylib+0x47eb35], sa_mask[0]=11111111011111110111111111111111, sa_flags=SA_RESTART|SA_SIGINFO


---------------  S Y S T E M  ---------------

OS:Bsduname:Darwin 15.0.0 Darwin Kernel Version 15.0.0: Sat Sep 19 15:53:46 PDT 2015; root:xnu-3247.10.11~1/RELEASE_X86_64 x86_64
rlimit: STACK 8192k, CORE 0k, NPROC 709, NOFILE 10240, AS infinity
load average:1.00 1.23 1.34

CPU:total 4 (4 cores per cpu, 1 threads per core) family 6 model 42 stepping 7, cmov, cx8, fxsr, mmx, sse, sse2, sse3, ssse3, sse4.1, sse4.2, popcnt, avx, aes, clmul, tsc, tscinvbit

Memory: 4k page, physical 12582912k(2690128k free)

/proc/meminfo:


vm_info: Java HotSpot(TM) 64-Bit Server VM (25.65-b01) for bsd-amd64 JRE (1.8.0_65-b17), built on Oct  6 2015 15:36:46 by "java_re" with gcc 4.2.1 (Based on Apple Inc. build 5658) (LLVM build 2336.11.00)

time: Tue Jan 12 12:40:46 2016
elapsed time: 689 seconds (0d 0h 11m 29s)

