#
# A fatal error has been detected by the Java Runtime Environment:
#
#  SIGSEGV (0xb) at pc=0x00007fff8afc24ca, pid=2290, tid=1295
#
# JRE version: Java(TM) SE Runtime Environment (8.0_65-b17) (build 1.8.0_65-b17)
# Java VM: Java HotSpot(TM) 64-Bit Server VM (25.65-b01 mixed mode bsd-amd64 compressed oops)
# Problematic frame:
# C  [CoreFoundation+0xe4ca]  CFRelease+0x2a
#
# Failed to write core dump. Core dumps have been disabled. To enable core dumping, try "ulimit -c unlimited" before starting Java again
#
# If you would like to submit a bug report, please visit:
#   http://bugreport.java.com/bugreport/crash.jsp
# The crash happened outside the Java Virtual Machine in native code.
# See problematic frame for where to report the bug.
#

---------------  T H R E A D  ---------------

Current thread (0x00007fdc8b87c800):  JavaThread "AppKit Thread" daemon [_thread_in_native, id=1295, stack(0x00007fff52d69000,0x00007fff53569000)]

siginfo: si_signo: 11 (SIGSEGV), si_code: 1 (SEGV_MAPERR), si_addr: 0x000000017ed08390

Registers:
RAX=0x0000000000000000, RBX=0x000000017ed08388, RCX=0x00000000006e4380, RDX=0x0000000000112a20
RSP=0x00007fff53564760, RBP=0x00007fff535647b0, RSI=0x0000000000000040, RDI=0x000000017ed08388
R8 =0x000000000000000c, R9 =0x0000000000000000, R10=0x00000000f51c1b9b, R11=0x00007fdc7f000000
R12=0x000000017ed08390, R13=0x00007fff769e4390, R14=0x0000000000000025, R15=0x0000000000000029
RIP=0x00007fff8afc24ca, EFLAGS=0x0000000000010246, ERR=0x0000000000000004
  TRAPNO=0x000000000000000e

Top of Stack: (sp=0x00007fff53564760)
0x00007fff53564760:   0000000000000a66 000000010c6b2000
0x00007fff53564770:   00007fff769e4390 00007fdc7af59f60
0x00007fff53564780:   00007fff535647e0 000000017ed08388
0x00007fff53564790:   00007fdc7f002ce0 00007fff769e4390
0x00007fff535647a0:   0000000000000025 0000000000000029
0x00007fff535647b0:   00007fff53564810 00007fff8b00292d
0x00007fff535647c0:   00007fdc7f134e30 00007fdc7f002e10
0x00007fff535647d0:   00007fdc7f002cc0 00007fff76f34080
0x00007fff535647e0:   00007fff53564810 0000000000000001
0x00007fff535647f0:   00007fdc7f134e30 ffff802380ecb1d0
0x00007fff53564800:   00007fff76f33e80 00007fff76f34080
0x00007fff53564810:   00007fff53564880 00007fff8c718224
0x00007fff53564820:   0000000000000000 00007fff76f34090
0x00007fff53564830:   0000000153564880 00007fff8afe2618
0x00007fff53564840:   ffff802380ecb1d0 00007fdc7e4f2520
0x00007fff53564850:   00007fdc7e4f4a00 00007fff8aff6670
0x00007fff53564860:   0000000000000000 00007fdc7f134e30
0x00007fff53564870:   00007fdc7f01de50 00007fff769ef570
0x00007fff53564880:   00007fff53564900 00007fff8afdacff
0x00007fff53564890:   00007fff53564930 00007fff9926eddc
0x00007fff535648a0:   0000000000000000 0000000000000000
0x00007fff535648b0:   00007fff769e4390 00000000a7baadb1
0x00007fff535648c0:   0000000000000003 00007fdc7f01dd90
0x00007fff535648d0:   00007fdc7f01de90 0000000000000001
0x00007fff535648e0:   00007fdc7f01de58 0000000100001280
0x00007fff535648f0:   ffffffff00000000 0000000000000012
0x00007fff53564900:   00007fff53564960 00007fff8afc2613
0x00007fff53564910:   00007fdc8fadbb90 ffff802370524470
0x00007fff53564920:   ffffffffffffffff 00007fdc7f01de50
0x00007fff53564930:   00007fff53564940 00007fdc8fa9bdc0
0x00007fff53564940:   00007fdc8fadbb90 ffff802370524470
0x00007fff53564950:   0000000000000010 00007fff8c70fe40 

Instructions: (pc=0x00007fff8afc24ca)
0x00007fff8afc24aa:   41 54 53 48 83 ec 28 48 89 fb 48 85 db 0f 84 6e
0x00007fff8afc24ba:   05 00 00 f6 c3 01 0f 85 f2 02 00 00 4c 8d 63 08
0x00007fff8afc24ca:   8b 43 08 89 c2 c1 ea 08 81 e2 ff 03 00 00 48 8b
0x00007fff8afc24da:   0b 48 85 c9 74 37 48 3b 0d 51 b6 a2 eb 74 2e 48 

Register to memory mapping:

RAX=0x0000000000000000 is an unknown value
RBX=0x000000017ed08388 is an unknown value
RCX=0x00000000006e4380 is an unknown value
RDX=0x0000000000112a20 is an unknown value
RSP=0x00007fff53564760 is pointing into the stack for thread: 0x00007fdc8b87c800
RBP=0x00007fff535647b0 is pointing into the stack for thread: 0x00007fdc8b87c800
RSI=0x0000000000000040 is an unknown value
RDI=0x000000017ed08388 is an unknown value
R8 =0x000000000000000c is an unknown value
R9 =0x0000000000000000 is an unknown value
R10=0x00000000f51c1b9b is an unknown value
R11=0x00007fdc7f000000 is an unknown value
R12=0x000000017ed08390 is an unknown value
R13=0x00007fff769e4390: __kCFAllocatorSystemDefault+0 in /System/Library/Frameworks/CoreFoundation.framework/Versions/A/CoreFoundation at 0x00007fff8afb4000
R14=0x0000000000000025 is an unknown value
R15=0x0000000000000029 is an unknown value


Stack: [0x00007fff52d69000,0x00007fff53569000],  sp=0x00007fff53564760,  free space=8173k
Native frames: (J=compiled Java code, j=interpreted, Vv=VM code, C=native code)
C  [CoreFoundation+0xe4ca]  CFRelease+0x2a
C  [CoreFoundation+0x4e92d]  -[__NSDictionaryM dealloc]+0xbd
C  [libobjc.A.dylib+0x10224]  objc_object::sidetable_release(bool)+0xf2
C  [CoreFoundation+0x26cff]  __CFBasicHashDrain+0x20f
C  [CoreFoundation+0xe613]  CFRelease+0x173
C  [PrintCore+0xe6c7]  OpaquePMPrintSession::~OpaquePMPrintSession()+0xcb
C  [PrintCore+0xe5db]  OpaquePMPrintSession::~OpaquePMPrintSession()+0xf
C  [PrintCore+0x481d]  PMBaseObject::Release(PMBaseObject*)+0x1d
C  [PrintCore+0x47e5]  PMRelease+0x2b
C  [AppKit+0x32a640]  -[NSPrintInfo dealloc]+0xed
C  [libobjc.A.dylib+0x10224]  objc_object::sidetable_release(bool)+0xf2
C  [AppKit+0x3295d3]  -[NSPrintPanel dealloc]+0x3f
C  [libobjc.A.dylib+0x10224]  objc_object::sidetable_release(bool)+0xf2
C  [libobjc.A.dylib+0xb094]  (anonymous namespace)::AutoreleasePoolPage::pop(void*)+0x1dc
C  [CoreFoundation+0x48d02]  _CFAutoreleasePoolPop+0x32
C  [Foundation+0x774eb]  __NSThreadPerformPerform+0x1e4
C  [CoreFoundation+0xaa8b1]  __CFRUNLOOP_IS_CALLING_OUT_TO_A_SOURCE0_PERFORM_FUNCTION__+0x11
C  [CoreFoundation+0x8a0ac]  __CFRunLoopDoSources0+0x22c
C  [CoreFoundation+0x895cf]  __CFRunLoopRun+0x39f
C  [CoreFoundation+0x88fc8]  CFRunLoopRunSpecific+0x128
C  [HIToolbox+0x30d55]  RunCurrentEventLoopInMode+0xeb
C  [HIToolbox+0x30b8f]  ReceiveNextEventCommon+0x1b0
C  [HIToolbox+0x309cf]  _BlockUntilNextEventMatchingListInModeWithFilter+0x47
C  [AppKit+0x49d96]  _DPSNextEvent+0x42b
C  [AppKit+0x491c5]  -[NSApplication _nextEventMatchingEventMask:untilDate:inMode:dequeue:]+0x1c6
C  [libosxapp.dylib+0x23aa]  -[NSApplicationAWT nextEventMatchingMask:untilDate:inMode:dequeue:]+0x7c
C  [AppKit+0x3dd28]  -[NSApplication run]+0x2aa
C  [libosxapp.dylib+0x214d]  +[NSApplicationAWT runAWTLoopWithApp:]+0x9c
C  [libawt_lwawt.dylib+0x44517]  -[AWTStarter starter:]+0x389
C  [Foundation+0x7741e]  __NSThreadPerformPerform+0x117
C  [CoreFoundation+0xaa8b1]  __CFRUNLOOP_IS_CALLING_OUT_TO_A_SOURCE0_PERFORM_FUNCTION__+0x11
C  [CoreFoundation+0x8a0ac]  __CFRunLoopDoSources0+0x22c
C  [CoreFoundation+0x895cf]  __CFRunLoopRun+0x39f
C  [CoreFoundation+0x88fc8]  CFRunLoopRunSpecific+0x128
C  [java+0x6463]  CreateExecutionEnvironment+0x367
C  [java+0x21ac]  JLI_Launch+0x7a0
C  [java+0x84c0]  main+0x65
C  [java+0x1a04]  start+0x34
C  0x0000000000000003


---------------  P R O C E S S  ---------------

Java Threads: ( => current thread )
  0x00007fdc9a066800 JavaThread "Thread-10" [_thread_in_native, id=56815, stack(0x0000700001c74000,0x0000700001d74000)]
  0x00007fdc8b71e800 JavaThread "Keep-Alive-Timer" daemon [_thread_blocked, id=77083, stack(0x0000700001b71000,0x0000700001c71000)]
  0x00007fdc7e8c5000 JavaThread "Thread-9" [_thread_blocked, id=68083, stack(0x000070000196b000,0x0000700001a6b000)]
  0x00007fdc7de3e000 JavaThread "process reaper" daemon [_thread_blocked, id=75967, stack(0x00007000011d0000,0x00007000011f8000)]
  0x00007fdc7d8a9800 JavaThread "Thread-5" daemon [_thread_blocked, id=66019, stack(0x0000700001a6e000,0x0000700001b6e000)]
  0x00007fdc7de64000 JavaThread "Ebean-ovceDB.0" daemon [_thread_blocked, id=61763, stack(0x00007000017e5000,0x00007000018e5000)]
  0x00007fdc8c975800 JavaThread "EbeanBackgroundThread" daemon [_thread_blocked, id=56851, stack(0x00007000016e2000,0x00007000017e2000)]
  0x00007fdc90019800 JavaThread "TimerQueue" daemon [_thread_blocked, id=59911, stack(0x00007000015df000,0x00007000016df000)]
  0x00007fdc8b90f000 JavaThread "DestroyJavaVM" [_thread_blocked, id=5891, stack(0x000070000011a000,0x000070000021a000)]
  0x00007fdc8b225000 JavaThread "AWT-EventQueue-0" [_thread_blocked, id=53331, stack(0x00007000014dc000,0x00007000015dc000)]
  0x00007fdc8b812000 JavaThread "AWT-Shutdown" [_thread_blocked, id=53007, stack(0x00007000010cd000,0x00007000011cd000)]
  0x00007fdc8b2ba800 JavaThread "Java2D Disposer" daemon [_thread_blocked, id=52227, stack(0x00007000013d9000,0x00007000014d9000)]
  0x00007fdc8b2ac000 JavaThread "Java2D Queue Flusher" daemon [_thread_blocked, id=23831, stack(0x00007000012d6000,0x00007000013d6000)]
=>0x00007fdc8b87c800 JavaThread "AppKit Thread" daemon [_thread_in_native, id=1295, stack(0x00007fff52d69000,0x00007fff53569000)]
  0x00007fdc8b831800 JavaThread "Service Thread" daemon [_thread_blocked, id=18435, stack(0x0000700000dc1000,0x0000700000ec1000)]
  0x00007fdc8b030800 JavaThread "C1 CompilerThread2" daemon [_thread_blocked, id=17923, stack(0x0000700000cbe000,0x0000700000dbe000)]
  0x00007fdc8b811000 JavaThread "C2 CompilerThread1" daemon [_thread_blocked, id=17411, stack(0x0000700000bbb000,0x0000700000cbb000)]
  0x00007fdc8c81f800 JavaThread "C2 CompilerThread0" daemon [_thread_blocked, id=16899, stack(0x0000700000ab8000,0x0000700000bb8000)]
  0x00007fdc8c81e800 JavaThread "Signal Dispatcher" daemon [_thread_blocked, id=12815, stack(0x00007000009b5000,0x0000700000ab5000)]
  0x00007fdc8c00d800 JavaThread "Finalizer" daemon [_thread_blocked, id=12291, stack(0x000070000082f000,0x000070000092f000)]
  0x00007fdc8b004000 JavaThread "Reference Handler" daemon [_thread_blocked, id=11779, stack(0x000070000072c000,0x000070000082c000)]

Other Threads:
  0x00007fdc8b80e800 VMThread [stack: 0x0000700000629000,0x0000700000729000] [id=11267]
  0x00007fdc8b029000 WatcherThread [stack: 0x0000700000ec4000,0x0000700000fc4000] [id=18947]

VM state:not at safepoint (normal execution)

VM Mutex/Monitor currently owned by a thread: None

Heap:
 PSYoungGen      total 28672K, used 19180K [0x0000000780000000, 0x0000000782600000, 0x00000007c0000000)
  eden space 26112K, 63% used [0x0000000780000000,0x00000007810419c0,0x0000000781980000)
  from space 2560K, 98% used [0x0000000781980000,0x0000000781bf9978,0x0000000781c00000)
  to   space 3584K, 0% used [0x0000000782280000,0x0000000782280000,0x0000000782600000)
 ParOldGen       total 64000K, used 23604K [0x0000000700000000, 0x0000000703e80000, 0x0000000780000000)
  object space 64000K, 36% used [0x0000000700000000,0x000000070170d188,0x0000000703e80000)
 Metaspace       used 51542K, capacity 52010K, committed 52264K, reserved 1095680K
  class space    used 5267K, capacity 5390K, committed 5416K, reserved 1048576K

Card table byte_map: [0x000000011d549000,0x000000011db4a000] byte_map_base: 0x0000000119d49000

Marking Bits: (ParMarkBitMap*) 0x000000010dadee20
 Begin Bits: [0x000000011df4a000, 0x0000000120f4a000)
 End Bits:   [0x0000000120f4a000, 0x0000000123f4a000)

Polling page: 0x000000010c98c000

CodeCache: size=245760Kb used=31014Kb max_used=32535Kb free=214745Kb
 bounds [0x000000010e189000, 0x00000001101a9000, 0x000000011d189000]
 total_blobs=8990 nmethods=8166 adapters=732
 compilation: enabled

Compilation events (10 events):
Event: 4772.793 Thread 0x00007fdc8b811000 11652       4       javax.swing.plaf.nimbus.AbstractRegionPainter::paint0 (38 bytes)
Event: 4772.793 Thread 0x00007fdc8b030800 11653       3       sun.awt.image.ImageRepresentation::drawToBufImage (159 bytes)
Event: 4772.794 Thread 0x00007fdc8b030800 nmethod 11653 0x000000010ea74a90 code [0x000000010ea74ca0, 0x000000010ea75818]
Event: 4772.799 Thread 0x00007fdc8b811000 nmethod 11652 0x000000010f5ca5d0 code [0x000000010f5ca780, 0x000000010f5cad18]
Event: 4776.738 Thread 0x00007fdc8b030800 11654  s    3       sun.net.www.MessageHeader::findValue (69 bytes)
Event: 4776.739 Thread 0x00007fdc8b030800 nmethod 11654 0x000000010eb8d9d0 code [0x000000010eb8db80, 0x000000010eb8e268]
Event: 4776.740 Thread 0x00007fdc8c81f800 11656  s    4       java.io.ByteArrayOutputStream::write (66 bytes)
Event: 4776.740 Thread 0x00007fdc8b030800 11655       3       java.lang.String::copyValueOf (11 bytes)
Event: 4776.740 Thread 0x00007fdc8b030800 nmethod 11655 0x000000010f5ca1d0 code [0x000000010f5ca340, 0x000000010f5ca508]
Event: 4776.741 Thread 0x00007fdc8b811000 11657       4       java.io.DataInputStream::readByte (23 bytes)

GC Heap History (10 events):
Event: 4721.474 GC heap before
{Heap before GC invocations=429 (full 2):
 PSYoungGen      total 29184K, used 26304K [0x0000000780000000, 0x0000000781f80000, 0x00000007c0000000)
  eden space 26112K, 100% used [0x0000000780000000,0x0000000781980000,0x0000000781980000)
  from space 3072K, 6% used [0x0000000781c80000,0x0000000781cb0000,0x0000000781f80000)
  to   space 3072K, 0% used [0x0000000781980000,0x0000000781980000,0x0000000781c80000)
 ParOldGen       total 64000K, used 22187K [0x0000000700000000, 0x0000000703e80000, 0x0000000780000000)
  object space 64000K, 34% used [0x0000000700000000,0x00000007015aae58,0x0000000703e80000)
 Metaspace       used 46183K, capacity 46582K, committed 46888K, reserved 1091584K
  class space    used 4725K, capacity 4868K, committed 4904K, reserved 1048576K
Event: 4721.476 GC heap after
Heap after GC invocations=429 (full 2):
 PSYoungGen      total 29184K, used 384K [0x0000000780000000, 0x0000000781f80000, 0x00000007c0000000)
  eden space 26112K, 0% used [0x0000000780000000,0x0000000780000000,0x0000000781980000)
  from space 3072K, 12% used [0x0000000781980000,0x00000007819e0000,0x0000000781c80000)
  to   space 3072K, 0% used [0x0000000781c80000,0x0000000781c80000,0x0000000781f80000)
 ParOldGen       total 64000K, used 22211K [0x0000000700000000, 0x0000000703e80000, 0x0000000780000000)
  object space 64000K, 34% used [0x0000000700000000,0x00000007015b0e58,0x0000000703e80000)
 Metaspace       used 46183K, capacity 46582K, committed 46888K, reserved 1091584K
  class space    used 4725K, capacity 4868K, committed 4904K, reserved 1048576K
}
Event: 4721.699 GC heap before
{Heap before GC invocations=430 (full 2):
 PSYoungGen      total 29184K, used 26496K [0x0000000780000000, 0x0000000781f80000, 0x00000007c0000000)
  eden space 26112K, 100% used [0x0000000780000000,0x0000000781980000,0x0000000781980000)
  from space 3072K, 12% used [0x0000000781980000,0x00000007819e0000,0x0000000781c80000)
  to   space 3072K, 0% used [0x0000000781c80000,0x0000000781c80000,0x0000000781f80000)
 ParOldGen       total 64000K, used 22211K [0x0000000700000000, 0x0000000703e80000, 0x0000000780000000)
  object space 64000K, 34% used [0x0000000700000000,0x00000007015b0e58,0x0000000703e80000)
 Metaspace       used 46237K, capacity 46652K, committed 47144K, reserved 1091584K
  class space    used 4726K, capacity 4869K, committed 4904K, reserved 1048576K
Event: 4721.700 GC heap after
Heap after GC invocations=430 (full 2):
 PSYoungGen      total 28160K, used 352K [0x0000000780000000, 0x0000000781e80000, 0x00000007c0000000)
  eden space 26112K, 0% used [0x0000000780000000,0x0000000780000000,0x0000000781980000)
  from space 2048K, 17% used [0x0000000781c80000,0x0000000781cd8000,0x0000000781e80000)
  to   space 2560K, 0% used [0x0000000781980000,0x0000000781980000,0x0000000781c00000)
 ParOldGen       total 64000K, used 22235K [0x0000000700000000, 0x0000000703e80000, 0x0000000780000000)
  object space 64000K, 34% used [0x0000000700000000,0x00000007015b6e58,0x0000000703e80000)
 Metaspace       used 46237K, capacity 46652K, committed 47144K, reserved 1091584K
  class space    used 4726K, capacity 4869K, committed 4904K, reserved 1048576K
}
Event: 4721.850 GC heap before
{Heap before GC invocations=431 (full 2):
 PSYoungGen      total 28160K, used 26464K [0x0000000780000000, 0x0000000781e80000, 0x00000007c0000000)
  eden space 26112K, 100% used [0x0000000780000000,0x0000000781980000,0x0000000781980000)
  from space 2048K, 17% used [0x0000000781c80000,0x0000000781cd8000,0x0000000781e80000)
  to   space 2560K, 0% used [0x0000000781980000,0x0000000781980000,0x0000000781c00000)
 ParOldGen       total 64000K, used 22235K [0x0000000700000000, 0x0000000703e80000, 0x0000000780000000)
  object space 64000K, 34% used [0x0000000700000000,0x00000007015b6e58,0x0000000703e80000)
 Metaspace       used 46435K, capacity 46844K, committed 47144K, reserved 1091584K
  class space    used 4744K, capacity 4869K, committed 4904K, reserved 1048576K
Event: 4721.852 GC heap after
Heap after GC invocations=431 (full 2):
 PSYoungGen      total 28672K, used 352K [0x0000000780000000, 0x0000000781e80000, 0x00000007c0000000)
  eden space 26112K, 0% used [0x0000000780000000,0x0000000780000000,0x0000000781980000)
  from space 2560K, 13% used [0x0000000781980000,0x00000007819d8000,0x0000000781c00000)
  to   space 2560K, 0% used [0x0000000781c00000,0x0000000781c00000,0x0000000781e80000)
 ParOldGen       total 64000K, used 22504K [0x0000000700000000, 0x0000000703e80000, 0x0000000780000000)
  object space 64000K, 35% used [0x0000000700000000,0x00000007015fa1d0,0x0000000703e80000)
 Metaspace       used 46435K, capacity 46844K, committed 47144K, reserved 1091584K
  class space    used 4744K, capacity 4869K, committed 4904K, reserved 1048576K
}
Event: 4721.902 GC heap before
{Heap before GC invocations=432 (full 2):
 PSYoungGen      total 28672K, used 26455K [0x0000000780000000, 0x0000000781e80000, 0x00000007c0000000)
  eden space 26112K, 99% used [0x0000000780000000,0x000000078197dc80,0x0000000781980000)
  from space 2560K, 13% used [0x0000000781980000,0x00000007819d8000,0x0000000781c00000)
  to   space 2560K, 0% used [0x0000000781c00000,0x0000000781c00000,0x0000000781e80000)
 ParOldGen       total 64000K, used 22504K [0x0000000700000000, 0x0000000703e80000, 0x0000000780000000)
  object space 64000K, 35% used [0x0000000700000000,0x00000007015fa1d0,0x0000000703e80000)
 Metaspace       used 46504K, capacity 46932K, committed 47400K, reserved 1091584K
  class space    used 4750K, capacity 4873K, committed 4904K, reserved 1048576K
Event: 4721.904 GC heap after
Heap after GC invocations=432 (full 2):
 PSYoungGen      total 28672K, used 426K [0x0000000780000000, 0x0000000782400000, 0x00000007c0000000)
  eden space 26112K, 0% used [0x0000000780000000,0x0000000780000000,0x0000000781980000)
  from space 2560K, 16% used [0x0000000781c00000,0x0000000781c6ab38,0x0000000781e80000)
  to   space 2560K, 0% used [0x0000000781980000,0x0000000781980000,0x0000000781c00000)
 ParOldGen       total 64000K, used 22680K [0x0000000700000000, 0x0000000703e80000, 0x0000000780000000)
  object space 64000K, 35% used [0x0000000700000000,0x00000007016261d0,0x0000000703e80000)
 Metaspace       used 46504K, capacity 46932K, committed 47400K, reserved 1091584K
  class space    used 4750K, capacity 4873K, committed 4904K, reserved 1048576K
}
Event: 4765.165 GC heap before
{Heap before GC invocations=433 (full 2):
 PSYoungGen      total 28672K, used 26538K [0x0000000780000000, 0x0000000782400000, 0x00000007c0000000)
  eden space 26112K, 100% used [0x0000000780000000,0x0000000781980000,0x0000000781980000)
  from space 2560K, 16% used [0x0000000781c00000,0x0000000781c6ab38,0x0000000781e80000)
  to   space 2560K, 0% used [0x0000000781980000,0x0000000781980000,0x0000000781c00000)
 ParOldGen       total 64000K, used 22680K [0x0000000700000000, 0x0000000703e80000, 0x0000000780000000)
  object space 64000K, 35% used [0x0000000700000000,0x00000007016261d0,0x0000000703e80000)
 Metaspace       used 49885K, capacity 50346K, committed 50600K, reserved 1095680K
  class space    used 5111K, capacity 5262K, committed 5288K, reserved 1048576K
Event: 4765.169 GC heap after
Heap after GC invocations=433 (full 2):
 PSYoungGen      total 28672K, used 2534K [0x0000000780000000, 0x0000000782600000, 0x00000007c0000000)
  eden space 26112K, 0% used [0x0000000780000000,0x0000000780000000,0x0000000781980000)
  from space 2560K, 98% used [0x0000000781980000,0x0000000781bf9978,0x0000000781c00000)
  to   space 3584K, 0% used [0x0000000782280000,0x0000000782280000,0x0000000782600000)
 ParOldGen       total 64000K, used 23604K [0x0000000700000000, 0x0000000703e80000, 0x0000000780000000)
  object space 64000K, 36% used [0x0000000700000000,0x000000070170d188,0x0000000703e80000)
 Metaspace       used 49885K, capacity 50346K, committed 50600K, reserved 1095680K
  class space    used 5111K, capacity 5262K, committed 5288K, reserved 1048576K
}

Deoptimization events (10 events):
Event: 4766.441 Thread 0x00007fdc8b225000 Uncommon trap: reason=bimorphic action=maybe_recompile pc=0x000000010e95763c method=java.awt.geom.Path2D.closePath()V @ 25
Event: 4766.441 Thread 0x00007fdc8b225000 Uncommon trap: reason=bimorphic action=maybe_recompile pc=0x000000010e95763c method=java.awt.geom.Path2D.closePath()V @ 25
Event: 4766.441 Thread 0x00007fdc8b225000 Uncommon trap: reason=bimorphic action=maybe_recompile pc=0x000000010e95763c method=java.awt.geom.Path2D.closePath()V @ 25
Event: 4766.444 Thread 0x00007fdc8b225000 Uncommon trap: reason=unstable_if action=reinterpret pc=0x000000010f0775c0 method=java.awt.geom.Path2D$Float.needRoom(ZI)V @ 30
Event: 4766.454 Thread 0x00007fdc8b225000 Uncommon trap: reason=unstable_if action=reinterpret pc=0x000000010efe1da0 method=java.awt.geom.AffineTransform.transform([DI[DII)V @ 2
Event: 4766.588 Thread 0x00007fdc8b225000 Uncommon trap: reason=unstable_if action=reinterpret pc=0x000000010f274748 method=com.lowagie.text.pdf.ByteBuffer.formatDouble(DLcom/lowagie/text/pdf/ByteBuffer;)Ljava/lang/String; @ 74
Event: 4766.610 Thread 0x00007fdc8b225000 Uncommon trap: reason=unstable_if action=reinterpret pc=0x000000010f1a91a8 method=sun.font.ScriptRun.getPairIndex(I)I @ 14
Event: 4766.618 Thread 0x00007fdc8b225000 Uncommon trap: reason=unstable_if action=reinterpret pc=0x000000010fbad4f4 method=sun.font.ScriptRunData.getScript(I)I @ 72
Event: 4766.618 Thread 0x00007fdc8b225000 Uncommon trap: reason=unstable_if action=reinterpret pc=0x000000010fd5369c method=sun.font.ScriptRun.getPairIndex(I)I @ 14
Event: 4772.621 Thread 0x00007fdc8b225000 Uncommon trap: reason=bimorphic action=maybe_recompile pc=0x000000010eb61bd8 method=java.awt.LightweightDispatcher.eventDispatched(Ljava/awt/AWTEvent;)V @ 247

Internal exceptions (10 events):
Event: 4553.957 Thread 0x00007fdc8b225000 Implicit null exception at 0x000000010fad099b to 0x000000010fad0de1
Event: 4718.498 Thread 0x00007fdc8b225000 Implicit null exception at 0x000000010e788c96 to 0x000000010e7892b9
Event: 4721.917 Thread 0x00007fdc8b225000 Exception <a 'java/lang/ArrayIndexOutOfBoundsException'> (0x0000000780146d60) thrown at [/Users/java_re/workspace/8-2-build-macosx-x86_64/jdk8u65/4987/hotspot/src/share/vm/runtime/sharedRuntime.cpp, line 605]
Event: 4721.919 Thread 0x00007fdc8b225000 Exception <a 'java/lang/ArrayIndexOutOfBoundsException'> (0x00000007801510b0) thrown at [/Users/java_re/workspace/8-2-build-macosx-x86_64/jdk8u65/4987/hotspot/src/share/vm/runtime/sharedRuntime.cpp, line 605]
Event: 4722.063 Thread 0x00007fdc8b225000 Exception <a 'java/lang/ClassNotFoundException': app/report/MeseciBeanInfo> (0x00000007805be0a8) thrown at [/Users/java_re/workspace/8-2-build-macosx-x86_64/jdk8u65/4987/hotspot/src/share/vm/classfile/systemDictionary.cpp, line 210]
Event: 4722.063 Thread 0x00007fdc8b225000 Exception <a 'java/lang/ClassNotFoundException': app/report/MeseciCustomizer> (0x00000007805c7040) thrown at [/Users/java_re/workspace/8-2-build-macosx-x86_64/jdk8u65/4987/hotspot/src/share/vm/classfile/systemDictionary.cpp, line 210]
Event: 4722.065 Thread 0x00007fdc8b225000 Implicit null exception at 0x000000010fcd5f64 to 0x000000010fcd7951
Event: 4749.772 Thread 0x00007fdc8b225000 Exception <a 'java/lang/NullPointerException'> (0x00000007813b5ea8) thrown at [/Users/java_re/workspace/8-2-build-macosx-x86_64/jdk8u65/4987/hotspot/src/share/vm/prims/jni.cpp, line 735]
Event: 4751.922 Thread 0x00007fdc8b225000 Implicit null exception at 0x000000010f1bc0eb to 0x000000010f1bc18d
Event: 4765.418 Thread 0x00007fdc8b225000 Implicit null exception at 0x000000010f38d67c to 0x000000010f38d6fb

Events (10 events):
Event: 4776.739 Executing VM operation: RevokeBias done
Event: 4776.739 Executing VM operation: RevokeBias
Event: 4776.739 Executing VM operation: RevokeBias done
Event: 4776.739 Executing VM operation: RevokeBias
Event: 4776.739 Executing VM operation: RevokeBias done
Event: 4776.739 Thread 0x00007fdc8b030800 flushing nmethod 0x000000010ee8b790
Event: 4776.739 Thread 0x00007fdc8b030800 flushing nmethod 0x000000010eef8c90
Event: 4776.740 Thread 0x00007fdc8b030800 flushing nmethod 0x000000010f01c0d0
Event: 4776.740 Thread 0x00007fdc8b030800 flushing nmethod 0x000000010f0f2d10
Event: 4776.741 Thread 0x00007fdc8b030800 flushing nmethod 0x000000010f17add0


Dynamic libraries:
0x000000000604d000 	/System/Library/Frameworks/Cocoa.framework/Versions/A/Cocoa
0x000000000604d000 	/System/Library/Frameworks/Security.framework/Versions/A/Security
0x000000000604d000 	/System/Library/Frameworks/ApplicationServices.framework/Versions/A/ApplicationServices
0x000000000604d000 	/usr/lib/libz.1.dylib
0x000000000604d000 	/usr/lib/libSystem.B.dylib
0x000000000604d000 	/usr/lib/libobjc.A.dylib
0x000000000604d000 	/System/Library/Frameworks/CoreFoundation.framework/Versions/A/CoreFoundation
0x000000000604d000 	/System/Library/Frameworks/Foundation.framework/Versions/C/Foundation
0x000000000604d000 	/System/Library/Frameworks/AppKit.framework/Versions/C/AppKit
0x000000000604d000 	/System/Library/Frameworks/CoreData.framework/Versions/A/CoreData
0x000000000604d000 	/System/Library/PrivateFrameworks/RemoteViewServices.framework/Versions/A/RemoteViewServices
0x000000000604d000 	/System/Library/PrivateFrameworks/UIFoundation.framework/Versions/A/UIFoundation
0x000000000604d000 	/usr/lib/libScreenReader.dylib
0x000000000604d000 	/System/Library/Frameworks/Accelerate.framework/Versions/A/Accelerate
0x000000000604d000 	/System/Library/Frameworks/IOSurface.framework/Versions/A/IOSurface
0x000000000604d000 	/System/Library/Frameworks/AudioToolbox.framework/Versions/A/AudioToolbox
0x000000000604d000 	/System/Library/Frameworks/AudioUnit.framework/Versions/A/AudioUnit
0x000000000604d000 	/System/Library/PrivateFrameworks/DataDetectorsCore.framework/Versions/A/DataDetectorsCore
0x000000000604d000 	/System/Library/PrivateFrameworks/DesktopServicesPriv.framework/Versions/A/DesktopServicesPriv
0x000000000604d000 	/System/Library/Frameworks/Carbon.framework/Versions/A/Frameworks/HIToolbox.framework/Versions/A/HIToolbox
0x000000000604d000 	/System/Library/Frameworks/QuartzCore.framework/Versions/A/QuartzCore
0x000000000604d000 	/System/Library/Frameworks/Carbon.framework/Versions/A/Frameworks/SpeechRecognition.framework/Versions/A/SpeechRecognition
0x000000000604d000 	/usr/lib/libauto.dylib
0x000000000604d000 	/usr/lib/libicucore.A.dylib
0x000000000604d000 	/usr/lib/libxml2.2.dylib
0x000000000604d000 	/System/Library/PrivateFrameworks/CoreUI.framework/Versions/A/CoreUI
0x000000000604d000 	/System/Library/Frameworks/CoreAudio.framework/Versions/A/CoreAudio
0x000000000604d000 	/System/Library/Frameworks/DiskArbitration.framework/Versions/A/DiskArbitration
0x000000000604d000 	/usr/lib/liblangid.dylib
0x000000000604d000 	/System/Library/PrivateFrameworks/MultitouchSupport.framework/Versions/A/MultitouchSupport
0x000000000604d000 	/System/Library/Frameworks/IOKit.framework/Versions/A/IOKit
0x000000000604d000 	/usr/lib/libDiagnosticMessagesClient.dylib
0x000000000604d000 	/System/Library/Frameworks/CoreServices.framework/Versions/A/CoreServices
0x000000000604d000 	/System/Library/PrivateFrameworks/PerformanceAnalysis.framework/Versions/A/PerformanceAnalysis
0x000000000604d000 	/System/Library/PrivateFrameworks/GenerationalStorage.framework/Versions/A/GenerationalStorage
0x000000000604d000 	/System/Library/Frameworks/OpenGL.framework/Versions/A/OpenGL
0x000000000604d000 	/System/Library/PrivateFrameworks/Sharing.framework/Versions/A/Sharing
0x000000000604d000 	/System/Library/Frameworks/CoreGraphics.framework/Versions/A/CoreGraphics
0x000000000604d000 	/System/Library/Frameworks/CoreImage.framework/Versions/A/CoreImage
0x000000000604d000 	/System/Library/Frameworks/CoreText.framework/Versions/A/CoreText
0x000000000604d000 	/System/Library/Frameworks/ImageIO.framework/Versions/A/ImageIO
0x000000000604d000 	/System/Library/PrivateFrameworks/Backup.framework/Versions/A/Backup
0x000000000604d000 	/usr/lib/libextension.dylib
0x000000000604d000 	/usr/lib/libarchive.2.dylib
0x000000000604d000 	/System/Library/Frameworks/CFNetwork.framework/Versions/A/CFNetwork
0x000000000604d000 	/System/Library/Frameworks/SystemConfiguration.framework/Versions/A/SystemConfiguration
0x000000000604d000 	/usr/lib/libCRFSuite.dylib
0x000000000604d000 	/usr/lib/libc++.1.dylib
0x000000000604d000 	/usr/lib/libc++abi.dylib
0x000000000604d000 	/usr/lib/system/libcache.dylib
0x000000000604d000 	/usr/lib/system/libcommonCrypto.dylib
0x000000000604d000 	/usr/lib/system/libcompiler_rt.dylib
0x000000000604d000 	/usr/lib/system/libcopyfile.dylib
0x000000000604d000 	/usr/lib/system/libcorecrypto.dylib
0x000000000604d000 	/usr/lib/system/libdispatch.dylib
0x000000000604d000 	/usr/lib/system/libdyld.dylib
0x000000000604d000 	/usr/lib/system/libkeymgr.dylib
0x000000000604d000 	/usr/lib/system/liblaunch.dylib
0x000000000604d000 	/usr/lib/system/libmacho.dylib
0x000000000604d000 	/usr/lib/system/libquarantine.dylib
0x000000000604d000 	/usr/lib/system/libremovefile.dylib
0x000000000604d000 	/usr/lib/system/libsystem_asl.dylib
0x000000000604d000 	/usr/lib/system/libsystem_blocks.dylib
0x000000000604d000 	/usr/lib/system/libsystem_c.dylib
0x000000000604d000 	/usr/lib/system/libsystem_configuration.dylib
0x000000000604d000 	/usr/lib/system/libsystem_coreservices.dylib
0x000000000604d000 	/usr/lib/system/libsystem_coretls.dylib
0x000000000604d000 	/usr/lib/system/libsystem_dnssd.dylib
0x000000000604d000 	/usr/lib/system/libsystem_info.dylib
0x000000000604d000 	/usr/lib/system/libsystem_kernel.dylib
0x000000000604d000 	/usr/lib/system/libsystem_m.dylib
0x000000000604d000 	/usr/lib/system/libsystem_malloc.dylib
0x000000000604d000 	/usr/lib/system/libsystem_network.dylib
0x000000000604d000 	/usr/lib/system/libsystem_networkextension.dylib
0x000000000604d000 	/usr/lib/system/libsystem_notify.dylib
0x000000000604d000 	/usr/lib/system/libsystem_platform.dylib
0x000000000604d000 	/usr/lib/system/libsystem_pthread.dylib
0x000000000604d000 	/usr/lib/system/libsystem_sandbox.dylib
0x000000000604d000 	/usr/lib/system/libsystem_secinit.dylib
0x000000000604d000 	/usr/lib/system/libsystem_trace.dylib
0x000000000604d000 	/usr/lib/system/libunc.dylib
0x000000000604d000 	/usr/lib/system/libunwind.dylib
0x000000000604d000 	/usr/lib/system/libxpc.dylib
0x000000000604d000 	/usr/lib/libenergytrace.dylib
0x000000000604d000 	/usr/lib/libbsm.0.dylib
0x000000000604d000 	/usr/lib/system/libkxld.dylib
0x000000000604d000 	/usr/lib/libxar.1.dylib
0x000000000604d000 	/usr/lib/libsqlite3.dylib
0x000000000604d000 	/usr/lib/libpam.2.dylib
0x000000000604d000 	/usr/lib/libOpenScriptingUtil.dylib
0x000000000604d000 	/usr/lib/libbz2.1.0.dylib
0x000000000604d000 	/usr/lib/liblzma.5.dylib
0x000000000604d000 	/System/Library/Frameworks/CoreServices.framework/Versions/A/Frameworks/FSEvents.framework/Versions/A/FSEvents
0x000000000604d000 	/System/Library/Frameworks/CoreServices.framework/Versions/A/Frameworks/CarbonCore.framework/Versions/A/CarbonCore
0x000000000604d000 	/System/Library/Frameworks/CoreServices.framework/Versions/A/Frameworks/Metadata.framework/Versions/A/Metadata
0x000000000604d000 	/System/Library/Frameworks/CoreServices.framework/Versions/A/Frameworks/OSServices.framework/Versions/A/OSServices
0x000000000604d000 	/System/Library/Frameworks/CoreServices.framework/Versions/A/Frameworks/SearchKit.framework/Versions/A/SearchKit
0x000000000604d000 	/System/Library/Frameworks/CoreServices.framework/Versions/A/Frameworks/AE.framework/Versions/A/AE
0x000000000604d000 	/System/Library/Frameworks/CoreServices.framework/Versions/A/Frameworks/LaunchServices.framework/Versions/A/LaunchServices
0x000000000604d000 	/System/Library/Frameworks/CoreServices.framework/Versions/A/Frameworks/DictionaryServices.framework/Versions/A/DictionaryServices
0x000000000604d000 	/System/Library/Frameworks/CoreServices.framework/Versions/A/Frameworks/SharedFileList.framework/Versions/A/SharedFileList
0x000000000604d000 	/System/Library/Frameworks/NetFS.framework/Versions/A/NetFS
0x000000000604d000 	/System/Library/PrivateFrameworks/NetAuth.framework/Versions/A/NetAuth
0x000000000604d000 	/System/Library/PrivateFrameworks/login.framework/Versions/A/Frameworks/loginsupport.framework/Versions/A/loginsupport
0x000000000604d000 	/System/Library/PrivateFrameworks/TCC.framework/Versions/A/TCC
0x000000000604d000 	/usr/lib/libmecabra.dylib
0x000000000604d000 	/System/Library/Frameworks/ApplicationServices.framework/Versions/A/Frameworks/ATS.framework/Versions/A/ATS
0x000000000604d000 	/System/Library/Frameworks/ApplicationServices.framework/Versions/A/Frameworks/ColorSync.framework/Versions/A/ColorSync
0x000000000604d000 	/System/Library/Frameworks/ApplicationServices.framework/Versions/A/Frameworks/HIServices.framework/Versions/A/HIServices
0x000000000604d000 	/System/Library/Frameworks/ApplicationServices.framework/Versions/A/Frameworks/LangAnalysis.framework/Versions/A/LangAnalysis
0x000000000604d000 	/System/Library/Frameworks/ApplicationServices.framework/Versions/A/Frameworks/PrintCore.framework/Versions/A/PrintCore
0x000000000604d000 	/System/Library/Frameworks/ApplicationServices.framework/Versions/A/Frameworks/QD.framework/Versions/A/QD
0x000000000604d000 	/System/Library/Frameworks/ApplicationServices.framework/Versions/A/Frameworks/SpeechSynthesis.framework/Versions/A/SpeechSynthesis
0x000000000604d000 	/System/Library/Frameworks/Metal.framework/Versions/A/Metal
0x000000000604d000 	/System/Library/Frameworks/Accelerate.framework/Versions/A/Frameworks/vImage.framework/Versions/A/vImage
0x000000000604d000 	/System/Library/Frameworks/Accelerate.framework/Versions/A/Frameworks/vecLib.framework/Versions/A/vecLib
0x000000000604d000 	/System/Library/Frameworks/Accelerate.framework/Versions/A/Frameworks/vecLib.framework/Versions/A/libvDSP.dylib
0x000000000604d000 	/System/Library/Frameworks/Accelerate.framework/Versions/A/Frameworks/vecLib.framework/Versions/A/libvMisc.dylib
0x000000000604d000 	/System/Library/Frameworks/Accelerate.framework/Versions/A/Frameworks/vecLib.framework/Versions/A/libLAPACK.dylib
0x000000000604d000 	/System/Library/Frameworks/Accelerate.framework/Versions/A/Frameworks/vecLib.framework/Versions/A/libBLAS.dylib
0x000000000604d000 	/System/Library/Frameworks/Accelerate.framework/Versions/A/Frameworks/vecLib.framework/Versions/A/libLinearAlgebra.dylib
0x000000000604d000 	/System/Library/Frameworks/Accelerate.framework/Versions/A/Frameworks/vecLib.framework/Versions/A/libSparseBLAS.dylib
0x000000000604d000 	/System/Library/PrivateFrameworks/GPUCompiler.framework/libmetal_timestamp.dylib
0x000000000604d000 	/System/Library/Frameworks/OpenGL.framework/Versions/A/Libraries/libCoreFSCache.dylib
0x000000000604d000 	/System/Library/PrivateFrameworks/IOAccelerator.framework/Versions/A/IOAccelerator
0x000000000604d000 	/System/Library/Frameworks/ApplicationServices.framework/Versions/A/Frameworks/ATS.framework/Versions/A/Resources/libFontParser.dylib
0x000000000604d000 	/System/Library/Frameworks/ApplicationServices.framework/Versions/A/Frameworks/ATS.framework/Versions/A/Resources/libFontRegistry.dylib
0x000000000604d000 	/System/Library/PrivateFrameworks/AppleVPA.framework/Versions/A/AppleVPA
0x000000000604d000 	/System/Library/PrivateFrameworks/AppleJPEG.framework/Versions/A/AppleJPEG
0x000000000604d000 	/System/Library/Frameworks/ImageIO.framework/Versions/A/Resources/libJPEG.dylib
0x000000000604d000 	/System/Library/Frameworks/ImageIO.framework/Versions/A/Resources/libTIFF.dylib
0x000000000604d000 	/System/Library/Frameworks/ImageIO.framework/Versions/A/Resources/libPng.dylib
0x000000000604d000 	/System/Library/Frameworks/ImageIO.framework/Versions/A/Resources/libGIF.dylib
0x000000000604d000 	/System/Library/Frameworks/ImageIO.framework/Versions/A/Resources/libJP2.dylib
0x000000000604d000 	/System/Library/Frameworks/ImageIO.framework/Versions/A/Resources/libRadiance.dylib
0x000000000604d000 	/System/Library/Frameworks/CoreVideo.framework/Versions/A/CoreVideo
0x000000000604d000 	/System/Library/Frameworks/OpenGL.framework/Versions/A/Libraries/libGLU.dylib
0x000000000604d000 	/System/Library/Frameworks/OpenGL.framework/Versions/A/Libraries/libGFXShared.dylib
0x000000000604d000 	/System/Library/Frameworks/OpenGL.framework/Versions/A/Libraries/libGL.dylib
0x000000000604d000 	/System/Library/Frameworks/OpenGL.framework/Versions/A/Libraries/libGLImage.dylib
0x000000000604d000 	/System/Library/Frameworks/OpenGL.framework/Versions/A/Libraries/libCVMSPluginSupport.dylib
0x000000000604d000 	/System/Library/Frameworks/OpenGL.framework/Versions/A/Libraries/libCoreVMClient.dylib
0x000000000604d000 	/usr/lib/libcups.2.dylib
0x000000000604d000 	/System/Library/Frameworks/Kerberos.framework/Versions/A/Kerberos
0x000000000604d000 	/System/Library/Frameworks/GSS.framework/Versions/A/GSS
0x000000000604d000 	/usr/lib/libresolv.9.dylib
0x000000000604d000 	/usr/lib/libiconv.2.dylib
0x000000000604d000 	/System/Library/PrivateFrameworks/Heimdal.framework/Versions/A/Heimdal
0x000000000604d000 	/usr/lib/libheimdal-asn1.dylib
0x000000000604d000 	/System/Library/Frameworks/OpenDirectory.framework/Versions/A/OpenDirectory
0x000000000604d000 	/System/Library/PrivateFrameworks/CommonAuth.framework/Versions/A/CommonAuth
0x000000000604d000 	/System/Library/Frameworks/OpenDirectory.framework/Versions/A/Frameworks/CFOpenDirectory.framework/Versions/A/CFOpenDirectory
0x000000000604d000 	/System/Library/Frameworks/SecurityFoundation.framework/Versions/A/SecurityFoundation
0x000000000604d000 	/System/Library/PrivateFrameworks/LanguageModeling.framework/Versions/A/LanguageModeling
0x000000000604d000 	/usr/lib/libmarisa.dylib
0x000000000604d000 	/usr/lib/libChineseTokenizer.dylib
0x000000000604d000 	/usr/lib/libcmph.dylib
0x000000000604d000 	/usr/lib/libcompression.dylib
0x000000000604d000 	/System/Library/Frameworks/ServiceManagement.framework/Versions/A/ServiceManagement
0x000000000604d000 	/usr/lib/libxslt.1.dylib
0x000000000604d000 	/System/Library/Frameworks/Carbon.framework/Versions/A/Frameworks/Ink.framework/Versions/A/Ink
0x000000000604d000 	/usr/lib/libFosl_dynamic.dylib
0x000000000604d000 	/System/Library/PrivateFrameworks/FaceCore.framework/Versions/A/FaceCore
0x000000000604d000 	/System/Library/Frameworks/OpenCL.framework/Versions/A/OpenCL
0x000000000604d000 	/System/Library/PrivateFrameworks/CrashReporterSupport.framework/Versions/A/CrashReporterSupport
0x000000000604d000 	/System/Library/PrivateFrameworks/IconServices.framework/Versions/A/IconServices
0x000000000604d000 	/System/Library/PrivateFrameworks/Apple80211.framework/Versions/A/Apple80211
0x000000000604d000 	/System/Library/Frameworks/CoreWLAN.framework/Versions/A/CoreWLAN
0x000000000604d000 	/System/Library/Frameworks/IOBluetooth.framework/Versions/A/IOBluetooth
0x000000000604d000 	/System/Library/PrivateFrameworks/CoreWiFi.framework/Versions/A/CoreWiFi
0x000000000604d000 	/System/Library/Frameworks/CoreBluetooth.framework/Versions/A/CoreBluetooth
0x000000000604d000 	/System/Library/PrivateFrameworks/ChunkingLibrary.framework/Versions/A/ChunkingLibrary
0x000000000604d000 	/System/Library/PrivateFrameworks/DebugSymbols.framework/Versions/A/DebugSymbols
0x000000000604d000 	/System/Library/PrivateFrameworks/CoreSymbolication.framework/Versions/A/CoreSymbolication
0x000000000604d000 	/System/Library/PrivateFrameworks/Symbolication.framework/Versions/A/Symbolication
0x000000000604d000 	/System/Library/PrivateFrameworks/SpeechRecognitionCore.framework/Versions/A/SpeechRecognitionCore
0x000000010d200000 	/Library/Internet Plug-Ins/JavaAppletPlugin.plugin/Contents/Home/lib/server/libjvm.dylib
0x000000000604d000 	/usr/lib/libstdc++.6.dylib
0x000000010c949000 	/Library/Internet Plug-Ins/JavaAppletPlugin.plugin/Contents/Home/lib/libverify.dylib
0x000000010c957000 	/Library/Internet Plug-Ins/JavaAppletPlugin.plugin/Contents/Home/lib/libjava.dylib
0x000000010c996000 	/Library/Internet Plug-Ins/JavaAppletPlugin.plugin/Contents/Home/lib/libzip.dylib
0x0000000125fd0000 	/System/Library/Frameworks/JavaVM.framework/Frameworks/JavaRuntimeSupport.framework/JavaRuntimeSupport
0x0000000125feb000 	/System/Library/Frameworks/JavaVM.framework/Versions/A/Frameworks/JavaNativeFoundation.framework/Versions/A/JavaNativeFoundation
0x0000000126000000 	/System/Library/Frameworks/JavaVM.framework/Versions/A/JavaVM
0x000000000604d000 	/System/Library/Frameworks/Carbon.framework/Versions/A/Carbon
0x000000012600d000 	/System/Library/PrivateFrameworks/JavaLaunching.framework/Versions/A/JavaLaunching
0x000000000604d000 	/System/Library/Frameworks/Carbon.framework/Versions/A/Frameworks/CommonPanels.framework/Versions/A/CommonPanels
0x000000000604d000 	/System/Library/Frameworks/Carbon.framework/Versions/A/Frameworks/Help.framework/Versions/A/Help
0x000000000604d000 	/System/Library/Frameworks/Carbon.framework/Versions/A/Frameworks/ImageCapture.framework/Versions/A/ImageCapture
0x000000000604d000 	/System/Library/Frameworks/Carbon.framework/Versions/A/Frameworks/OpenScripting.framework/Versions/A/OpenScripting
0x000000000604d000 	/System/Library/Frameworks/Carbon.framework/Versions/A/Frameworks/Print.framework/Versions/A/Print
0x000000000604d000 	/System/Library/Frameworks/Carbon.framework/Versions/A/Frameworks/SecurityHI.framework/Versions/A/SecurityHI
0x000000012796d000 	/Library/Internet Plug-Ins/JavaAppletPlugin.plugin/Contents/Home/lib/libawt.dylib
0x0000000127a15000 	/Library/Internet Plug-Ins/JavaAppletPlugin.plugin/Contents/Home/lib/./libmlib_image.dylib
0x0000000127ae1000 	/Library/Internet Plug-Ins/JavaAppletPlugin.plugin/Contents/Home/lib/libawt_lwawt.dylib
0x0000000127b96000 	/Library/Internet Plug-Ins/JavaAppletPlugin.plugin/Contents/Home/lib/./libosxapp.dylib
0x000000000604d000 	/System/Library/Frameworks/ExceptionHandling.framework/Versions/A/ExceptionHandling
0x000000000604d000 	/System/Library/PrivateFrameworks/CoreServicesInternal.framework/Versions/A/CoreServicesInternal
0x000000000604d000 	/System/Library/Frameworks/CoreGraphics.framework/Versions/A/Resources/libRIP.A.dylib
0x000000000604d000 	/System/Library/Frameworks/Accelerate.framework/Versions/A/Frameworks/vImage.framework/Versions/A/Libraries/libCGInterfaces.dylib
0x000000000604d000 	/System/Library/Frameworks/CoreGraphics.framework/Versions/A/Resources/libCGXType.A.dylib
0x000000000604d000 	/System/Library/Frameworks/OpenCL.framework/Versions/A/Libraries/libcldcpuengine.dylib
0x000000000604d000 	/System/Library/PrivateFrameworks/DiskImages.framework/Versions/A/DiskImages
0x000000000604d000 	/System/Library/Frameworks/DiscRecording.framework/Versions/A/DiscRecording
0x000000000604d000 	/usr/lib/libcsfde.dylib
0x000000000604d000 	/usr/lib/libcurl.4.dylib
0x000000000604d000 	/System/Library/PrivateFrameworks/MediaKit.framework/Versions/A/MediaKit
0x000000000604d000 	/System/Library/PrivateFrameworks/ProtectedCloudStorage.framework/Versions/A/ProtectedCloudStorage
0x000000000604d000 	/usr/lib/libCoreStorage.dylib
0x000000000604d000 	/System/Library/PrivateFrameworks/EFILogin.framework/Versions/A/EFILogin
0x000000000604d000 	/usr/lib/libutil.dylib
0x000000000604d000 	/System/Library/PrivateFrameworks/FindMyDevice.framework/Versions/A/FindMyDevice
0x000000000604d000 	/System/Library/Frameworks/LDAP.framework/Versions/A/LDAP
0x000000000604d000 	/usr/lib/libsasl2.2.dylib
0x000000000604d000 	/System/Library/PrivateFrameworks/CoreDaemon.framework/Versions/B/CoreDaemon
0x000000000604d000 	/usr/lib/libcrypto.0.9.8.dylib
0x000000000604d000 	/System/Library/PrivateFrameworks/AppleSRP.framework/Versions/A/AppleSRP
0x000000000604d000 	/System/Library/PrivateFrameworks/TrustEvaluationAgent.framework/Versions/A/TrustEvaluationAgent
0x0000000129344000 	cl_kernels
0x000000000604d000 	/System/Library/Frameworks/OpenCL.framework/Versions/A/Libraries/ImageFormats/unorm8_bgra.dylib
0x000000000604d000 	/System/Library/Frameworks/OpenCL.framework/Versions/A/Libraries/ImageFormats/unorm8_rgba.dylib
0x000000000604d000 	/System/Library/PrivateFrameworks/FamilyControls.framework/Versions/A/FamilyControls
0x000000000604d000 	/System/Library/PrivateFrameworks/CommerceKit.framework/Versions/A/Frameworks/CommerceCore.framework/Versions/A/CommerceCore
0x000000000604d000 	/System/Library/PrivateFrameworks/SystemAdministration.framework/Versions/A/SystemAdministration
0x000000000604d000 	/System/Library/PrivateFrameworks/AppContainer.framework/Versions/A/AppContainer
0x000000000604d000 	/System/Library/PrivateFrameworks/SecCodeWrapper.framework/Versions/A/SecCodeWrapper
0x000000000604d000 	/System/Library/Frameworks/DirectoryService.framework/Versions/A/DirectoryService
0x000000000604d000 	/System/Library/PrivateFrameworks/LoginUIKit.framework/Versions/A/Frameworks/LoginUICore.framework/Versions/A/LoginUICore
0x000000000604d000 	/usr/lib/libodfde.dylib
0x000000012a396000 	/Library/Internet Plug-Ins/JavaAppletPlugin.plugin/Contents/Home/lib/libfontmanager.dylib
0x000000012880d000 	/Library/Internet Plug-Ins/JavaAppletPlugin.plugin/Contents/Home/lib/libosxui.dylib
0x000000000604d000 	/System/Library/Frameworks/OpenGL.framework/Versions/A/Resources/GLEngine.bundle/GLEngine
0x000000000604d000 	/System/Library/Frameworks/OpenGL.framework/Versions/A/Libraries/libGLProgrammability.dylib
0x000000012b11c000 	/System/Library/Extensions/AMDRadeonX3000GLDriver.bundle/Contents/MacOS/AMDRadeonX3000GLDriver
0x000000000604d000 	/System/Library/PrivateFrameworks/GPUSupport.framework/Versions/A/Libraries/libGPUSupportMercury.dylib
0x000000012b1fb000 	/System/Library/Extensions/AMDRadeonX3000GLDriver.bundle/Contents/MacOS/ATIRadeonX3000SCLib.dylib
0x000000000604d000 	/System/Library/Frameworks/OpenGL.framework/Versions/A/Resources/GLRendererFloat.bundle/GLRendererFloat
0x000000012c5c7000 	/Library/Internet Plug-Ins/JavaAppletPlugin.plugin/Contents/Home/lib/libnet.dylib
0x000000012c626000 	/Library/Internet Plug-Ins/JavaAppletPlugin.plugin/Contents/Home/lib/libnio.dylib
0x000000000604d000 	/System/Library/Frameworks/ApplicationServices.framework/Versions/A/Frameworks/ATS.framework/Versions/A/Resources/libTrueTypeScaler.dylib
0x000000017d054000 	/Library/Internet Plug-Ins/JavaAppletPlugin.plugin/Contents/Home/lib/libdcpr.dylib
0x000000000604d000 	/System/Library/PrivateFrameworks/PrintingPrivate.framework/Versions/A/PrintingPrivate
0x000000000604d000 	/System/Library/Frameworks/CoreLocation.framework/Versions/A/CoreLocation
0x000000000604d000 	/System/Library/Frameworks/ImageCaptureCore.framework/Versions/A/ImageCaptureCore
0x000000000604d000 	/System/Library/Frameworks/SecurityInterface.framework/Versions/A/SecurityInterface
0x000000000604d000 	/System/Library/PrivateFrameworks/GeoServices.framework/Versions/A/GeoServices
0x000000000604d000 	/System/Library/PrivateFrameworks/ProtocolBuffer.framework/Versions/A/ProtocolBuffer
0x000000017e969000 	/System/Library/PrivateFrameworks/PrintingPrivate.framework/Versions/Current/Plugins/PrintCocoaUI.bundle/Contents/MacOS/PrintCocoaUI
0x000000000604d000 	/System/Library/Frameworks/ScriptingBridge.framework/Versions/A/ScriptingBridge
0x000000000604d000 	/usr/lib/libffi.dylib
0x000000017f72f000 	/System/Library/PrivateFrameworks/PrintingPrivate.framework/Versions/A/Plugins/PrintingCocoaPDEs.bundle/Contents/MacOS/PrintingCocoaPDEs
0x000000000604d000 	/System/Library/Frameworks/AddressBook.framework/Versions/A/AddressBook
0x000000000604d000 	/System/Library/PrivateFrameworks/ContactsPersistence.framework/Versions/A/ContactsPersistence
0x000000000604d000 	/System/Library/PrivateFrameworks/ContactsFoundation.framework/Versions/A/ContactsFoundation
0x000000000604d000 	/System/Library/PrivateFrameworks/vCard.framework/Versions/A/vCard
0x000000000604d000 	/System/Library/PrivateFrameworks/IntlPreferences.framework/Versions/A/IntlPreferences
0x000000000604d000 	/System/Library/PrivateFrameworks/ToneLibrary.framework/Versions/A/ToneLibrary
0x000000000604d000 	/System/Library/PrivateFrameworks/ToneKit.framework/Versions/A/ToneKit
0x000000000604d000 	/System/Library/PrivateFrameworks/ApplePushService.framework/Versions/A/ApplePushService
0x000000000604d000 	/System/Library/PrivateFrameworks/PhoneNumbers.framework/Versions/A/PhoneNumbers
0x000000000604d000 	/System/Library/PrivateFrameworks/ViewBridge.framework/Versions/A/ViewBridge
0x000000000604d000 	/System/Library/Frameworks/Quartz.framework/Versions/A/Quartz
0x000000000604d000 	/System/Library/Frameworks/AVFoundation.framework/Versions/A/AVFoundation
0x000000000604d000 	/System/Library/Frameworks/AVFoundation.framework/Versions/A/Resources/libAVFAudio.dylib
0x000000000604d000 	/System/Library/Frameworks/CoreMedia.framework/Versions/A/CoreMedia
0x000000000604d000 	/System/Library/Frameworks/MediaToolbox.framework/Versions/A/MediaToolbox
0x000000000604d000 	/System/Library/Frameworks/VideoToolbox.framework/Versions/A/VideoToolbox
0x000000000604d000 	/System/Library/Frameworks/CoreMediaIO.framework/Versions/A/CoreMediaIO
0x000000000604d000 	/usr/lib/libspindump.dylib
0x000000000604d000 	/System/Library/PrivateFrameworks/CoreAVCHD.framework/Versions/A/CoreAVCHD
0x000000000604d000 	/System/Library/Frameworks/MediaAccessibility.framework/Versions/A/MediaAccessibility
0x000000000604d000 	/System/Library/PrivateFrameworks/Mangrove.framework/Versions/A/Mangrove
0x000000000604d000 	/System/Library/PrivateFrameworks/CoreAUC.framework/Versions/A/CoreAUC
0x000000000604d000 	/System/Library/PrivateFrameworks/AppleVA.framework/Versions/A/AppleVA
0x000000000604d000 	/System/Library/PrivateFrameworks/XPCService.framework/Versions/A/XPCService
0x000000000604d000 	/System/Library/PrivateFrameworks/AppSandbox.framework/Versions/A/AppSandbox
0x000000000604d000 	/usr/lib/libsandbox.1.dylib
0x000000000604d000 	/usr/lib/libMatch.1.dylib
0x000000000604d000 	/System/Library/Frameworks/Quartz.framework/Versions/A/Frameworks/QuartzComposer.framework/Versions/A/QuartzComposer
0x000000000604d000 	/System/Library/Frameworks/Quartz.framework/Versions/A/Frameworks/PDFKit.framework/Versions/A/PDFKit
0x000000000604d000 	/System/Library/Frameworks/Quartz.framework/Versions/A/Frameworks/QuartzFilters.framework/Versions/A/QuartzFilters
0x000000000604d000 	/System/Library/Frameworks/Quartz.framework/Versions/A/Frameworks/ImageKit.framework/Versions/A/ImageKit
0x000000000604d000 	/System/Library/Frameworks/Quartz.framework/Versions/A/Frameworks/QuickLookUI.framework/Versions/A/QuickLookUI
0x000000000604d000 	/System/Library/Frameworks/JavaScriptCore.framework/Versions/A/JavaScriptCore
0x000000000604d000 	/System/Library/Frameworks/QTKit.framework/Versions/A/QTKit
0x000000000604d000 	/System/Library/PrivateFrameworks/AppleSystemInfo.framework/Versions/A/AppleSystemInfo
0x000000000604d000 	/System/Library/PrivateFrameworks/CoreMediaAuthoring.framework/Versions/A/CoreMediaAuthoring
0x000000000604d000 	/System/Library/PrivateFrameworks/CorePDF.framework/Versions/A/CorePDF
0x000000000604d000 	/System/Library/Frameworks/QuickLook.framework/Versions/A/QuickLook
0x000000000604d000 	/System/Library/PrivateFrameworks/DisplayServices.framework/Versions/A/DisplayServices
0x000000000604d000 	/System/Library/PrivateFrameworks/SafariServices.framework/Versions/A/SafariServices
0x000000000604d000 	/System/Library/CoreServices/RawCamera.bundle/Contents/MacOS/RawCamera
0x000000000604d000 	/System/Library/Frameworks/CoreGraphics.framework/Versions/A/Resources/libCGXCoreImage.A.dylib
0x000000017ed35000 	cl_kernels
0x000000000604d000 	/System/Library/PrivateFrameworks/CloudDocs.framework/Versions/A/CloudDocs
0x000000000604d000 	/System/Library/PrivateFrameworks/CoreDuet.framework/Versions/A/CoreDuet
0x000000000604d000 	/System/Library/Frameworks/CloudKit.framework/Versions/A/CloudKit
0x000000000604d000 	/System/Library/PrivateFrameworks/CoreDuetDaemonProtocol.framework/Versions/A/CoreDuetDaemonProtocol
0x000000000604d000 	/System/Library/PrivateFrameworks/CoreDuetDebugLogging.framework/Versions/A/CoreDuetDebugLogging
0x000000000604d000 	/System/Library/Frameworks/Contacts.framework/Versions/A/Contacts
0x000000000604d000 	/System/Library/PrivateFrameworks/MMCS.framework/Versions/A/MMCS
0x000000000604d000 	/System/Library/Frameworks/Accounts.framework/Versions/A/Accounts
0x000000000604d000 	/System/Library/PrivateFrameworks/OAuth.framework/Versions/A/OAuth
0x000000000604d000 	/System/Library/PrivateFrameworks/AssetCacheServices.framework/Versions/A/AssetCacheServices
0x000000017f790000 	/System/Library/Frameworks/CoreGraphics.framework/Versions/A/Resources/libPDFRIP.A.dylib

VM Arguments:
java_command: /Users/ivan/Documents/Ovcar/Gajenje_Ovaca/target/Gajenje_Ovaca-1.0-SNAPSHOT.jar
java_class_path (initial): /Users/ivan/Documents/Ovcar/Gajenje_Ovaca/target/Gajenje_Ovaca-1.0-SNAPSHOT.jar
Launcher Type: SUN_STANDARD

Environment Variables:
PATH=/usr/bin:/bin:/usr/sbin:/sbin
SHELL=/bin/bash
DISPLAY=/private/tmp/com.apple.launchd.Pxt22PwoCG/org.macosforge.xquartz:0

Signal Handlers:
SIGSEGV: [libjvm.dylib+0x5a6d31], sa_mask[0]=11111111011111110111111111111111, sa_flags=SA_ONSTACK|SA_RESTART|SA_SIGINFO
SIGBUS: [libjvm.dylib+0x5a6d31], sa_mask[0]=11111111011111110111111111111111, sa_flags=SA_RESTART|SA_SIGINFO
SIGFPE: [libjvm.dylib+0x480a40], sa_mask[0]=11111111011111110111111111111111, sa_flags=SA_RESTART|SA_SIGINFO
SIGPIPE: [libjvm.dylib+0x480a40], sa_mask[0]=11111111011111110111111111111111, sa_flags=SA_RESTART|SA_SIGINFO
SIGXFSZ: [libjvm.dylib+0x480a40], sa_mask[0]=11111111011111110111111111111111, sa_flags=SA_RESTART|SA_SIGINFO
SIGILL: [libjvm.dylib+0x480a40], sa_mask[0]=11111111011111110111111111111111, sa_flags=SA_RESTART|SA_SIGINFO
SIGUSR1: SIG_DFL, sa_mask[0]=00000000000000000000000000000000, sa_flags=none
SIGUSR2: [libjvm.dylib+0x48055e], sa_mask[0]=00000000000000000000000000000000, sa_flags=SA_RESTART|SA_SIGINFO
SIGHUP: [libjvm.dylib+0x47eb35], sa_mask[0]=11111111011111110111111111111111, sa_flags=SA_RESTART|SA_SIGINFO
SIGINT: [libjvm.dylib+0x47eb35], sa_mask[0]=11111111011111110111111111111111, sa_flags=SA_RESTART|SA_SIGINFO
SIGTERM: [libjvm.dylib+0x47eb35], sa_mask[0]=11111111011111110111111111111111, sa_flags=SA_RESTART|SA_SIGINFO
SIGQUIT: [libjvm.dylib+0x47eb35], sa_mask[0]=11111111011111110111111111111111, sa_flags=SA_RESTART|SA_SIGINFO


---------------  S Y S T E M  ---------------

OS:Bsduname:Darwin 15.0.0 Darwin Kernel Version 15.0.0: Sat Sep 19 15:53:46 PDT 2015; root:xnu-3247.10.11~1/RELEASE_X86_64 x86_64
rlimit: STACK 8192k, CORE 0k, NPROC 709, NOFILE 10240, AS infinity
load average:0.61 1.20 1.66

CPU:total 4 (4 cores per cpu, 1 threads per core) family 6 model 42 stepping 7, cmov, cx8, fxsr, mmx, sse, sse2, sse3, ssse3, sse4.1, sse4.2, popcnt, avx, aes, clmul, tsc, tscinvbit

Memory: 4k page, physical 12582912k(2801880k free)

/proc/meminfo:


vm_info: Java HotSpot(TM) 64-Bit Server VM (25.65-b01) for bsd-amd64 JRE (1.8.0_65-b17), built on Oct  6 2015 15:36:46 by "java_re" with gcc 4.2.1 (Based on Apple Inc. build 5658) (LLVM build 2336.11.00)

time: Thu Jan 14 10:30:34 2016
elapsed time: 4776 seconds (0d 1h 19m 36s)

