#
# A fatal error has been detected by the Java Runtime Environment:
#
#  SIGSEGV (0xb) at pc=0x00007fff90d920d7, pid=1643, tid=1299
#
# JRE version: Java(TM) SE Runtime Environment (8.0_45-b14) (build 1.8.0_45-b14)
# Java VM: Java HotSpot(TM) 64-Bit Server VM (25.45-b02 mixed mode bsd-amd64 compressed oops)
# Problematic frame:
# C  [libobjc.A.dylib+0x10d7]  objc_msgSend+0x17
#
# Failed to write core dump. Core dumps have been disabled. To enable core dumping, try "ulimit -c unlimited" before starting Java again
#
# If you would like to submit a bug report, please visit:
#   http://bugreport.java.com/bugreport/crash.jsp
# The crash happened outside the Java Virtual Machine in native code.
# See problematic frame for where to report the bug.
#

---------------  T H R E A D  ---------------

Current thread (0x00007f88a182b800):  JavaThread "AppKit Thread" daemon [_thread_in_native, id=1299, stack(0x00007fff523df000,0x00007fff52bdf000)]

siginfo: si_signo: 11 (SIGSEGV), si_code: 1 (SEGV_MAPERR), si_addr: 0x000000012ec8c5c8

Registers:
RAX=0x0000000000000048, RBX=0x00007f889100c550, RCX=0x00007fff77c1d718, RDX=0x00007f8890790d98
RSP=0x00007fff52bd9d48, RBP=0x00007fff52bd9d70, RSI=0x00007fff8b28afed, RDI=0x000000012ec8c5c8
R8 =0x00000000000001ff, R9 =0x00007f88a07398b0, R10=0x00007f88a0aa48d0, R11=0x00007ffffffffff8
R12=0x00007f889100c550, R13=0xffff80776eff3ab0, R14=0x00007fff90d920c0, R15=0x00007fff78811a00
RIP=0x00007fff90d920d7, EFLAGS=0x0000000000010246, ERR=0x0000000000000004
  TRAPNO=0x000000000000000e

Top of Stack: (sp=0x00007fff52bd9d48)
0x00007fff52bd9d48:   00000001331c1f97 000000010d03c000
0x00007fff52bd9d58:   00007f8893e6bae0 0000000000001b01
0x00007fff52bd9d68:   0000000000000001 00007fff52bd9de0
0x00007fff52bd9d78:   00007fff90db289c 0000000000000000
0x00007fff52bd9d88:   00007fff78811a10 0000000191062ff0
0x00007fff52bd9d98:   0000000000000001 ffff80776eff3ab0
0x00007fff52bd9da8:   00007f8893e6bae0 00007f8893e6c600
0x00007fff52bd9db8:   0000000000000038 0000000000000000
0x00007fff52bd9dc8:   ffff80776ef9d050 00007f8891062fb0
0x00007fff52bd9dd8:   00007fff90d920c0 00007fff52bd9e20
0x00007fff52bd9de8:   00007fff93357dfd 00007fff52bd9e20
0x00007fff52bd9df8:   00007fff90db3225 0000000000001601
0x00007fff52bd9e08:   00007f8891062fb0 0000000000000001
0x00007fff52bd9e18:   00007fff78811480 00007fff52bd9e90
0x00007fff52bd9e28:   00007fff90db289c 00007fff77c1e488
0x00007fff52bd9e38:   00007fff78811490 0000000152bd9e90
0x00007fff52bd9e48:   00007fff933579be ffff80776ef9d050
0x00007fff52bd9e58:   00007f8893e5d0d0 00007f8893e5e000
0x00007fff52bd9e68:   0000000000000005 000000000000000d
0x00007fff52bd9e78:   00007fff93b60a3c 00007f8891161d40
0x00007fff52bd9e88:   00007fff93b6e1c7 00007fff52bd9ec0
0x00007fff52bd9e98:   00007fff933a11b4 00007fff90d920c0
0x00007fff52bd9ea8:   00007f8891335580 00007fff90d920c0
0x00007fff52bd9eb8:   00000000000000d0 00007fff52bd9fd0
0x00007fff52bd9ec8:   00000001331cb3d0 0000000000000000
0x00007fff52bd9ed8:   00007f8891335580 ffffffffffffffff
0x00007fff52bd9ee8:   00007f88910509f0 00007f88905cf650
0x00007fff52bd9ef8:   0000000000000000 0000000000000000
0x00007fff52bd9f08:   0000000000000000 0000000000000000
0x00007fff52bd9f18:   0000000000000000 00007fff77bebee0
0x00007fff52bd9f28:   00007f889114bb00 00007fff7747c2a8
0x00007fff52bd9f38:   0000000000000000 00007fff52bd9f50 

Instructions: (pc=0x00007fff90d920d7)
0x00007fff90d920b7:   00 0f 1f 84 00 00 00 00 00 48 85 ff 2e 74 7a 40
0x00007fff90d920c7:   f6 c7 01 2e 75 7e 49 bb f8 ff ff ff ff 7f 00 00
0x00007fff90d920d7:   4c 23 1f 49 89 f2 45 23 53 18 49 c1 e2 04 4d 03
0x00007fff90d920e7:   53 10 49 3b 32 75 04 41 ff 62 08 49 83 3a 00 74 

Register to memory mapping:

RAX=0x0000000000000048 is an unknown value
RBX=0x00007f889100c550 is an unknown value
RCX=0x00007fff77c1d718: OBJC_CLASS_$___NSCFString+0 in /System/Library/Frameworks/CoreFoundation.framework/Versions/A/CoreFoundation at 0x00007fff8b2ac000
RDX=0x00007f8890790d98 is an unknown value
RSP=0x00007fff52bd9d48 is pointing into the stack for thread: 0x00007f88a182b800
RBP=0x00007fff52bd9d70 is pointing into the stack for thread: 0x00007f88a182b800
RSI=0x00007fff8b28afed: kFigMPEG2MetadataDescriptor+0xb7f0d in /System/Library/Frameworks/MediaToolbox.framework/Versions/A/MediaToolbox at 0x00007fff8ada1000
RDI=0x000000012ec8c5c8 is an unknown value
R8 =0x00000000000001ff is an unknown value
R9 =0x00007f88a07398b0 is an unknown value
R10=0x00007f88a0aa48d0 is an unknown value
R11=0x00007ffffffffff8 is an unknown value
R12=0x00007f889100c550 is an unknown value
R13=0xffff80776eff3ab0 is an unknown value
R14=0x00007fff90d920c0: objc_msgSend+0 in /usr/lib/libobjc.A.dylib at 0x00007fff90d91000
R15=0x00007fff78811a00: _ZN12_GLOBAL__N_19SideTable9table_bufE+0x1b80 in /usr/lib/libobjc.A.dylib at 0x00007fff90d91000


Stack: [0x00007fff523df000,0x00007fff52bdf000],  sp=0x00007fff52bd9d48,  free space=8171k
Native frames: (J=compiled Java code, j=interpreted, Vv=VM code, C=native code)
C  [libobjc.A.dylib+0x10d7]  objc_msgSend+0x17
C  [libobjc.A.dylib+0x2189c]  objc_object::sidetable_release(bool)+0xec
C  [AppKit+0x1bfdfd]  -[NSMenuItem dealloc]+0xef
C  [libobjc.A.dylib+0x2189c]  objc_object::sidetable_release(bool)+0xec
C  [AppKit+0x2091b4]  -[NSPopUpButtonCell removeAllItems]+0x3b
C  [PrintCocoaUI+0xb3d0]
[error occurred during error reporting (printing native stack), id 0xe0000000]


---------------  P R O C E S S  ---------------

Java Threads: ( => current thread )
  0x00007f8893bca800 JavaThread "Thread-10" [_thread_in_native, id=73531, stack(0x00000001398c3000,0x00000001399c3000)]
  0x00007f88a122f000 JavaThread "Keep-Alive-Timer" daemon [_thread_blocked, id=74327, stack(0x0000000135761000,0x0000000135861000)]
  0x00007f88a1991800 JavaThread "Image Fetcher 0" daemon [_thread_blocked, id=65243, stack(0x00000001353ee000,0x00000001354ee000)]
  0x00007f8891d91000 JavaThread "Thread-9" [_thread_blocked, id=36331, stack(0x0000000134cd3000,0x0000000134dd3000)]
  0x00007f88a267b000 JavaThread "process reaper" daemon [_thread_blocked, id=62983, stack(0x000000012ed39000,0x000000012ed61000)]
  0x00007f88a1c56800 JavaThread "Thread-5" daemon [_thread_blocked, id=37171, stack(0x00000001348f7000,0x00000001349f7000)]
  0x00007f88a1570800 JavaThread "Ebean-ovceDB.0" daemon [_thread_blocked, id=23355, stack(0x000000012e93e000,0x000000012ea3e000)]
  0x00007f88a0903800 JavaThread "EbeanBackgroundThread" daemon [_thread_blocked, id=24135, stack(0x000000012e745000,0x000000012e845000)]
  0x00007f88a0a79000 JavaThread "TimerQueue" daemon [_thread_blocked, id=59519, stack(0x000000012e626000,0x000000012e726000)]
  0x00007f88a1801000 JavaThread "DestroyJavaVM" [_thread_blocked, id=4867, stack(0x000000010e96a000,0x000000010ea6a000)]
  0x00007f88a0a21000 JavaThread "AWT-EventQueue-0" [_thread_blocked, id=52999, stack(0x000000012d865000,0x000000012d965000)]
  0x00007f88a0a06800 JavaThread "AWT-Shutdown" [_thread_blocked, id=28439, stack(0x000000012d762000,0x000000012d862000)]
  0x00007f88a186a000 JavaThread "Java2D Disposer" daemon [_thread_blocked, id=51723, stack(0x000000012d4c4000,0x000000012d5c4000)]
  0x00007f88a215d800 JavaThread "Java2D Queue Flusher" daemon [_thread_blocked, id=50439, stack(0x000000012d345000,0x000000012d445000)]
=>0x00007f88a182b800 JavaThread "AppKit Thread" daemon [_thread_in_native, id=1299, stack(0x00007fff523df000,0x00007fff52bdf000)]
  0x00007f88a087b000 JavaThread "Service Thread" daemon [_thread_blocked, id=18179, stack(0x0000000128d13000,0x0000000128e13000)]
  0x00007f88a200f000 JavaThread "C1 CompilerThread2" daemon [_thread_blocked, id=17667, stack(0x0000000128c10000,0x0000000128d10000)]
  0x00007f88a085c000 JavaThread "C2 CompilerThread1" daemon [_thread_blocked, id=17155, stack(0x0000000128b0d000,0x0000000128c0d000)]
  0x00007f88a1000000 JavaThread "C2 CompilerThread0" daemon [_thread_blocked, id=16643, stack(0x0000000128a0a000,0x0000000128b0a000)]
  0x00007f88a1008000 JavaThread "Signal Dispatcher" daemon [_thread_blocked, id=16151, stack(0x0000000128907000,0x0000000128a07000)]
  0x00007f88a1004000 JavaThread "Finalizer" daemon [_thread_blocked, id=11523, stack(0x0000000126ee6000,0x0000000126fe6000)]
  0x00007f88a1003800 JavaThread "Reference Handler" daemon [_thread_blocked, id=11011, stack(0x0000000126de3000,0x0000000126ee3000)]

Other Threads:
  0x00007f88a0852800 VMThread [stack: 0x0000000126ce0000,0x0000000126de0000] [id=10499]
  0x00007f88a100a000 WatcherThread [stack: 0x0000000128e16000,0x0000000128f16000] [id=18691]

VM state:not at safepoint (normal execution)

VM Mutex/Monitor currently owned by a thread: None

Heap:
 PSYoungGen      total 30720K, used 3781K [0x0000000780000000, 0x0000000782100000, 0x00000007c0000000)
  eden space 28672K, 11% used [0x0000000780000000,0x00000007803154b0,0x0000000781c00000)
  from space 2048K, 30% used [0x0000000781f00000,0x0000000781f9c010,0x0000000782100000)
  to   space 2560K, 0% used [0x0000000781c00000,0x0000000781c00000,0x0000000781e80000)
 ParOldGen       total 66560K, used 20908K [0x0000000700000000, 0x0000000704100000, 0x0000000780000000)
  object space 66560K, 31% used [0x0000000700000000,0x000000070146b3f8,0x0000000704100000)
 Metaspace       used 46187K, capacity 46582K, committed 46848K, reserved 1091584K
  class space    used 4704K, capacity 4839K, committed 4864K, reserved 1048576K

Card table byte_map: [0x000000011de2c000,0x000000011e42d000] byte_map_base: 0x000000011a62c000

Marking Bits: (ParMarkBitMap*) 0x000000010e2c27a0
 Begin Bits: [0x000000011ec39000, 0x0000000121c39000)
 End Bits:   [0x0000000121c39000, 0x0000000124c39000)

Polling page: 0x000000010d1ac000

CodeCache: size=245760Kb used=29592Kb max_used=29930Kb free=216167Kb
 bounds [0x000000010ea6c000, 0x00000001107ec000, 0x000000011da6c000]
 total_blobs=8442 nmethods=7743 adapters=608
 compilation: enabled

Compilation events (10 events):
Event: 522.074 Thread 0x00007f88a200f000 10658  s    3       sun.net.www.MessageHeader::add (35 bytes)
Event: 522.074 Thread 0x00007f88a200f000 nmethod 10658 0x000000010fb4f8d0 code [0x000000010fb4fa60, 0x000000010fb50028]
Event: 522.075 Thread 0x00007f88a200f000 10660       1       java.io.OutputStream::flush (1 bytes)
Event: 522.075 Thread 0x00007f88a200f000 nmethod 10660 0x00000001106e0d90 code [0x00000001106e0ee0, 0x00000001106e0ff0]
Event: 522.076 Thread 0x00007f88a200f000 10661       1       java.io.ByteArrayOutputStream::close (1 bytes)
Event: 522.076 Thread 0x00007f88a200f000 nmethod 10661 0x000000010ed21510 code [0x000000010ed21660, 0x000000010ed21770]
Event: 522.076 Thread 0x00007f88a200f000 10659       3       java.lang.String::copyValueOf (11 bytes)
Event: 522.077 Thread 0x00007f88a200f000 nmethod 10659 0x00000001103ab090 code [0x00000001103ab200, 0x00000001103ab3c8]
Event: 522.834 Thread 0x00007f88a200f000 10662       1       javax.swing.Popup::getComponent (5 bytes)
Event: 522.834 Thread 0x00007f88a200f000 nmethod 10662 0x000000010f28d690 code [0x000000010f28d7e0, 0x000000010f28d8f0]

GC Heap History (10 events):
Event: 486.058 GC heap before
{Heap before GC invocations=94 (full 2):
 PSYoungGen      total 31744K, used 30026K [0x0000000780000000, 0x0000000782200000, 0x00000007c0000000)
  eden space 28672K, 100% used [0x0000000780000000,0x0000000781c00000,0x0000000781c00000)
  from space 3072K, 44% used [0x0000000781c00000,0x0000000781d52960,0x0000000781f00000)
  to   space 3072K, 0% used [0x0000000781f00000,0x0000000781f00000,0x0000000782200000)
 ParOldGen       total 66560K, used 19795K [0x0000000700000000, 0x0000000704100000, 0x0000000780000000)
  object space 66560K, 29% used [0x0000000700000000,0x0000000701354cd0,0x0000000704100000)
 Metaspace       used 45858K, capacity 46308K, committed 46592K, reserved 1091584K
  class space    used 4699K, capacity 4837K, committed 4864K, reserved 1048576K
Event: 486.062 GC heap after
Heap after GC invocations=94 (full 2):
 PSYoungGen      total 31744K, used 1248K [0x0000000780000000, 0x0000000782200000, 0x00000007c0000000)
  eden space 28672K, 0% used [0x0000000780000000,0x0000000780000000,0x0000000781c00000)
  from space 3072K, 40% used [0x0000000781f00000,0x0000000782038000,0x0000000782200000)
  to   space 3072K, 0% used [0x0000000781c00000,0x0000000781c00000,0x0000000781f00000)
 ParOldGen       total 66560K, used 20612K [0x0000000700000000, 0x0000000704100000, 0x0000000780000000)
  object space 66560K, 30% used [0x0000000700000000,0x00000007014213f8,0x0000000704100000)
 Metaspace       used 45858K, capacity 46308K, committed 46592K, reserved 1091584K
  class space    used 4699K, capacity 4837K, committed 4864K, reserved 1048576K
}
Event: 492.345 GC heap before
{Heap before GC invocations=95 (full 2):
 PSYoungGen      total 31744K, used 29920K [0x0000000780000000, 0x0000000782200000, 0x00000007c0000000)
  eden space 28672K, 100% used [0x0000000780000000,0x0000000781c00000,0x0000000781c00000)
  from space 3072K, 40% used [0x0000000781f00000,0x0000000782038000,0x0000000782200000)
  to   space 3072K, 0% used [0x0000000781c00000,0x0000000781c00000,0x0000000781f00000)
 ParOldGen       total 66560K, used 20612K [0x0000000700000000, 0x0000000704100000, 0x0000000780000000)
  object space 66560K, 30% used [0x0000000700000000,0x00000007014213f8,0x0000000704100000)
 Metaspace       used 45992K, capacity 46436K, committed 46592K, reserved 1091584K
  class space    used 4700K, capacity 4837K, committed 4864K, reserved 1048576K
Event: 492.347 GC heap after
Heap after GC invocations=95 (full 2):
 PSYoungGen      total 31744K, used 320K [0x0000000780000000, 0x0000000782200000, 0x00000007c0000000)
  eden space 28672K, 0% used [0x0000000780000000,0x0000000780000000,0x0000000781c00000)
  from space 3072K, 10% used [0x0000000781c00000,0x0000000781c50000,0x0000000781f00000)
  to   space 3072K, 0% used [0x0000000781f00000,0x0000000781f00000,0x0000000782200000)
 ParOldGen       total 66560K, used 20900K [0x0000000700000000, 0x0000000704100000, 0x0000000780000000)
  object space 66560K, 31% used [0x0000000700000000,0x00000007014693f8,0x0000000704100000)
 Metaspace       used 45992K, capacity 46436K, committed 46592K, reserved 1091584K
  class space    used 4700K, capacity 4837K, committed 4864K, reserved 1048576K
}
Event: 507.373 GC heap before
{Heap before GC invocations=96 (full 2):
 PSYoungGen      total 31744K, used 28992K [0x0000000780000000, 0x0000000782200000, 0x00000007c0000000)
  eden space 28672K, 100% used [0x0000000780000000,0x0000000781c00000,0x0000000781c00000)
  from space 3072K, 10% used [0x0000000781c00000,0x0000000781c50000,0x0000000781f00000)
  to   space 3072K, 0% used [0x0000000781f00000,0x0000000781f00000,0x0000000782200000)
 ParOldGen       total 66560K, used 20900K [0x0000000700000000, 0x0000000704100000, 0x0000000780000000)
  object space 66560K, 31% used [0x0000000700000000,0x00000007014693f8,0x0000000704100000)
 Metaspace       used 46060K, capacity 46500K, committed 46592K, reserved 1091584K
  class space    used 4703K, capacity 4837K, committed 4864K, reserved 1048576K
Event: 507.376 GC heap after
Heap after GC invocations=96 (full 2):
 PSYoungGen      total 31744K, used 1304K [0x0000000780000000, 0x0000000782200000, 0x00000007c0000000)
  eden space 28672K, 0% used [0x0000000780000000,0x0000000780000000,0x0000000781c00000)
  from space 3072K, 42% used [0x0000000781f00000,0x0000000782046000,0x0000000782200000)
  to   space 3072K, 0% used [0x0000000781c00000,0x0000000781c00000,0x0000000781f00000)
 ParOldGen       total 66560K, used 20908K [0x0000000700000000, 0x0000000704100000, 0x0000000780000000)
  object space 66560K, 31% used [0x0000000700000000,0x000000070146b3f8,0x0000000704100000)
 Metaspace       used 46060K, capacity 46500K, committed 46592K, reserved 1091584K
  class space    used 4703K, capacity 4837K, committed 4864K, reserved 1048576K
}
Event: 517.505 GC heap before
{Heap before GC invocations=97 (full 2):
 PSYoungGen      total 31744K, used 29976K [0x0000000780000000, 0x0000000782200000, 0x00000007c0000000)
  eden space 28672K, 100% used [0x0000000780000000,0x0000000781c00000,0x0000000781c00000)
  from space 3072K, 42% used [0x0000000781f00000,0x0000000782046000,0x0000000782200000)
  to   space 3072K, 0% used [0x0000000781c00000,0x0000000781c00000,0x0000000781f00000)
 ParOldGen       total 66560K, used 20908K [0x0000000700000000, 0x0000000704100000, 0x0000000780000000)
  object space 66560K, 31% used [0x0000000700000000,0x000000070146b3f8,0x0000000704100000)
 Metaspace       used 46179K, capacity 46582K, committed 46848K, reserved 1091584K
  class space    used 4704K, capacity 4839K, committed 4864K, reserved 1048576K
Event: 517.507 GC heap after
Heap after GC invocations=97 (full 2):
 PSYoungGen      total 31744K, used 688K [0x0000000780000000, 0x0000000782200000, 0x00000007c0000000)
  eden space 28672K, 0% used [0x0000000780000000,0x0000000780000000,0x0000000781c00000)
  from space 3072K, 22% used [0x0000000781c00000,0x0000000781cac010,0x0000000781f00000)
  to   space 3072K, 0% used [0x0000000781f00000,0x0000000781f00000,0x0000000782200000)
 ParOldGen       total 66560K, used 20908K [0x0000000700000000, 0x0000000704100000, 0x0000000780000000)
  object space 66560K, 31% used [0x0000000700000000,0x000000070146b3f8,0x0000000704100000)
 Metaspace       used 46179K, capacity 46582K, committed 46848K, reserved 1091584K
  class space    used 4704K, capacity 4839K, committed 4864K, reserved 1048576K
}
Event: 519.418 GC heap before
{Heap before GC invocations=98 (full 2):
 PSYoungGen      total 31744K, used 29360K [0x0000000780000000, 0x0000000782200000, 0x00000007c0000000)
  eden space 28672K, 100% used [0x0000000780000000,0x0000000781c00000,0x0000000781c00000)
  from space 3072K, 22% used [0x0000000781c00000,0x0000000781cac010,0x0000000781f00000)
  to   space 3072K, 0% used [0x0000000781f00000,0x0000000781f00000,0x0000000782200000)
 ParOldGen       total 66560K, used 20908K [0x0000000700000000, 0x0000000704100000, 0x0000000780000000)
  object space 66560K, 31% used [0x0000000700000000,0x000000070146b3f8,0x0000000704100000)
 Metaspace       used 46183K, capacity 46582K, committed 46848K, reserved 1091584K
  class space    used 4704K, capacity 4839K, committed 4864K, reserved 1048576K
Event: 519.420 GC heap after
Heap after GC invocations=98 (full 2):
 PSYoungGen      total 30720K, used 624K [0x0000000780000000, 0x0000000782100000, 0x00000007c0000000)
  eden space 28672K, 0% used [0x0000000780000000,0x0000000780000000,0x0000000781c00000)
  from space 2048K, 30% used [0x0000000781f00000,0x0000000781f9c010,0x0000000782100000)
  to   space 2560K, 0% used [0x0000000781c00000,0x0000000781c00000,0x0000000781e80000)
 ParOldGen       total 66560K, used 20908K [0x0000000700000000, 0x0000000704100000, 0x0000000780000000)
  object space 66560K, 31% used [0x0000000700000000,0x000000070146b3f8,0x0000000704100000)
 Metaspace       used 46183K, capacity 46582K, committed 46848K, reserved 1091584K
  class space    used 4704K, capacity 4839K, committed 4864K, reserved 1048576K
}

Deoptimization events (10 events):
Event: 495.116 Thread 0x00007f88a22b8800 Uncommon trap: reason=speculate_class_check action=maybe_recompile pc=0x000000010f77c504 method=java.awt.Color.getAlpha()I @ 1
Event: 495.121 Thread 0x00007f88a22b8800 Uncommon trap: reason=bimorphic action=maybe_recompile pc=0x000000011045e794 method=java.awt.Container.validate()V @ 54
Event: 495.121 Thread 0x00007f88a22b8800 Uncommon trap: reason=speculate_class_check action=maybe_recompile pc=0x000000010f49cffc method=java.util.AbstractList.listIterator()Ljava/util/ListIterator; @ 2
Event: 495.122 Thread 0x00007f88a22b8800 Uncommon trap: reason=speculate_class_check action=maybe_recompile pc=0x000000010f49cffc method=java.util.AbstractList.listIterator()Ljava/util/ListIterator; @ 2
Event: 495.122 Thread 0x00007f88a0a21000 Uncommon trap: reason=bimorphic action=maybe_recompile pc=0x000000011045e794 method=java.awt.Container.validate()V @ 54
Event: 495.122 Thread 0x00007f88a0a21000 Uncommon trap: reason=class_check action=maybe_recompile pc=0x000000010eeba31c method=java.awt.Component.updateCursorImmediately()V @ 49
Event: 495.879 Thread 0x00007f88a0a21000 Uncommon trap: reason=unstable_if action=reinterpret pc=0x000000010fa1be7c method=javax.swing.plaf.basic.BasicHTML.isHTMLString(Ljava/lang/String;)Z @ 1
Event: 502.589 Thread 0x00007f8891e2d800 Uncommon trap: reason=class_check action=maybe_recompile pc=0x000000010eeba31c method=java.awt.Component.updateCursorImmediately()V @ 49
Event: 502.594 Thread 0x00007f88a0a21000 Uncommon trap: reason=unstable_if action=reinterpret pc=0x000000010f28d770 method=java.awt.event.InvocationEvent.dispatch()V @ 4
Event: 522.092 Thread 0x00007f8891d91000 Uncommon trap: reason=speculate_class_check action=maybe_recompile pc=0x000000010f77c504 method=java.awt.Color.getAlpha()I @ 1

Internal exceptions (10 events):
Event: 451.895 Thread 0x00007f8893a63800 Implicit null exception at 0x000000011048f5b4 to 0x000000011048f951
Event: 451.896 Thread 0x00007f8893a63800 Implicit null exception at 0x0000000110419d80 to 0x0000000110419f05
Event: 454.676 Thread 0x00007f88a0a21000 Implicit null exception at 0x0000000110038665 to 0x0000000110041285
Event: 455.017 Thread 0x00007f88a0a21000 Implicit null exception at 0x000000010fc92fd5 to 0x000000010fc93679
Event: 486.003 Thread 0x00007f88a0a21000 Exception <a 'java/lang/ClassNotFoundException': app/model/Ovca$$EntityBean$ovceDBBeanInfo> (0x00000007819b7e40) thrown at [/Users/java_re/workspace/8-2-build-macosx-x86_64/jdk8u45/3457/hotspot/src/share/vm/classfile/systemDictionary.cpp, line 210]
Event: 486.003 Thread 0x00007f88a0a21000 Exception <a 'java/lang/ClassNotFoundException': app/model/OvcaBeanInfo> (0x00000007819bf9a0) thrown at [/Users/java_re/workspace/8-2-build-macosx-x86_64/jdk8u45/3457/hotspot/src/share/vm/classfile/systemDictionary.cpp, line 210]
Event: 486.003 Thread 0x00007f88a0a21000 Exception <a 'java/lang/ClassNotFoundException': app/model/OvcaCustomizer> (0x00000007819c7aa8) thrown at [/Users/java_re/workspace/8-2-build-macosx-x86_64/jdk8u45/3457/hotspot/src/share/vm/classfile/systemDictionary.cpp, line 210]
Event: 486.007 Thread 0x00007f88a0a21000 Exception <a 'java/lang/ClassNotFoundException': app/model/Ovca$$EntityBean$ovceDBCustomizer> (0x0000000781a258d8) thrown at [/Users/java_re/workspace/8-2-build-macosx-x86_64/jdk8u45/3457/hotspot/src/share/vm/classfile/systemDictionary.cpp, line 210]
Event: 486.014 Thread 0x00007f88a0a21000 Implicit null exception at 0x00000001104217c4 to 0x00000001104231f9
Event: 495.879 Thread 0x00007f88a0a21000 Implicit null exception at 0x000000010fa1bdef to 0x000000010fa1be6d

Events (10 events):
Event: 522.092 Thread 0x00007f8891d91000 Uncommon trap: trap_request=0xffffff76 fr.pc=0x000000010f77c504
Event: 522.092 Thread 0x00007f8891d91000 DEOPT PACKING pc=0x000000010f77c504 sp=0x0000000134dd20b0
Event: 522.092 Thread 0x00007f8891d91000 DEOPT UNPACKING pc=0x000000010ea71229 sp=0x0000000134dd2018 mode 2
Event: 522.093 Executing VM operation: RevokeBias
Event: 522.093 Executing VM operation: RevokeBias done
Event: 522.097 Executing VM operation: RevokeBias
Event: 522.097 Executing VM operation: RevokeBias done
Event: 522.098 Thread 0x00007f8893bca800 Thread added: 0x00007f8893bca800
Event: 522.100 Executing VM operation: RevokeBias
Event: 522.100 Executing VM operation: RevokeBias done


Dynamic libraries:
0x0000000007061000 	/System/Library/Frameworks/Cocoa.framework/Versions/A/Cocoa
0x0000000007061000 	/System/Library/Frameworks/Security.framework/Versions/A/Security
0x0000000007061000 	/System/Library/Frameworks/ApplicationServices.framework/Versions/A/ApplicationServices
0x0000000007061000 	/usr/lib/libz.1.dylib
0x0000000007061000 	/usr/lib/libSystem.B.dylib
0x0000000007061000 	/usr/lib/libobjc.A.dylib
0x0000000007061000 	/System/Library/Frameworks/CoreFoundation.framework/Versions/A/CoreFoundation
0x0000000007061000 	/System/Library/Frameworks/Foundation.framework/Versions/C/Foundation
0x0000000007061000 	/System/Library/Frameworks/AppKit.framework/Versions/C/AppKit
0x0000000007061000 	/System/Library/Frameworks/CoreData.framework/Versions/A/CoreData
0x0000000007061000 	/System/Library/PrivateFrameworks/RemoteViewServices.framework/Versions/A/RemoteViewServices
0x0000000007061000 	/System/Library/PrivateFrameworks/UIFoundation.framework/Versions/A/UIFoundation
0x0000000007061000 	/System/Library/Frameworks/IOSurface.framework/Versions/A/IOSurface
0x0000000007061000 	/System/Library/Frameworks/AudioToolbox.framework/Versions/A/AudioToolbox
0x0000000007061000 	/System/Library/Frameworks/AudioUnit.framework/Versions/A/AudioUnit
0x0000000007061000 	/System/Library/PrivateFrameworks/DataDetectorsCore.framework/Versions/A/DataDetectorsCore
0x0000000007061000 	/System/Library/PrivateFrameworks/DesktopServicesPriv.framework/Versions/A/DesktopServicesPriv
0x0000000007061000 	/System/Library/Frameworks/Carbon.framework/Versions/A/Frameworks/HIToolbox.framework/Versions/A/HIToolbox
0x0000000007061000 	/System/Library/Frameworks/QuartzCore.framework/Versions/A/QuartzCore
0x0000000007061000 	/System/Library/Frameworks/Carbon.framework/Versions/A/Frameworks/SpeechRecognition.framework/Versions/A/SpeechRecognition
0x0000000007061000 	/usr/lib/libauto.dylib
0x0000000007061000 	/usr/lib/libicucore.A.dylib
0x0000000007061000 	/usr/lib/libxml2.2.dylib
0x0000000007061000 	/System/Library/PrivateFrameworks/CoreUI.framework/Versions/A/CoreUI
0x0000000007061000 	/System/Library/Frameworks/CoreAudio.framework/Versions/A/CoreAudio
0x0000000007061000 	/System/Library/Frameworks/DiskArbitration.framework/Versions/A/DiskArbitration
0x0000000007061000 	/usr/lib/liblangid.dylib
0x0000000007061000 	/System/Library/PrivateFrameworks/MultitouchSupport.framework/Versions/A/MultitouchSupport
0x0000000007061000 	/System/Library/Frameworks/IOKit.framework/Versions/A/IOKit
0x0000000007061000 	/usr/lib/libDiagnosticMessagesClient.dylib
0x0000000007061000 	/System/Library/Frameworks/CoreServices.framework/Versions/A/CoreServices
0x0000000007061000 	/System/Library/PrivateFrameworks/PerformanceAnalysis.framework/Versions/A/PerformanceAnalysis
0x0000000007061000 	/System/Library/PrivateFrameworks/GenerationalStorage.framework/Versions/A/GenerationalStorage
0x0000000007061000 	/System/Library/Frameworks/OpenGL.framework/Versions/A/OpenGL
0x0000000007061000 	/System/Library/PrivateFrameworks/Sharing.framework/Versions/A/Sharing
0x0000000007061000 	/System/Library/Frameworks/CoreGraphics.framework/Versions/A/CoreGraphics
0x0000000007061000 	/System/Library/Frameworks/CoreText.framework/Versions/A/CoreText
0x0000000007061000 	/System/Library/Frameworks/ImageIO.framework/Versions/A/ImageIO
0x0000000007061000 	/usr/lib/libextension.dylib
0x0000000007061000 	/System/Library/PrivateFrameworks/Backup.framework/Versions/A/Backup
0x0000000007061000 	/usr/lib/libarchive.2.dylib
0x0000000007061000 	/System/Library/Frameworks/CFNetwork.framework/Versions/A/CFNetwork
0x0000000007061000 	/System/Library/Frameworks/SystemConfiguration.framework/Versions/A/SystemConfiguration
0x0000000007061000 	/usr/lib/libCRFSuite.dylib
0x0000000007061000 	/usr/lib/libc++.1.dylib
0x0000000007061000 	/usr/lib/libc++abi.dylib
0x0000000007061000 	/usr/lib/system/libcache.dylib
0x0000000007061000 	/usr/lib/system/libcommonCrypto.dylib
0x0000000007061000 	/usr/lib/system/libcompiler_rt.dylib
0x0000000007061000 	/usr/lib/system/libcopyfile.dylib
0x0000000007061000 	/usr/lib/system/libcorecrypto.dylib
0x0000000007061000 	/usr/lib/system/libdispatch.dylib
0x0000000007061000 	/usr/lib/system/libdyld.dylib
0x0000000007061000 	/usr/lib/system/libkeymgr.dylib
0x0000000007061000 	/usr/lib/system/liblaunch.dylib
0x0000000007061000 	/usr/lib/system/libmacho.dylib
0x0000000007061000 	/usr/lib/system/libquarantine.dylib
0x0000000007061000 	/usr/lib/system/libremovefile.dylib
0x0000000007061000 	/usr/lib/system/libsystem_asl.dylib
0x0000000007061000 	/usr/lib/system/libsystem_blocks.dylib
0x0000000007061000 	/usr/lib/system/libsystem_c.dylib
0x0000000007061000 	/usr/lib/system/libsystem_configuration.dylib
0x0000000007061000 	/usr/lib/system/libsystem_coreservices.dylib
0x0000000007061000 	/usr/lib/system/libsystem_coretls.dylib
0x0000000007061000 	/usr/lib/system/libsystem_dnssd.dylib
0x0000000007061000 	/usr/lib/system/libsystem_info.dylib
0x0000000007061000 	/usr/lib/system/libsystem_kernel.dylib
0x0000000007061000 	/usr/lib/system/libsystem_m.dylib
0x0000000007061000 	/usr/lib/system/libsystem_malloc.dylib
0x0000000007061000 	/usr/lib/system/libsystem_network.dylib
0x0000000007061000 	/usr/lib/system/libsystem_networkextension.dylib
0x0000000007061000 	/usr/lib/system/libsystem_notify.dylib
0x0000000007061000 	/usr/lib/system/libsystem_platform.dylib
0x0000000007061000 	/usr/lib/system/libsystem_pthread.dylib
0x0000000007061000 	/usr/lib/system/libsystem_sandbox.dylib
0x0000000007061000 	/usr/lib/system/libsystem_secinit.dylib
0x0000000007061000 	/usr/lib/system/libsystem_stats.dylib
0x0000000007061000 	/usr/lib/system/libsystem_trace.dylib
0x0000000007061000 	/usr/lib/system/libunc.dylib
0x0000000007061000 	/usr/lib/system/libunwind.dylib
0x0000000007061000 	/usr/lib/system/libxpc.dylib
0x0000000007061000 	/usr/lib/libbz2.1.0.dylib
0x0000000007061000 	/usr/lib/liblzma.5.dylib
0x0000000007061000 	/usr/lib/libbsm.0.dylib
0x0000000007061000 	/usr/lib/libsqlite3.dylib
0x0000000007061000 	/usr/lib/system/libkxld.dylib
0x0000000007061000 	/usr/lib/libxar.1.dylib
0x0000000007061000 	/usr/lib/libpam.2.dylib
0x0000000007061000 	/usr/lib/libOpenScriptingUtil.dylib
0x0000000007061000 	/System/Library/Frameworks/CoreServices.framework/Versions/A/Frameworks/FSEvents.framework/Versions/A/FSEvents
0x0000000007061000 	/System/Library/Frameworks/CoreServices.framework/Versions/A/Frameworks/CarbonCore.framework/Versions/A/CarbonCore
0x0000000007061000 	/System/Library/Frameworks/CoreServices.framework/Versions/A/Frameworks/Metadata.framework/Versions/A/Metadata
0x0000000007061000 	/System/Library/Frameworks/CoreServices.framework/Versions/A/Frameworks/OSServices.framework/Versions/A/OSServices
0x0000000007061000 	/System/Library/Frameworks/CoreServices.framework/Versions/A/Frameworks/SearchKit.framework/Versions/A/SearchKit
0x0000000007061000 	/System/Library/Frameworks/CoreServices.framework/Versions/A/Frameworks/AE.framework/Versions/A/AE
0x0000000007061000 	/System/Library/Frameworks/CoreServices.framework/Versions/A/Frameworks/LaunchServices.framework/Versions/A/LaunchServices
0x0000000007061000 	/System/Library/Frameworks/CoreServices.framework/Versions/A/Frameworks/DictionaryServices.framework/Versions/A/DictionaryServices
0x0000000007061000 	/System/Library/Frameworks/NetFS.framework/Versions/A/NetFS
0x0000000007061000 	/System/Library/PrivateFrameworks/NetAuth.framework/Versions/A/NetAuth
0x0000000007061000 	/System/Library/PrivateFrameworks/login.framework/Versions/A/Frameworks/loginsupport.framework/Versions/A/loginsupport
0x0000000007061000 	/System/Library/PrivateFrameworks/TCC.framework/Versions/A/TCC
0x0000000007061000 	/usr/lib/libmecabra.dylib
0x0000000007061000 	/System/Library/Frameworks/ApplicationServices.framework/Versions/A/Frameworks/ATS.framework/Versions/A/ATS
0x0000000007061000 	/System/Library/Frameworks/ApplicationServices.framework/Versions/A/Frameworks/ColorSync.framework/Versions/A/ColorSync
0x0000000007061000 	/System/Library/Frameworks/ApplicationServices.framework/Versions/A/Frameworks/HIServices.framework/Versions/A/HIServices
0x0000000007061000 	/System/Library/Frameworks/ApplicationServices.framework/Versions/A/Frameworks/LangAnalysis.framework/Versions/A/LangAnalysis
0x0000000007061000 	/System/Library/Frameworks/ApplicationServices.framework/Versions/A/Frameworks/PrintCore.framework/Versions/A/PrintCore
0x0000000007061000 	/System/Library/Frameworks/ApplicationServices.framework/Versions/A/Frameworks/QD.framework/Versions/A/QD
0x0000000007061000 	/System/Library/Frameworks/ApplicationServices.framework/Versions/A/Frameworks/SpeechSynthesis.framework/Versions/A/SpeechSynthesis
0x0000000007061000 	/System/Library/Frameworks/Accelerate.framework/Versions/A/Accelerate
0x0000000007061000 	/System/Library/Frameworks/Accelerate.framework/Versions/A/Frameworks/vImage.framework/Versions/A/vImage
0x0000000007061000 	/System/Library/Frameworks/Accelerate.framework/Versions/A/Frameworks/vecLib.framework/Versions/A/vecLib
0x0000000007061000 	/System/Library/Frameworks/Accelerate.framework/Versions/A/Frameworks/vecLib.framework/Versions/A/libvDSP.dylib
0x0000000007061000 	/System/Library/Frameworks/Accelerate.framework/Versions/A/Frameworks/vecLib.framework/Versions/A/libvMisc.dylib
0x0000000007061000 	/System/Library/Frameworks/Accelerate.framework/Versions/A/Frameworks/vecLib.framework/Versions/A/libLAPACK.dylib
0x0000000007061000 	/System/Library/Frameworks/Accelerate.framework/Versions/A/Frameworks/vecLib.framework/Versions/A/libBLAS.dylib
0x0000000007061000 	/System/Library/Frameworks/Accelerate.framework/Versions/A/Frameworks/vecLib.framework/Versions/A/libLinearAlgebra.dylib
0x0000000007061000 	/System/Library/Frameworks/ApplicationServices.framework/Versions/A/Frameworks/ATS.framework/Versions/A/Resources/libFontParser.dylib
0x0000000007061000 	/System/Library/Frameworks/ApplicationServices.framework/Versions/A/Frameworks/ATS.framework/Versions/A/Resources/libFontRegistry.dylib
0x0000000007061000 	/System/Library/PrivateFrameworks/AppleVPA.framework/Versions/A/AppleVPA
0x0000000007061000 	/System/Library/PrivateFrameworks/AppleJPEG.framework/Versions/A/AppleJPEG
0x0000000007061000 	/System/Library/Frameworks/ImageIO.framework/Versions/A/Resources/libJPEG.dylib
0x0000000007061000 	/System/Library/Frameworks/ImageIO.framework/Versions/A/Resources/libTIFF.dylib
0x0000000007061000 	/System/Library/Frameworks/ImageIO.framework/Versions/A/Resources/libPng.dylib
0x0000000007061000 	/System/Library/Frameworks/ImageIO.framework/Versions/A/Resources/libGIF.dylib
0x0000000007061000 	/System/Library/Frameworks/ImageIO.framework/Versions/A/Resources/libJP2.dylib
0x0000000007061000 	/System/Library/Frameworks/ImageIO.framework/Versions/A/Resources/libRadiance.dylib
0x0000000007061000 	/System/Library/Frameworks/CoreVideo.framework/Versions/A/CoreVideo
0x0000000007061000 	/System/Library/Frameworks/OpenGL.framework/Versions/A/Libraries/libGLU.dylib
0x0000000007061000 	/System/Library/Frameworks/OpenGL.framework/Versions/A/Libraries/libGFXShared.dylib
0x0000000007061000 	/System/Library/Frameworks/OpenGL.framework/Versions/A/Libraries/libGL.dylib
0x0000000007061000 	/System/Library/Frameworks/OpenGL.framework/Versions/A/Libraries/libGLImage.dylib
0x0000000007061000 	/System/Library/Frameworks/OpenGL.framework/Versions/A/Libraries/libCVMSPluginSupport.dylib
0x0000000007061000 	/System/Library/Frameworks/OpenGL.framework/Versions/A/Libraries/libCoreVMClient.dylib
0x0000000007061000 	/usr/lib/libcups.2.dylib
0x0000000007061000 	/System/Library/Frameworks/Kerberos.framework/Versions/A/Kerberos
0x0000000007061000 	/System/Library/Frameworks/GSS.framework/Versions/A/GSS
0x0000000007061000 	/usr/lib/libresolv.9.dylib
0x0000000007061000 	/usr/lib/libiconv.2.dylib
0x0000000007061000 	/System/Library/PrivateFrameworks/Heimdal.framework/Versions/A/Heimdal
0x0000000007061000 	/usr/lib/libheimdal-asn1.dylib
0x0000000007061000 	/System/Library/Frameworks/OpenDirectory.framework/Versions/A/OpenDirectory
0x0000000007061000 	/System/Library/PrivateFrameworks/CommonAuth.framework/Versions/A/CommonAuth
0x0000000007061000 	/System/Library/Frameworks/OpenDirectory.framework/Versions/A/Frameworks/CFOpenDirectory.framework/Versions/A/CFOpenDirectory
0x0000000007061000 	/System/Library/Frameworks/SecurityFoundation.framework/Versions/A/SecurityFoundation
0x0000000007061000 	/System/Library/PrivateFrameworks/LanguageModeling.framework/Versions/A/LanguageModeling
0x0000000007061000 	/usr/lib/libcmph.dylib
0x0000000007061000 	/System/Library/Frameworks/ServiceManagement.framework/Versions/A/ServiceManagement
0x0000000007061000 	/usr/lib/libxslt.1.dylib
0x0000000007061000 	/System/Library/Frameworks/Carbon.framework/Versions/A/Frameworks/Ink.framework/Versions/A/Ink
0x0000000007061000 	/System/Library/Frameworks/QuartzCore.framework/Versions/A/Frameworks/CoreImage.framework/Versions/A/CoreImage
0x0000000007061000 	/System/Library/PrivateFrameworks/CrashReporterSupport.framework/Versions/A/CrashReporterSupport
0x0000000007061000 	/System/Library/Frameworks/OpenCL.framework/Versions/A/OpenCL
0x0000000007061000 	/System/Library/PrivateFrameworks/FaceCore.framework/Versions/A/FaceCore
0x0000000007061000 	/System/Library/PrivateFrameworks/Ubiquity.framework/Versions/A/Ubiquity
0x0000000007061000 	/System/Library/PrivateFrameworks/IconServices.framework/Versions/A/IconServices
0x0000000007061000 	/System/Library/PrivateFrameworks/ChunkingLibrary.framework/Versions/A/ChunkingLibrary
0x0000000007061000 	/System/Library/PrivateFrameworks/Apple80211.framework/Versions/A/Apple80211
0x0000000007061000 	/System/Library/Frameworks/CoreWLAN.framework/Versions/A/CoreWLAN
0x0000000007061000 	/System/Library/Frameworks/IOBluetooth.framework/Versions/A/IOBluetooth
0x0000000007061000 	/System/Library/PrivateFrameworks/CoreWiFi.framework/Versions/A/CoreWiFi
0x0000000007061000 	/System/Library/Frameworks/CoreBluetooth.framework/Versions/A/CoreBluetooth
0x0000000007061000 	/System/Library/PrivateFrameworks/DebugSymbols.framework/Versions/A/DebugSymbols
0x0000000007061000 	/System/Library/PrivateFrameworks/CoreSymbolication.framework/Versions/A/CoreSymbolication
0x0000000007061000 	/System/Library/PrivateFrameworks/Symbolication.framework/Versions/A/Symbolication
0x0000000007061000 	/System/Library/PrivateFrameworks/SpeechRecognitionCore.framework/Versions/A/SpeechRecognitionCore
0x000000010da00000 	/Library/Internet Plug-Ins/JavaAppletPlugin.plugin/Contents/Home/lib/server/libjvm.dylib
0x0000000007061000 	/usr/lib/libstdc++.6.dylib
0x000000010d169000 	/Library/Internet Plug-Ins/JavaAppletPlugin.plugin/Contents/Home/lib/libverify.dylib
0x000000010d177000 	/Library/Internet Plug-Ins/JavaAppletPlugin.plugin/Contents/Home/lib/libjava.dylib
0x000000010d1b6000 	/Library/Internet Plug-Ins/JavaAppletPlugin.plugin/Contents/Home/lib/libzip.dylib
0x0000000126fe8000 	/System/Library/Frameworks/JavaVM.framework/Frameworks/JavaRuntimeSupport.framework/JavaRuntimeSupport
0x0000000127000000 	/System/Library/Frameworks/JavaVM.framework/Versions/A/Frameworks/JavaNativeFoundation.framework/Versions/A/JavaNativeFoundation
0x0000000127015000 	/System/Library/Frameworks/JavaVM.framework/Versions/A/JavaVM
0x0000000007061000 	/System/Library/Frameworks/Carbon.framework/Versions/A/Carbon
0x0000000127022000 	/System/Library/PrivateFrameworks/JavaLaunching.framework/Versions/A/JavaLaunching
0x0000000007061000 	/System/Library/Frameworks/Carbon.framework/Versions/A/Frameworks/CommonPanels.framework/Versions/A/CommonPanels
0x0000000007061000 	/System/Library/Frameworks/Carbon.framework/Versions/A/Frameworks/Help.framework/Versions/A/Help
0x0000000007061000 	/System/Library/Frameworks/Carbon.framework/Versions/A/Frameworks/ImageCapture.framework/Versions/A/ImageCapture
0x0000000007061000 	/System/Library/Frameworks/Carbon.framework/Versions/A/Frameworks/OpenScripting.framework/Versions/A/OpenScripting
0x0000000007061000 	/System/Library/Frameworks/Carbon.framework/Versions/A/Frameworks/Print.framework/Versions/A/Print
0x0000000007061000 	/System/Library/Frameworks/Carbon.framework/Versions/A/Frameworks/SecurityHI.framework/Versions/A/SecurityHI
0x0000000128f5b000 	/Library/Internet Plug-Ins/JavaAppletPlugin.plugin/Contents/Home/lib/libawt.dylib
0x0000000129003000 	/Library/Internet Plug-Ins/JavaAppletPlugin.plugin/Contents/Home/lib/./libmlib_image.dylib
0x00000001290cf000 	/Library/Internet Plug-Ins/JavaAppletPlugin.plugin/Contents/Home/lib/libawt_lwawt.dylib
0x0000000129183000 	/Library/Internet Plug-Ins/JavaAppletPlugin.plugin/Contents/Home/lib/./libosxapp.dylib
0x0000000007061000 	/System/Library/Frameworks/ExceptionHandling.framework/Versions/A/ExceptionHandling
0x0000000007061000 	/System/Library/PrivateFrameworks/CoreServicesInternal.framework/Versions/A/CoreServicesInternal
0x0000000007061000 	/System/Library/PrivateFrameworks/CloudDocs.framework/Versions/A/CloudDocs
0x0000000007061000 	/System/Library/PrivateFrameworks/CoreDuet.framework/Versions/A/CoreDuet
0x0000000007061000 	/System/Library/Frameworks/CloudKit.framework/Versions/A/CloudKit
0x0000000007061000 	/System/Library/PrivateFrameworks/ProtocolBuffer.framework/Versions/A/ProtocolBuffer
0x0000000007061000 	/System/Library/PrivateFrameworks/CoreDuetDaemonProtocol.framework/Versions/A/CoreDuetDaemonProtocol
0x0000000007061000 	/System/Library/PrivateFrameworks/CoreDuetDebugLogging.framework/Versions/A/CoreDuetDebugLogging
0x0000000007061000 	/System/Library/PrivateFrameworks/MMCS.framework/Versions/A/MMCS
0x0000000007061000 	/System/Library/Frameworks/CoreLocation.framework/Versions/A/CoreLocation
0x0000000007061000 	/System/Library/PrivateFrameworks/ProtectedCloudStorage.framework/Versions/A/ProtectedCloudStorage
0x0000000007061000 	/System/Library/PrivateFrameworks/GeoServices.framework/Versions/A/GeoServices
0x0000000007061000 	/System/Library/Frameworks/CoreGraphics.framework/Versions/A/Resources/libCGCMS.A.dylib
0x0000000007061000 	/System/Library/Frameworks/CoreGraphics.framework/Versions/A/Resources/libRIP.A.dylib
0x0000000007061000 	/System/Library/Frameworks/CoreGraphics.framework/Versions/A/Resources/libCGXType.A.dylib
0x0000000007061000 	/System/Library/Frameworks/OpenCL.framework/Versions/A/Libraries/libcldcpuengine.dylib
0x0000000007061000 	/System/Library/PrivateFrameworks/DiskImages.framework/Versions/A/DiskImages
0x0000000007061000 	/System/Library/Frameworks/DiscRecording.framework/Versions/A/DiscRecording
0x0000000007061000 	/usr/lib/libcsfde.dylib
0x0000000007061000 	/usr/lib/libcurl.4.dylib
0x0000000007061000 	/System/Library/PrivateFrameworks/MediaKit.framework/Versions/A/MediaKit
0x0000000007061000 	/usr/lib/libCoreStorage.dylib
0x0000000007061000 	/System/Library/PrivateFrameworks/EFILogin.framework/Versions/A/EFILogin
0x0000000007061000 	/usr/lib/libutil.dylib
0x0000000007061000 	/System/Library/PrivateFrameworks/FindMyDevice.framework/Versions/A/FindMyDevice
0x0000000007061000 	/System/Library/Frameworks/LDAP.framework/Versions/A/LDAP
0x0000000007061000 	/usr/lib/libsasl2.2.dylib
0x0000000007061000 	/System/Library/PrivateFrameworks/CoreDaemon.framework/Versions/B/CoreDaemon
0x0000000007061000 	/usr/lib/libcrypto.0.9.8.dylib
0x0000000007061000 	/System/Library/PrivateFrameworks/AppleSRP.framework/Versions/A/AppleSRP
0x0000000007061000 	/System/Library/PrivateFrameworks/TrustEvaluationAgent.framework/Versions/A/TrustEvaluationAgent
0x000000012bf74000 	cl_kernels
0x000000012bf76000 	/System/Library/Frameworks/OpenCL.framework/Versions/A/Libraries/ImageFormats/unorm8_bgra.dylib
0x000000012bf65000 	cl_kernels
0x0000000007061000 	/System/Library/PrivateFrameworks/FamilyControls.framework/Versions/A/FamilyControls
0x0000000007061000 	/System/Library/PrivateFrameworks/CommerceKit.framework/Versions/A/Frameworks/CommerceCore.framework/Versions/A/CommerceCore
0x0000000007061000 	/System/Library/PrivateFrameworks/SystemAdministration.framework/Versions/A/SystemAdministration
0x0000000007061000 	/System/Library/PrivateFrameworks/AppContainer.framework/Versions/A/AppContainer
0x0000000007061000 	/System/Library/PrivateFrameworks/SecCodeWrapper.framework/Versions/A/SecCodeWrapper
0x0000000007061000 	/System/Library/Frameworks/DirectoryService.framework/Versions/A/DirectoryService
0x0000000007061000 	/System/Library/PrivateFrameworks/LoginUIKit.framework/Versions/A/Frameworks/LoginUICore.framework/Versions/A/LoginUICore
0x0000000007061000 	/usr/lib/libodfde.dylib
0x000000012d171000 	/Library/Internet Plug-Ins/JavaAppletPlugin.plugin/Contents/Home/lib/libfontmanager.dylib
0x000000012b499000 	/Library/Internet Plug-Ins/JavaAppletPlugin.plugin/Contents/Home/lib/libosxui.dylib
0x0000000007061000 	/System/Library/Frameworks/OpenGL.framework/Versions/A/Resources/GLEngine.bundle/GLEngine
0x0000000007061000 	/System/Library/Frameworks/OpenGL.framework/Versions/A/Libraries/libGLProgrammability.dylib
0x0000000000000000 	/System/Library/Extensions/AMDRadeonX3000GLDriver.bundle/Contents/MacOS/AMDRadeonX3000GLDriver
0x0000000007061000 	/System/Library/PrivateFrameworks/IOAccelerator.framework/Versions/A/IOAccelerator
0x0000000007061000 	/System/Library/PrivateFrameworks/GPUSupport.framework/Versions/A/Libraries/libGPUSupportMercury.dylib
0x0000000007061000 	/System/Library/Frameworks/OpenGL.framework/Versions/A/Resources/GLRendererFloat.bundle/GLRendererFloat
0x000000012ddc1000 	/Library/Internet Plug-Ins/JavaAppletPlugin.plugin/Contents/Home/lib/libnet.dylib
0x000000012de20000 	/Library/Internet Plug-Ins/JavaAppletPlugin.plugin/Contents/Home/lib/libnio.dylib
0x000000012e224000 	/Library/Internet Plug-Ins/JavaAppletPlugin.plugin/Contents/Home/lib/libdcpr.dylib
0x0000000007061000 	/System/Library/Frameworks/ApplicationServices.framework/Versions/A/Frameworks/ATS.framework/Versions/A/Resources/libTrueTypeScaler.dylib
0x0000000007061000 	/System/Library/PrivateFrameworks/PrintingPrivate.framework/Versions/A/PrintingPrivate
0x0000000007061000 	/System/Library/Frameworks/ImageCaptureCore.framework/Versions/A/ImageCaptureCore
0x0000000007061000 	/System/Library/Frameworks/SecurityInterface.framework/Versions/A/SecurityInterface
0x00000001331c0000 	/System/Library/PrivateFrameworks/PrintingPrivate.framework/Versions/Current/Plugins/PrintCocoaUI.bundle/Contents/MacOS/PrintCocoaUI
0x0000000007061000 	/System/Library/Frameworks/ScriptingBridge.framework/Versions/A/ScriptingBridge
0x0000000007061000 	/usr/lib/libffi.dylib
0x00000001340ae000 	/System/Library/PrivateFrameworks/PrintingPrivate.framework/Versions/A/Plugins/PrintingCocoaPDEs.bundle/Contents/MacOS/PrintingCocoaPDEs
0x0000000007061000 	/System/Library/Frameworks/AddressBook.framework/Versions/A/AddressBook
0x0000000007061000 	/System/Library/PrivateFrameworks/IntlPreferences.framework/Versions/A/IntlPreferences
0x0000000007061000 	/System/Library/PrivateFrameworks/ToneLibrary.framework/Versions/A/ToneLibrary
0x0000000007061000 	/System/Library/PrivateFrameworks/ToneKit.framework/Versions/A/ToneKit
0x0000000007061000 	/System/Library/PrivateFrameworks/vCard.framework/Versions/A/vCard
0x0000000007061000 	/System/Library/Frameworks/Quartz.framework/Versions/A/Frameworks/QuickLookUI.framework/Versions/A/QuickLookUI
0x0000000007061000 	/System/Library/PrivateFrameworks/ApplePushService.framework/Versions/A/ApplePushService
0x0000000007061000 	/System/Library/PrivateFrameworks/ContactsData.framework/Versions/A/ContactsData
0x0000000007061000 	/System/Library/PrivateFrameworks/ContactsFoundation.framework/Versions/A/ContactsFoundation
0x0000000007061000 	/System/Library/PrivateFrameworks/PhoneNumbers.framework/Versions/A/PhoneNumbers
0x0000000007061000 	/System/Library/Frameworks/Quartz.framework/Versions/A/Quartz
0x0000000007061000 	/System/Library/Frameworks/AVFoundation.framework/Versions/A/AVFoundation
0x0000000007061000 	/System/Library/Frameworks/AVFoundation.framework/Versions/A/Resources/libAVFAudio.dylib
0x0000000007061000 	/System/Library/Frameworks/CoreMedia.framework/Versions/A/CoreMedia
0x0000000007061000 	/System/Library/Frameworks/MediaToolbox.framework/Versions/A/MediaToolbox
0x0000000007061000 	/System/Library/Frameworks/VideoToolbox.framework/Versions/A/VideoToolbox
0x0000000007061000 	/System/Library/Frameworks/CoreMediaIO.framework/Versions/A/CoreMediaIO
0x0000000007061000 	/System/Library/PrivateFrameworks/MediaControlSender.framework/Versions/A/MediaControlSender
0x0000000007061000 	/System/Library/PrivateFrameworks/CoreAVCHD.framework/Versions/A/CoreAVCHD
0x0000000007061000 	/System/Library/Frameworks/MediaAccessibility.framework/Versions/A/MediaAccessibility
0x0000000007061000 	/System/Library/PrivateFrameworks/Mangrove.framework/Versions/A/Mangrove
0x0000000007061000 	/System/Library/PrivateFrameworks/CoreAUC.framework/Versions/A/CoreAUC
0x0000000007061000 	/System/Library/PrivateFrameworks/NetworkStatistics.framework/Versions/A/NetworkStatistics
0x0000000007061000 	/System/Library/PrivateFrameworks/AirPlaySupport.framework/Versions/A/AirPlaySupport
0x0000000007061000 	/System/Library/PrivateFrameworks/CoreUtils.framework/Versions/A/CoreUtils
0x0000000007061000 	/System/Library/PrivateFrameworks/AppleVA.framework/Versions/A/AppleVA
0x0000000007061000 	/System/Library/PrivateFrameworks/XPCService.framework/Versions/A/XPCService
0x0000000007061000 	/System/Library/PrivateFrameworks/AppSandbox.framework/Versions/A/AppSandbox
0x0000000007061000 	/usr/lib/libsandbox.1.dylib
0x0000000007061000 	/usr/lib/libMatch.1.dylib
0x0000000007061000 	/System/Library/PrivateFrameworks/SafariServices.framework/Versions/A/SafariServices
0x0000000007061000 	/usr/lib/libspindump.dylib
0x0000000007061000 	/System/Library/Frameworks/QTKit.framework/Versions/A/QTKit
0x0000000007061000 	/System/Library/Frameworks/QuickLook.framework/Versions/A/QuickLook
0x0000000007061000 	/System/Library/PrivateFrameworks/CoreMediaAuthoring.framework/Versions/A/CoreMediaAuthoring
0x0000000007061000 	/System/Library/Frameworks/Quartz.framework/Versions/A/Frameworks/QuartzComposer.framework/Versions/A/QuartzComposer
0x0000000007061000 	/System/Library/Frameworks/Quartz.framework/Versions/A/Frameworks/PDFKit.framework/Versions/A/PDFKit
0x0000000007061000 	/System/Library/Frameworks/Quartz.framework/Versions/A/Frameworks/QuartzFilters.framework/Versions/A/QuartzFilters
0x0000000007061000 	/System/Library/Frameworks/Quartz.framework/Versions/A/Frameworks/ImageKit.framework/Versions/A/ImageKit
0x0000000007061000 	/System/Library/Frameworks/JavaScriptCore.framework/Versions/A/JavaScriptCore
0x0000000007061000 	/System/Library/PrivateFrameworks/AppleSystemInfo.framework/Versions/A/AppleSystemInfo
0x0000000007061000 	/System/Library/PrivateFrameworks/CorePDF.framework/Versions/A/CorePDF
0x0000000007061000 	/System/Library/PrivateFrameworks/DisplayServices.framework/Versions/A/DisplayServices
0x0000000007061000 	/System/Library/CoreServices/RawCamera.bundle/Contents/MacOS/RawCamera
0x0000000007061000 	/System/Library/Frameworks/CoreGraphics.framework/Versions/A/Resources/libCGXCoreImage.A.dylib
0x000000012e5f9000 	cl_kernels
0x0000000136e82000 	/System/Library/Frameworks/OpenCL.framework/Versions/A/Libraries/ImageFormats/unorm8_rgba.dylib
0x000000012e61a000 	cl_kernels
0x000000012e72c000 	cl_kernels
0x0000000007061000 	/System/Library/Frameworks/Accelerate.framework/Versions/A/Frameworks/vImage.framework/Versions/A/Libraries/libCGInterfaces.dylib
0x0000000133186000 	/System/Library/Frameworks/CoreGraphics.framework/Versions/A/Resources/libPDFRIP.A.dylib
0x000000007425b000 	/System/Library/CoreServices/Encodings/libCyrillicConverter.dylib

VM Arguments:
java_command: /Users/ivan/Documents/Ovcar/Gajenje_Ovaca/target/Gajenje_Ovaca-1.0-SNAPSHOT.jar
java_class_path (initial): /Users/ivan/Documents/Ovcar/Gajenje_Ovaca/target/Gajenje_Ovaca-1.0-SNAPSHOT.jar
Launcher Type: SUN_STANDARD

Environment Variables:
PATH=/usr/bin:/bin:/usr/sbin:/sbin
SHELL=/bin/bash
DISPLAY=/private/tmp/com.apple.launchd.pFMtL8BbCQ/org.macosforge.xquartz:0

Signal Handlers:
SIGSEGV: [libjvm.dylib+0x58ef95], sa_mask[0]=11111111011111110111111111111111, sa_flags=SA_ONSTACK|SA_RESTART|SA_SIGINFO
SIGBUS: [libjvm.dylib+0x58ef95], sa_mask[0]=11111111011111110111111111111111, sa_flags=SA_RESTART|SA_SIGINFO
SIGFPE: [libjvm.dylib+0x46c108], sa_mask[0]=11111111011111110111111111111111, sa_flags=SA_RESTART|SA_SIGINFO
SIGPIPE: [libjvm.dylib+0x46c108], sa_mask[0]=11111111011111110111111111111111, sa_flags=SA_RESTART|SA_SIGINFO
SIGXFSZ: [libjvm.dylib+0x46c108], sa_mask[0]=11111111011111110111111111111111, sa_flags=SA_RESTART|SA_SIGINFO
SIGILL: [libjvm.dylib+0x46c108], sa_mask[0]=11111111011111110111111111111111, sa_flags=SA_RESTART|SA_SIGINFO
SIGUSR1: SIG_DFL, sa_mask[0]=00000000000000000000000000000000, sa_flags=none
SIGUSR2: [libjvm.dylib+0x46bc26], sa_mask[0]=00000000000000000000000000000000, sa_flags=SA_RESTART|SA_SIGINFO
SIGHUP: [libjvm.dylib+0x46a1f9], sa_mask[0]=11111111011111110111111111111111, sa_flags=SA_RESTART|SA_SIGINFO
SIGINT: [libjvm.dylib+0x46a1f9], sa_mask[0]=11111111011111110111111111111111, sa_flags=SA_RESTART|SA_SIGINFO
SIGTERM: [libjvm.dylib+0x46a1f9], sa_mask[0]=11111111011111110111111111111111, sa_flags=SA_RESTART|SA_SIGINFO
SIGQUIT: [libjvm.dylib+0x46a1f9], sa_mask[0]=11111111011111110111111111111111, sa_flags=SA_RESTART|SA_SIGINFO


---------------  S Y S T E M  ---------------

OS:Bsduname:Darwin 14.3.0 Darwin Kernel Version 14.3.0: Mon Mar 23 11:59:05 PDT 2015; root:xnu-2782.20.48~5/RELEASE_X86_64 x86_64
rlimit: STACK 8192k, CORE 0k, NPROC 709, NOFILE 10240, AS infinity
load average:1.50 1.31 1.20

CPU:total 4 (4 cores per cpu, 1 threads per core) family 6 model 42 stepping 7, cmov, cx8, fxsr, mmx, sse, sse2, sse3, ssse3, sse4.1, sse4.2, popcnt, avx, aes, clmul, tsc, tscinvbit

Memory: 4k page, physical 12582912k(1378488k free)

/proc/meminfo:


vm_info: Java HotSpot(TM) 64-Bit Server VM (25.45-b02) for bsd-amd64 JRE (1.8.0_45-b14), built on Apr 10 2015 10:46:38 by "java_re" with gcc 4.2.1 (Based on Apple Inc. build 5658) (LLVM build 2336.11.00)

time: Tue Aug  4 15:25:47 2015
elapsed time: 524 seconds (0d 0h 8m 44s)

